<?xml version="1.0" encoding="UTF-8"?>
<robot generator="Robot 6.1.1 (Python 3.11.3 on win32)" generated="20240830 17:47:33.111" rpa="false" schemaversion="4">
<suite id="s1" name="Test" source="D:\kekeprogramtest\test.robot">
<test id="s1-t1" name="Test Newregister 1st fbb &gt; Migrate3bb" line="280">
<kw name="CALL Newregister 1st fbb">
<kw name="GENERATE REQUEST ALL VALUE">
<kw name="Random Name">
<kw name="Get File" library="OperatingSystem">
<var>${jsonName}</var>
<arg>dataJson/allName.json</arg>
<doc>Returns the contents of a specified file.</doc>
<msg timestamp="20240830 17:47:34.563" level="INFO" html="true">Getting file '&lt;a href="file://D:\kekeprogramtest\dataJson\allName.json"&gt;D:\kekeprogramtest\dataJson\allName.json&lt;/a&gt;'.</msg>
<msg timestamp="20240830 17:47:34.570" level="INFO">${jsonName} = {
    "lastname": [
      {
        "th": "กระจ่างจิต",
        "en": "Krajangjit"
      },
      {
        "th": "กระจ่างวงศ์",
        "en": "Krajangwong"
      },
      {
        "th": "กฤษฎ์พงษ์",...</msg>
<status status="PASS" starttime="20240830 17:47:34.563" endtime="20240830 17:47:34.570"/>
</kw>
<kw name="Evaluate" library="BuiltIn">
<var>${respallname}</var>
<arg>json.loads('''${jsonName}''')</arg>
<arg>json</arg>
<doc>Evaluates the given expression in Python and returns the result.</doc>
<msg timestamp="20240830 17:47:34.573" level="INFO">${respallname} = {'lastname': [{'th': 'กระจ่างจิต', 'en': 'Krajangjit'}, {'th': 'กระจ่างวงศ์', 'en': 'Krajangwong'}, {'th': 'กฤษฎ์พงษ์', 'en': 'Kritphong'}, {'th': 'กฤษฎากรบุญชัย', 'en': 'Kritsakonboonchai'}, {'th': '...</msg>
<status status="PASS" starttime="20240830 17:47:34.571" endtime="20240830 17:47:34.573"/>
</kw>
<kw name="Evaluate" library="BuiltIn">
<var>${random_numberfirstname}</var>
<arg>random.randint(2, 2)</arg>
<arg>random</arg>
<doc>Evaluates the given expression in Python and returns the result.</doc>
<msg timestamp="20240830 17:47:34.574" level="INFO">${random_numberfirstname} = 2</msg>
<status status="PASS" starttime="20240830 17:47:34.574" endtime="20240830 17:47:34.574"/>
</kw>
<kw name="Set Variable" library="BuiltIn">
<var>${firstnamelist}</var>
<arg>${respallname["firstnameMale"]}</arg>
<doc>Returns the given values which can then be assigned to a variables.</doc>
<msg timestamp="20240830 17:47:34.576" level="INFO">${firstnamelist} = [{'th': 'กนก', 'en': 'Kanok'}, {'th': 'กนกกร', 'en': 'Kanokkorn'}, {'th': 'กนกพงศ์', 'en': 'Kanokpong'}, {'th': 'กนกพล', 'en': 'Kanokpol'}, {'th': 'กนกภัทร', 'en': 'Kanokpat'}, {'th': 'กมลภู', 'en': '...</msg>
<status status="PASS" starttime="20240830 17:47:34.574" endtime="20240830 17:47:34.576"/>
</kw>
<kw name="Set Variable" library="BuiltIn">
<var>${firstnamelist}</var>
<arg>${respallname["firstnameMale"]}</arg>
<doc>Returns the given values which can then be assigned to a variables.</doc>
<msg timestamp="20240830 17:47:34.577" level="INFO">${firstnamelist} = [{'th': 'กนก', 'en': 'Kanok'}, {'th': 'กนกกร', 'en': 'Kanokkorn'}, {'th': 'กนกพงศ์', 'en': 'Kanokpong'}, {'th': 'กนกพล', 'en': 'Kanokpol'}, {'th': 'กนกภัทร', 'en': 'Kanokpat'}, {'th': 'กมลภู', 'en': '...</msg>
<status status="PASS" starttime="20240830 17:47:34.576" endtime="20240830 17:47:34.577"/>
</kw>
<kw name="Set Variable" library="BuiltIn">
<var>${lastnamelist}</var>
<arg>${respallname["lastname"]}</arg>
<doc>Returns the given values which can then be assigned to a variables.</doc>
<msg timestamp="20240830 17:47:34.578" level="INFO">${lastnamelist} = [{'th': 'กระจ่างจิต', 'en': 'Krajangjit'}, {'th': 'กระจ่างวงศ์', 'en': 'Krajangwong'}, {'th': 'กฤษฎ์พงษ์', 'en': 'Kritphong'}, {'th': 'กฤษฎากรบุญชัย', 'en': 'Kritsakonboonchai'}, {'th': 'กลับเพชร', 'e...</msg>
<status status="PASS" starttime="20240830 17:47:34.577" endtime="20240830 17:47:34.578"/>
</kw>
<kw name="Get Length" library="BuiltIn">
<var>${randomnumbername}</var>
<arg>${firstnamelist}</arg>
<doc>Returns and logs the length of the given item as an integer.</doc>
<msg timestamp="20240830 17:47:34.578" level="INFO">Length is 362</msg>
<msg timestamp="20240830 17:47:34.578" level="INFO">${randomnumbername} = 362</msg>
<status status="PASS" starttime="20240830 17:47:34.578" endtime="20240830 17:47:34.578"/>
</kw>
<kw name="Get Length" library="BuiltIn">
<var>${randomnumberlast}</var>
<arg>${lastnamelist}</arg>
<doc>Returns and logs the length of the given item as an integer.</doc>
<msg timestamp="20240830 17:47:34.579" level="INFO">Length is 402</msg>
<msg timestamp="20240830 17:47:34.579" level="INFO">${randomnumberlast} = 402</msg>
<status status="PASS" starttime="20240830 17:47:34.579" endtime="20240830 17:47:34.579"/>
</kw>
<kw name="Evaluate" library="BuiltIn">
<var>${random_namelist}</var>
<arg>random.randint(0, ${randomnumbername} - 1)</arg>
<arg>random</arg>
<doc>Evaluates the given expression in Python and returns the result.</doc>
<msg timestamp="20240830 17:47:34.579" level="INFO">${random_namelist} = 79</msg>
<status status="PASS" starttime="20240830 17:47:34.579" endtime="20240830 17:47:34.579"/>
</kw>
<kw name="Evaluate" library="BuiltIn">
<var>${random_lastlist}</var>
<arg>random.randint(0, ${randomnumberlast} - 1)</arg>
<arg>random</arg>
<doc>Evaluates the given expression in Python and returns the result.</doc>
<msg timestamp="20240830 17:47:34.580" level="INFO">${random_lastlist} = 301</msg>
<status status="PASS" starttime="20240830 17:47:34.579" endtime="20240830 17:47:34.580"/>
</kw>
<kw name="Set Global Variable" library="BuiltIn">
<arg>${randomFirstName}</arg>
<arg>${firstnamelist[${random_namelist}]['th']}</arg>
<doc>Makes a variable available globally in all tests and suites.</doc>
<msg timestamp="20240830 17:47:34.581" level="INFO">${randomFirstName} = ชานนท์</msg>
<status status="PASS" starttime="20240830 17:47:34.580" endtime="20240830 17:47:34.581"/>
</kw>
<kw name="Set Global Variable" library="BuiltIn">
<arg>${randomLastName}</arg>
<arg>${lastnamelist[${random_lastlist}]['th']}</arg>
<doc>Makes a variable available globally in all tests and suites.</doc>
<msg timestamp="20240830 17:47:34.583" level="INFO">${randomLastName} = ศิริวงศ์สกุลชัย</msg>
<status status="PASS" starttime="20240830 17:47:34.581" endtime="20240830 17:47:34.583"/>
</kw>
<status status="PASS" starttime="20240830 17:47:34.563" endtime="20240830 17:47:34.583"/>
</kw>
<kw name="Random ThaiID">
<kw name="Evaluate" library="BuiltIn">
<var>${thai_id}</var>
<arg>str(random.randint(1,8)) + ''.join([str(random.randint(0,9)) for _ in range(13-1)])</arg>
<arg>random</arg>
<doc>Evaluates the given expression in Python and returns the result.</doc>
<msg timestamp="20240830 17:47:34.584" level="INFO">${thai_id} = 6996923113962</msg>
<status status="PASS" starttime="20240830 17:47:34.584" endtime="20240830 17:47:34.584"/>
</kw>
<kw name="Set Global Variable" library="BuiltIn">
<arg>${thaiID}</arg>
<arg>${thai_id}</arg>
<doc>Makes a variable available globally in all tests and suites.</doc>
<msg timestamp="20240830 17:47:34.584" level="INFO">${thaiID} = 6996923113962</msg>
<status status="PASS" starttime="20240830 17:47:34.584" endtime="20240830 17:47:34.585"/>
</kw>
<status status="PASS" starttime="20240830 17:47:34.583" endtime="20240830 17:47:34.586"/>
</kw>
<kw name="GET ALL DATE FORMAT">
<kw name="Get Current Date" library="DateTime">
<var>${date}</var>
<arg>exclude_millis=no</arg>
<doc>Returns current local or UTC time with an optional increment.</doc>
<msg timestamp="20240830 17:47:34.587" level="INFO">${date} = 2024-08-30 17:47:34.587</msg>
<status status="PASS" starttime="20240830 17:47:34.586" endtime="20240830 17:47:34.587"/>
</kw>
<kw name="Convert Date" library="DateTime">
<var>${date}</var>
<arg>${date}</arg>
<arg>result_format=%Y%m%d%H%M%S%f</arg>
<doc>Converts between supported `date formats`.</doc>
<msg timestamp="20240830 17:47:34.594" level="INFO">${date} = 20240830174734587000</msg>
<status status="PASS" starttime="20240830 17:47:34.587" endtime="20240830 17:47:34.594"/>
</kw>
<kw name="Convert Date" library="DateTime">
<var>${years}</var>
<arg>${date}</arg>
<arg>result_format=%Y</arg>
<doc>Converts between supported `date formats`.</doc>
<msg timestamp="20240830 17:47:34.595" level="INFO">${years} = 2024</msg>
<status status="PASS" starttime="20240830 17:47:34.595" endtime="20240830 17:47:34.595"/>
</kw>
<kw name="Convert Date" library="DateTime">
<var>${month}</var>
<arg>${date}</arg>
<arg>result_format=%m</arg>
<doc>Converts between supported `date formats`.</doc>
<msg timestamp="20240830 17:47:34.595" level="INFO">${month} = 08</msg>
<status status="PASS" starttime="20240830 17:47:34.595" endtime="20240830 17:47:34.595"/>
</kw>
<kw name="Convert Date" library="DateTime">
<var>${day}</var>
<arg>${date}</arg>
<arg>result_format=%d</arg>
<doc>Converts between supported `date formats`.</doc>
<msg timestamp="20240830 17:47:34.596" level="INFO">${day} = 30</msg>
<status status="PASS" starttime="20240830 17:47:34.596" endtime="20240830 17:47:34.596"/>
</kw>
<kw name="Evaluate" library="BuiltIn">
<var>${dayplus}</var>
<arg>${day} + 1</arg>
<doc>Evaluates the given expression in Python and returns the result.</doc>
<msg timestamp="20240830 17:47:34.596" level="INFO">${dayplus} = 31</msg>
<status status="PASS" starttime="20240830 17:47:34.596" endtime="20240830 17:47:34.596"/>
</kw>
<kw name="Evaluate" library="BuiltIn">
<var>${dayplus2}</var>
<arg>${day} + 2</arg>
<doc>Evaluates the given expression in Python and returns the result.</doc>
<msg timestamp="20240830 17:47:34.596" level="INFO">${dayplus2} = 32</msg>
<status status="PASS" starttime="20240830 17:47:34.596" endtime="20240830 17:47:34.596"/>
</kw>
<kw name="Convert Date" library="DateTime">
<var>${hours}</var>
<arg>${date}</arg>
<arg>result_format=%H</arg>
<doc>Converts between supported `date formats`.</doc>
<msg timestamp="20240830 17:47:34.597" level="INFO">${hours} = 17</msg>
<status status="PASS" starttime="20240830 17:47:34.596" endtime="20240830 17:47:34.597"/>
</kw>
<kw name="Convert Date" library="DateTime">
<var>${minutes}</var>
<arg>${date}</arg>
<arg>result_format=%M</arg>
<doc>Converts between supported `date formats`.</doc>
<msg timestamp="20240830 17:47:34.597" level="INFO">${minutes} = 47</msg>
<status status="PASS" starttime="20240830 17:47:34.597" endtime="20240830 17:47:34.597"/>
</kw>
<kw name="Evaluate" library="BuiltIn">
<var>${minutesplus10}</var>
<arg>${minutes} + 10</arg>
<doc>Evaluates the given expression in Python and returns the result.</doc>
<msg timestamp="20240830 17:47:34.597" level="INFO">${minutesplus10} = 57</msg>
<status status="PASS" starttime="20240830 17:47:34.597" endtime="20240830 17:47:34.597"/>
</kw>
<kw name="Convert Date" library="DateTime">
<var>${seconds}</var>
<arg>${date}</arg>
<arg>result_format=%S</arg>
<doc>Converts between supported `date formats`.</doc>
<msg timestamp="20240830 17:47:34.598" level="INFO">${seconds} = 34</msg>
<status status="PASS" starttime="20240830 17:47:34.597" endtime="20240830 17:47:34.598"/>
</kw>
<kw name="Convert Date" library="DateTime">
<var>${millisec}</var>
<arg>${date}</arg>
<arg>result_format=%f</arg>
<doc>Converts between supported `date formats`.</doc>
<msg timestamp="20240830 17:47:34.598" level="INFO">${millisec} = 587000</msg>
<status status="PASS" starttime="20240830 17:47:34.598" endtime="20240830 17:47:34.598"/>
</kw>
<kw name="Set Variable" library="BuiltIn">
<var>${millisec}</var>
<arg>${millisec[:4]}</arg>
<doc>Returns the given values which can then be assigned to a variables.</doc>
<msg timestamp="20240830 17:47:34.599" level="INFO">${millisec} = 5870</msg>
<status status="PASS" starttime="20240830 17:47:34.598" endtime="20240830 17:47:34.599"/>
</kw>
<kw name="Convert Date" library="DateTime">
<var>${time}</var>
<arg>${date}</arg>
<arg>result_format=%H:%M:%S</arg>
<doc>Converts between supported `date formats`.</doc>
<msg timestamp="20240830 17:47:34.599" level="INFO">${time} = 17:47:34</msg>
<status status="PASS" starttime="20240830 17:47:34.599" endtime="20240830 17:47:34.599"/>
</kw>
<kw name="Set Variable" library="BuiltIn">
<var>${timeplusmin10}</var>
<arg>${hours}:${minutesplus10}:${seconds}</arg>
<doc>Returns the given values which can then be assigned to a variables.</doc>
<msg timestamp="20240830 17:47:34.599" level="INFO">${timeplusmin10} = 17:57:34</msg>
<status status="PASS" starttime="20240830 17:47:34.599" endtime="20240830 17:47:34.599"/>
</kw>
<kw name="Set Variable" library="BuiltIn">
<var>${today}</var>
<arg>${day}/${month}/${years} ${time}</arg>
<doc>Returns the given values which can then be assigned to a variables.</doc>
<msg timestamp="20240830 17:47:34.600" level="INFO">${today} = 30/08/2024 17:47:34</msg>
<status status="PASS" starttime="20240830 17:47:34.599" endtime="20240830 17:47:34.600"/>
</kw>
<kw name="Set Variable" library="BuiltIn">
<var>${dayplusOrderdate}</var>
<arg>${dayplus}/${month}/${years} ${time}</arg>
<doc>Returns the given values which can then be assigned to a variables.</doc>
<msg timestamp="20240830 17:47:34.600" level="INFO">${dayplusOrderdate} = 31/08/2024 17:47:34</msg>
<status status="PASS" starttime="20240830 17:47:34.600" endtime="20240830 17:47:34.600"/>
</kw>
<kw name="Set Variable" library="BuiltIn">
<var>${dayplusOrderdate2}</var>
<arg>${dayplus2}/${month}/${years} ${time}</arg>
<doc>Returns the given values which can then be assigned to a variables.</doc>
<msg timestamp="20240830 17:47:34.600" level="INFO">${dayplusOrderdate2} = 32/08/2024 17:47:34</msg>
<status status="PASS" starttime="20240830 17:47:34.600" endtime="20240830 17:47:34.601"/>
</kw>
<kw name="Set Variable" library="BuiltIn">
<var>${dayplusOrderdate2plusmin10}</var>
<arg>${dayplus2}/${month}/${years} ${timeplusmin10}</arg>
<doc>Returns the given values which can then be assigned to a variables.</doc>
<msg timestamp="20240830 17:47:34.602" level="INFO">${dayplusOrderdate2plusmin10} = 32/08/2024 17:57:34</msg>
<status status="PASS" starttime="20240830 17:47:34.601" endtime="20240830 17:47:34.602"/>
</kw>
<kw name="Set Variable" library="BuiltIn">
<var>${privateIdValueKK}</var>
<arg>${years}-${month}-${day}KK${hours}${minutes}${seconds}${millisec}</arg>
<doc>Returns the given values which can then be assigned to a variables.</doc>
<msg timestamp="20240830 17:47:34.602" level="INFO">${privateIdValueKK} = 2024-08-30KK1747345870</msg>
<status status="PASS" starttime="20240830 17:47:34.602" endtime="20240830 17:47:34.602"/>
</kw>
<kw name="Set Global Variable" library="BuiltIn">
<arg>${today}</arg>
<doc>Makes a variable available globally in all tests and suites.</doc>
<msg timestamp="20240830 17:47:34.603" level="INFO">${today} = 30/08/2024 17:47:34</msg>
<status status="PASS" starttime="20240830 17:47:34.602" endtime="20240830 17:47:34.603"/>
</kw>
<kw name="Set Global Variable" library="BuiltIn">
<arg>${privateIdValueKK}</arg>
<doc>Makes a variable available globally in all tests and suites.</doc>
<msg timestamp="20240830 17:47:34.603" level="INFO">${privateIdValueKK} = 2024-08-30KK1747345870</msg>
<status status="PASS" starttime="20240830 17:47:34.603" endtime="20240830 17:47:34.603"/>
</kw>
<kw name="Set Global Variable" library="BuiltIn">
<arg>${currentOrderdate}</arg>
<arg>${today}</arg>
<doc>Makes a variable available globally in all tests and suites.</doc>
<msg timestamp="20240830 17:47:34.605" level="INFO">${currentOrderdate} = 30/08/2024 17:47:34</msg>
<status status="PASS" starttime="20240830 17:47:34.603" endtime="20240830 17:47:34.605"/>
</kw>
<kw name="Set Global Variable" library="BuiltIn">
<arg>${dayplusOrderdate}</arg>
<doc>Makes a variable available globally in all tests and suites.</doc>
<msg timestamp="20240830 17:47:34.605" level="INFO">${dayplusOrderdate} = 31/08/2024 17:47:34</msg>
<status status="PASS" starttime="20240830 17:47:34.605" endtime="20240830 17:47:34.605"/>
</kw>
<kw name="Set Global Variable" library="BuiltIn">
<arg>${dayplusOrderdate2}</arg>
<doc>Makes a variable available globally in all tests and suites.</doc>
<msg timestamp="20240830 17:47:34.606" level="INFO">${dayplusOrderdate2} = 32/08/2024 17:47:34</msg>
<status status="PASS" starttime="20240830 17:47:34.606" endtime="20240830 17:47:34.606"/>
</kw>
<kw name="Set Global Variable" library="BuiltIn">
<arg>${dayplusOrderdate2plusmin10}</arg>
<doc>Makes a variable available globally in all tests and suites.</doc>
<msg timestamp="20240830 17:47:34.606" level="INFO">${dayplusOrderdate2plusmin10} = 32/08/2024 17:57:34</msg>
<status status="PASS" starttime="20240830 17:47:34.606" endtime="20240830 17:47:34.606"/>
</kw>
<status status="PASS" starttime="20240830 17:47:34.586" endtime="20240830 17:47:34.607"/>
</kw>
<status status="PASS" starttime="20240830 17:47:34.562" endtime="20240830 17:47:34.607"/>
</kw>
<kw name="Replace The Variables In Request Body New Register">
<kw name="Get File" library="OperatingSystem">
<var>${json}</var>
<arg>Variables/Newregister_1st.json</arg>
<doc>Returns the contents of a specified file.</doc>
<msg timestamp="20240830 17:47:34.607" level="INFO" html="true">Getting file '&lt;a href="file://D:\kekeprogramtest\Variables\Newregister_1st.json"&gt;D:\kekeprogramtest\Variables\Newregister_1st.json&lt;/a&gt;'.</msg>
<msg timestamp="20240830 17:47:34.619" level="INFO">${json} = {
    "customerOrderType": "New Registration",
    "activity": "1st Submit",
    "subActivity": "",
    "productOwner": "3BB",
    "publicIdType": "idCardNumber",
    "publicIdValue": "{{thaiID}}",
  ...</msg>
<status status="PASS" starttime="20240830 17:47:34.607" endtime="20240830 17:47:34.620"/>
</kw>
<kw name="Replace String" library="String">
<var>${json}</var>
<arg>${json}</arg>
<arg>{{thaiID}}</arg>
<arg>${thaiID}</arg>
<doc>Replaces ``search_for`` in the given ``string`` with ``replace_with``.</doc>
<msg timestamp="20240830 17:47:34.622" level="INFO">${json} = {
    "customerOrderType": "New Registration",
    "activity": "1st Submit",
    "subActivity": "",
    "productOwner": "3BB",
    "publicIdType": "idCardNumber",
    "publicIdValue": "6996923113962",...</msg>
<status status="PASS" starttime="20240830 17:47:34.621" endtime="20240830 17:47:34.622"/>
</kw>
<kw name="Replace String" library="String">
<var>${json}</var>
<arg>${json}</arg>
<arg>{{privateIdValueKK}}</arg>
<arg>${privateIdValueKK}</arg>
<doc>Replaces ``search_for`` in the given ``string`` with ``replace_with``.</doc>
<msg timestamp="20240830 17:47:34.623" level="INFO">${json} = {
    "customerOrderType": "New Registration",
    "activity": "1st Submit",
    "subActivity": "",
    "productOwner": "3BB",
    "publicIdType": "idCardNumber",
    "publicIdValue": "6996923113962",...</msg>
<status status="PASS" starttime="20240830 17:47:34.622" endtime="20240830 17:47:34.623"/>
</kw>
<kw name="Replace String" library="String">
<var>${json}</var>
<arg>${json}</arg>
<arg>{{currentOrderdate}}</arg>
<arg>${currentOrderdate}</arg>
<doc>Replaces ``search_for`` in the given ``string`` with ``replace_with``.</doc>
<msg timestamp="20240830 17:47:34.623" level="INFO">${json} = {
    "customerOrderType": "New Registration",
    "activity": "1st Submit",
    "subActivity": "",
    "productOwner": "3BB",
    "publicIdType": "idCardNumber",
    "publicIdValue": "6996923113962",...</msg>
<status status="PASS" starttime="20240830 17:47:34.623" endtime="20240830 17:47:34.624"/>
</kw>
<kw name="Replace String" library="String">
<var>${json}</var>
<arg>${json}</arg>
<arg>{{randomFirstName}}</arg>
<arg>${randomFirstName}</arg>
<doc>Replaces ``search_for`` in the given ``string`` with ``replace_with``.</doc>
<msg timestamp="20240830 17:47:34.624" level="INFO">${json} = {
    "customerOrderType": "New Registration",
    "activity": "1st Submit",
    "subActivity": "",
    "productOwner": "3BB",
    "publicIdType": "idCardNumber",
    "publicIdValue": "6996923113962",...</msg>
<status status="PASS" starttime="20240830 17:47:34.624" endtime="20240830 17:47:34.624"/>
</kw>
<kw name="Replace String" library="String">
<var>${json}</var>
<arg>${json}</arg>
<arg>{{randomLastName}}</arg>
<arg>${randomLastName}</arg>
<doc>Replaces ``search_for`` in the given ``string`` with ``replace_with``.</doc>
<msg timestamp="20240830 17:47:34.625" level="INFO">${json} = {
    "customerOrderType": "New Registration",
    "activity": "1st Submit",
    "subActivity": "",
    "productOwner": "3BB",
    "publicIdType": "idCardNumber",
    "publicIdValue": "6996923113962",...</msg>
<status status="PASS" starttime="20240830 17:47:34.624" endtime="20240830 17:47:34.625"/>
</kw>
<kw name="Set Global Variable" library="BuiltIn">
<arg>${json}</arg>
<doc>Makes a variable available globally in all tests and suites.</doc>
<msg timestamp="20240830 17:47:34.626" level="INFO">${json} = {
    "customerOrderType": "New Registration",
    "activity": "1st Submit",
    "subActivity": "",
    "productOwner": "3BB",
    "publicIdType": "idCardNumber",
    "publicIdValue": "6996923113962",...</msg>
<status status="PASS" starttime="20240830 17:47:34.625" endtime="20240830 17:47:34.626"/>
</kw>
<kw name="Log" library="BuiltIn">
<arg>${json}</arg>
<doc>Logs the given message with the given level.</doc>
<msg timestamp="20240830 17:47:34.626" level="INFO">{
    "customerOrderType": "New Registration",
    "activity": "1st Submit",
    "subActivity": "",
    "productOwner": "3BB",
    "publicIdType": "idCardNumber",
    "publicIdValue": "6996923113962",
    "privateIdType": "referenceNo",
    "privateIdValue": "TBB-2024-08-30KK1747345870",
    "staffPrivilegeTransId": "202405131417000001",
    "chargeType": "Post-paid",
    "projectDevCd": "PF001:พรอพเพอร์ตี้ เพอเฟก:7500",
    "note": "SKY Test FBB MultiInstance",
    "channel": "MyChannel",
    "reasonCode": "958",
    "callbackUrl": "http://10.138.21.213:7001/testCall",
    "orderDate": "30/08/2024 17:47:34",
    "accountInfo": {
        "caName": "ชานนท์ ศิริวงศ์สกุลชัย",
        "accountType": "R",
        "accountSubCat": "THA",
        "birthdate": "05/05/1990",
        "gender": "F",
        "citizenship": "Thailand",
        "branchNumber": "10000",
        "serviceLevel": "M",
        "serviceLevelReason": "FBB_N",
        "mobileNumberContact": "0893647913",
        "phoneNumberContact": "0257896521",
        "titleName": "คุณ",
        "contactFirstName": "ชานนท์",
        "contactLastName": "ศิริวงศ์สกุลชัย",
        "contactTitle": "คุณ",
        "emailContact": "skyfbb@ais.co.th",
        "vatRate": "7%",
        "hierarchyBillFlg": "Y",
        "hierarchyBillCycle": "13",
        "address": {
            "homeNumber": "56",
            "buildingName": "The Inside House",
            "floor": "5",
            "room": "13",
            "moo": "1",
            "mooBan": "สามล้าน",
            "soi": "สามล้าน 1",
            "street": "ถนน สามล้าน",
            "tumbol": "พระสิงห์",
            "amphur": "เมืองเชียงใหม่",
            "province": "เชียงใหม่",
            "zipCode": "50200",
            "engFlag": "N"
        },
        "vatInfo": {
            "vatName": "ชานนท์ ศิริวงศ์สกุลชัย",
            "vatAddress1": "56",
            "vatAddress3": "ถนน สามล้าน",
            "vatAddress4": "พระสิงห์",
            "vatAddress5": "เชียงใหม่",
            "vatAddress6": "50200"
        },
        "baInfo": {
            "baName": "ชานนท์ ศิริวงศ์สกุลชัย Billing",
            "billName": "ชานนท์ ศิริวงศ์สกุลชัย Billing A",
            "billCycle": "13",
            "billLanguage": "Thai",
            "billMedia": "SMS + Email",
            "emailBillTo": "skyfbb@ais.co.th",
            "smsBillTo": "0990376659",
            "branchNumber": "54321",
            "emailContact": "skyfbb@ais.co.th",
            "mobileNumberContact": "0893647913",
            "phoneNumberContact": "0257896521",
            "titleName": "คุณ",
            "contactFirstName": "ชานนท์",
            "contactLastName": "ศิริวงศ์สกุลชัย",
            "contactTitle": "คุณ",
            "vatRate": "7%",
            "address": {
                "homeNumber": "56",
                "buildingName": "The Inside House",
                "floor": "5",
                "room": "13",
                "moo": "1",
                "mooBan": "สามล้าน",
                "soi": "สามล้าน 1",
                "street": "ถนน สามล้าน",
                "tumbol": "พระสิงห์",
                "amphur": "เมืองเชียงใหม่",
                "province": "เชียงใหม่",
                "zipCode": "50200",
                "engFlag": "N"
            },
            "technologyInfo": [
                {
                    "instanceName": "FibreToTheRoomLine",
                    "action": "Add",
                    "characteristics": [
                        {
                            "name": "latitude",
                            "value": "17.398091"
                        },
                        {
                            "name": "longitude",
                            "value": "102.804772"
                        },
                        {
                            "name": "installAddress1",
                            "value": "22 ลุมพินี เพลส ยูดี โพธ์ศรี ซี1"
                        },
                        {
                            "name": "installAddress2",
                            "value": "หมากแข้ง"
                        },
                        {
                            "name": "installAddress3",
                            "value": "เมืองอุดรธานี"
                        },
                        {
                            "name": "installAddress4",
                            "value": "อุดรธานี"
                        },
                        {
                            "name": "installAddress5",
                            "value": "41000"
                        },
                        {
                            "name": "password",
                            "value": "3DLVO5CTLA"
                        },
                        {
                            "name": "ia",
                            "value": "05900266999"
                        },
                        {
                            "name": "networkProvider",
                            "value": "AWN"
                        },
                        {
                            "name": "contactName",
                            "value": "ชานนท์ ศิริวงศ์สกุลชัย"
                        },
                        {
                            "name": "contactMobilePhone",
                            "value": "0990376659"
                        },
                        {
                            "name": "addressId",
                            "value": "20615339"
                        },
                        {
                            "name": "phoneFlag",
                            "value": "N"
                        },
                        {
                            "name": "flowFlag",
                            "value": "3"
                        }
                    ],
                    "productOrderItem": [
                        {
                            "idType": "offeringPriceId",
                            "idValue": "O2002P200200473",
                            "action": "Add",
                            "productOrderReason": "960",
                            "effectiveType": "I",
                            "characteristics": []
                        },
                        {
                            "idType": "offeringPriceId",
                            "idValue": "O1610P16105339",
                            "action": "Add",
                            "productOrderReason": "960",
                            "effectiveType": "I",
                            "characteristics": []
                        }
                    ]
                }
            ]
        }
    },
    "relateParty": {
        "subcontractor": "",
        "orderCreator": {
            "name": "AWN_FBB",
            "locationCode": "1008903",
            "accessNumber": "662666"
        },
        "dealer": {
            "code": "",
            "branchLocationCode": "1008903",
            "mobileNo": "0848209499",
            "registerLocationCode": "117997"
        },
        "employeeId": "0806715572",
        "installStaffID": "16390003",
        "saleStaffName": "Pimpaka"
    },
    "customerIdentity": {
        "smartCardBAFlag": "N",
        "orderVerify": "User",
        "idCardType": "บัตรประชาชน",
        "idCardNumber": "6996923113962",
        "issueDate": "16/2/2020",
        "titleName": "คุณ",
        "firstName": "ชานนท์",
        "lastName": "ศิริวงศ์สกุลชัย",
        "idCardImage": "VVV/wDQHxT8EPD6n9DTgvxlyTJqXD/GPCfD3D+JzbEZfzunxph+JuJMPlmOhn8as5c2Y4bH5osxyvNaadTB4SnWyWWHr4KrhJZf/9k=",
        "imagesPost": "201808101715481533896148459_0891230862_1670800149907_IMGPOST_MC_KYC_SM.jpg",
        "imagesFace": "201808101715481533896148459_0891230862_1670800149907_FACE_MC_KYC_SM.jpg",
        "smartCardTitleName": "คุณ",
        "smartCardFirstName": "ชานนท์  ",
        "smartCardLastName": "ศิริวงศ์สกุลชัย",
        "smartCardAddress": "",
        "smartCardBirthdate": "05/05/1990",
        "smartCardGender": "F",
        "businessDocument": "/export/home/MNT_NFS/DigitalApp/MYCH/NewRegis/bizdoc/20200727/1659902128567_0987961973_202007271344152771978_idcard_MC_SM.jpg ",
        "verifyType": "Smart Card",
        "dataChannel": "",
        "dopaStatus": "Online",
        "project": "SKY FBB",
        "createdBy": "JATUH603",
        "imagesId": ""
    },
    "appointment": {
        "appointmentDate": "13/05/2024",
        "assignConditionAreaRegion": "BKK",
        "assignConditionEventRule": "New",
        "assignConditionServiceLevel": "L",
        "assignConditionSpecialSkill": "",
        "baNo": "32300070266556",
        "fbbContactNo1": "8870011911",
        "fbbContactNo2": "",
        "installationCapacity": "22/29",
        "msisdn": "",
        "onlineFlag": "N",
        "playBoxAmount": "",
        "regTime": "",
        "remarkForSubcontract": "ATV PLAYBOX 24 m",
        "replaceOntFlag": "",
        "replaceRouterFlag": "",
        "reservedId": "221111103401754000",
        "reservedPort": "4091693",
        "routerNum": "",
        "shortcode": "",
        "sTaffID": "",
        "subAccessMode": "",
        "subRequestFlag": "",
        "symptom": "",
        "timeslot": "16:00-18:30",
        "urgentFlag": "0"
    },
    "agreement": {
        "PJSBillType": "",
        "PJSBizModel": "",
        "PJSCodeProject": "",
        "PJSDevelopCode": "",
        "PJSDeveloper": "",
        "PJSPackageOnInvoice": "",
        "PJSPartnerReconcileFlg": "",
        "PJSRefDoc": "",
        "PJSTypeofCharging": "",
        "PJSVillageName": "",
        "privilegePoints": "100",
        "referrerFbbId": "8870011911",
        "referrerIdCard": "D202305301107",
        "referrerOffer": "point"
    },
    "paymentInfo": {
        "paidAmt": "640.00",
        "passwordRefund": "",
        "paymentDate": "",
        "paymentMethod": "Cash",
        "transactionId": "23062023001140000012"
    },
    "documentTracking": [
        {
            "docCode": "600",
            "docPath": "/aaa/testFBB/",
            "docFilename": "Filename.xxx"
        }
    ]
}
</msg>
<status status="PASS" starttime="20240830 17:47:34.626" endtime="20240830 17:47:34.627"/>
</kw>
<status status="PASS" starttime="20240830 17:47:34.607" endtime="20240830 17:47:34.627"/>
</kw>
<kw name="API FBB newregister 1st">
<var>${order}</var>
<kw name="Request to Get Token">
<var>${resp}</var>
<arg>${get_token_body}</arg>
<kw name="Create Dictionary" library="BuiltIn">
<var>${header}</var>
<arg>Content-Type=application/json;charset=utf-8</arg>
<doc>Creates and returns a dictionary based on the given ``items``.</doc>
<msg timestamp="20240830 17:47:34.628" level="INFO">${header} = {'Content-Type': 'application/json;charset=utf-8'}</msg>
<status status="PASS" starttime="20240830 17:47:34.628" endtime="20240830 17:47:34.628"/>
</kw>
<kw name="Create Session" library="RequestsLibrary">
<arg>tmd</arg>
<arg>${host_url}</arg>
<arg>verify=False</arg>
<arg>headers=${header}</arg>
<doc>Create Session: create a HTTP session to a server</doc>
<msg timestamp="20240830 17:47:34.628" level="INFO">Creating Session using : alias=tmd, url=https://test-sky.intra.ais:2443, headers={'Content-Type': 'application/json;charset=utf-8'},                     cookies={}, auth=None, timeout=None, proxies=None, verify=False,                     debug=0 </msg>
<status status="PASS" starttime="20240830 17:47:34.628" endtime="20240830 17:47:34.628"/>
</kw>
<kw name="POST On Session" library="RequestsLibrary">
<var>${resp}</var>
<arg>tmd</arg>
<arg>${get_token_url}</arg>
<arg>data=${params}</arg>
<doc>Sends a POST request on a previously created HTTP Session.</doc>
<msg timestamp="20240830 17:47:34.760" level="INFO">POST Request : url=https://test-sky.intra.ais:2443/sky-auth/v1/user/authenticate 
 path_url=/sky-auth/v1/user/authenticate 
 headers={'User-Agent': 'python-requests/2.32.3', 'Accept-Encoding': 'gzip, deflate', 'Accept': '*/*', 'Connection': 'keep-alive', 'Content-Type': 'application/json;charset=utf-8', 'Content-Length': '70'} 
 body={"username": "hk_usr", "password": "ebb1345b837c3039d16e9c0675cc449a"} 
 </msg>
<msg timestamp="20240830 17:47:34.760" level="INFO">POST Response : url=https://test-sky.intra.ais:2443/sky-auth/v1/user/authenticate 
 status=200, reason= 
 headers={'Date': 'Fri, 30 Aug 2024 10:47:39 GMT', 'Content-Type': 'application/json', 'Transfer-Encoding': 'chunked', 'Connection': 'keep-alive', 'X-Content-Type-Options': 'nosniff', 'X-XSS-Protection': '1; mode=block', 'Cache-Control': 'no-cache, no-store, max-age=0, must-revalidate', 'Pragma': 'no-cache', 'Expires': '0', 'X-Frame-Options': 'DENY', 'Content-Security-Policy': "default-src 'self'", 'Strict-Transport-Security': 'max-age=15724800; includeSubDomains'} 
 body={"token":"Bearer eyJ0eXAiOiJKV1QiLCJhbGciOiJIUzI1NiJ9.eyJzdWIiOiJoa191c3IiLCJyb2xlIjoiQ1JVRCIsImFwcGxpY2F0aW9uIjoiaGsiLCJpc3MiOiJza3ktYXV0aCIsImV4cCI6MTcyNTAxNTQ1OSwiaWF0IjoxNzI1MDE0ODU5fQ.ivAWDF9RvnLZapcE_wzr_mJSHiDrnJ6WH0HnQQ0unaA"} 
 </msg>
<msg timestamp="20240830 17:47:34.760" level="INFO">C:\Users\bandh443\AppData\Roaming\Python\Python311\site-packages\urllib3\connectionpool.py:1099: InsecureRequestWarning: Unverified HTTPS request is being made to host 'test-sky.intra.ais'. Adding certificate verification is strongly advised. See: https://urllib3.readthedocs.io/en/latest/advanced-usage.html#tls-warnings
  warnings.warn(</msg>
<msg timestamp="20240830 17:47:34.760" level="INFO">${resp} = &lt;Response [200]&gt;</msg>
<status status="PASS" starttime="20240830 17:47:34.629" endtime="20240830 17:47:34.761"/>
</kw>
<kw name="Return From Keyword" library="BuiltIn">
<arg>${resp}</arg>
<doc>Returns from the enclosing user keyword.</doc>
<msg timestamp="20240830 17:47:34.761" level="INFO">Returning from the enclosing user keyword.</msg>
<status status="PASS" starttime="20240830 17:47:34.761" endtime="20240830 17:47:34.761"/>
</kw>
<kw name="Log To Console" library="BuiltIn">
<arg>${resp}</arg>
<doc>Logs the given message to the console.</doc>
<status status="NOT RUN" starttime="20240830 17:47:34.761" endtime="20240830 17:47:34.762"/>
</kw>
<msg timestamp="20240830 17:47:34.762" level="INFO">${resp} = &lt;Response [200]&gt;</msg>
<status status="PASS" starttime="20240830 17:47:34.627" endtime="20240830 17:47:34.762"/>
</kw>
<kw name="Log" library="BuiltIn">
<arg>response=${resp.content}</arg>
<doc>Logs the given message with the given level.</doc>
<msg timestamp="20240830 17:47:34.763" level="INFO">response={"token":"Bearer eyJ0eXAiOiJKV1QiLCJhbGciOiJIUzI1NiJ9.eyJzdWIiOiJoa191c3IiLCJyb2xlIjoiQ1JVRCIsImFwcGxpY2F0aW9uIjoiaGsiLCJpc3MiOiJza3ktYXV0aCIsImV4cCI6MTcyNTAxNTQ1OSwiaWF0IjoxNzI1MDE0ODU5fQ.ivAWDF9RvnLZapcE_wzr_mJSHiDrnJ6WH0HnQQ0unaA"}</msg>
<status status="PASS" starttime="20240830 17:47:34.762" endtime="20240830 17:47:34.763"/>
</kw>
<kw name="Evaluate" library="BuiltIn">
<var>${resDict}</var>
<arg>json.loads("""${resp.content}""")</arg>
<arg>json</arg>
<doc>Evaluates the given expression in Python and returns the result.</doc>
<msg timestamp="20240830 17:47:34.764" level="INFO">${resDict} = {'token': 'Bearer eyJ0eXAiOiJKV1QiLCJhbGciOiJIUzI1NiJ9.eyJzdWIiOiJoa191c3IiLCJyb2xlIjoiQ1JVRCIsImFwcGxpY2F0aW9uIjoiaGsiLCJpc3MiOiJza3ktYXV0aCIsImV4cCI6MTcyNTAxNTQ1OSwiaWF0IjoxNzI1MDE0ODU5fQ.ivAWDF9Rvn...</msg>
<status status="PASS" starttime="20240830 17:47:34.764" endtime="20240830 17:47:34.765"/>
</kw>
<kw name="Log" library="BuiltIn">
<arg>${resDict}</arg>
<doc>Logs the given message with the given level.</doc>
<msg timestamp="20240830 17:47:34.765" level="INFO">{'token': 'Bearer eyJ0eXAiOiJKV1QiLCJhbGciOiJIUzI1NiJ9.eyJzdWIiOiJoa191c3IiLCJyb2xlIjoiQ1JVRCIsImFwcGxpY2F0aW9uIjoiaGsiLCJpc3MiOiJza3ktYXV0aCIsImV4cCI6MTcyNTAxNTQ1OSwiaWF0IjoxNzI1MDE0ODU5fQ.ivAWDF9RvnLZapcE_wzr_mJSHiDrnJ6WH0HnQQ0unaA'}</msg>
<status status="PASS" starttime="20240830 17:47:34.765" endtime="20240830 17:47:34.765"/>
</kw>
<kw name="REQUEST FBB newregister 1st">
<var>${orderResp}</var>
<arg>${resDict["token"]}</arg>
<kw name="Set Variable" library="BuiltIn">
<var>${url}</var>
<arg>https://test-sky.intra.ais:2443/fbb/register/conductor/v1/order</arg>
<doc>Returns the given values which can then be assigned to a variables.</doc>
<msg timestamp="20240830 17:47:34.766" level="INFO">${url} = https://test-sky.intra.ais:2443/fbb/register/conductor/v1/order</msg>
<status status="PASS" starttime="20240830 17:47:34.765" endtime="20240830 17:47:34.766"/>
</kw>
<kw name="Create Dictionary" library="BuiltIn">
<var>${header}</var>
<arg>Content-Type=application/json;charset=utf-8</arg>
<arg>Authorization=${token}</arg>
<doc>Creates and returns a dictionary based on the given ``items``.</doc>
<msg timestamp="20240830 17:47:34.766" level="INFO">${header} = {'Content-Type': 'application/json;charset=utf-8', 'Authorization': 'Bearer eyJ0eXAiOiJKV1QiLCJhbGciOiJIUzI1NiJ9.eyJzdWIiOiJoa191c3IiLCJyb2xlIjoiQ1JVRCIsImFwcGxpY2F0aW9uIjoiaGsiLCJpc3MiOiJza3ktYXV0aCI...</msg>
<status status="PASS" starttime="20240830 17:47:34.766" endtime="20240830 17:47:34.766"/>
</kw>
<kw name="Create Session" library="RequestsLibrary">
<arg>tmd</arg>
<arg>${url}</arg>
<arg>verify=False</arg>
<arg>headers=${header}</arg>
<doc>Create Session: create a HTTP session to a server</doc>
<msg timestamp="20240830 17:47:34.767" level="INFO">Creating Session using : alias=tmd, url=https://test-sky.intra.ais:2443/fbb/register/conductor/v1/order, headers={'Content-Type': 'application/json;charset=utf-8', 'Authorization': 'Bearer eyJ0eXAiOiJKV1QiLCJhbGciOiJIUzI1NiJ9.eyJzdWIiOiJoa191c3IiLCJyb2xlIjoiQ1JVRCIsImFwcGxpY2F0aW9uIjoiaGsiLCJpc3MiOiJza3ktYXV0aCIsImV4cCI6MTcyNTAxNTQ1OSwiaWF0IjoxNzI1MDE0ODU5fQ.ivAWDF9RvnLZapcE_wzr_mJSHiDrnJ6WH0HnQQ0unaA'},                     cookies={}, auth=None, timeout=None, proxies=None, verify=False,                     debug=0 </msg>
<status status="PASS" starttime="20240830 17:47:34.766" endtime="20240830 17:47:34.767"/>
</kw>
<kw name="Log" library="BuiltIn">
<arg>${json}</arg>
<doc>Logs the given message with the given level.</doc>
<msg timestamp="20240830 17:47:34.767" level="INFO">{
    "customerOrderType": "New Registration",
    "activity": "1st Submit",
    "subActivity": "",
    "productOwner": "3BB",
    "publicIdType": "idCardNumber",
    "publicIdValue": "6996923113962",
    "privateIdType": "referenceNo",
    "privateIdValue": "TBB-2024-08-30KK1747345870",
    "staffPrivilegeTransId": "202405131417000001",
    "chargeType": "Post-paid",
    "projectDevCd": "PF001:พรอพเพอร์ตี้ เพอเฟก:7500",
    "note": "SKY Test FBB MultiInstance",
    "channel": "MyChannel",
    "reasonCode": "958",
    "callbackUrl": "http://10.138.21.213:7001/testCall",
    "orderDate": "30/08/2024 17:47:34",
    "accountInfo": {
        "caName": "ชานนท์ ศิริวงศ์สกุลชัย",
        "accountType": "R",
        "accountSubCat": "THA",
        "birthdate": "05/05/1990",
        "gender": "F",
        "citizenship": "Thailand",
        "branchNumber": "10000",
        "serviceLevel": "M",
        "serviceLevelReason": "FBB_N",
        "mobileNumberContact": "0893647913",
        "phoneNumberContact": "0257896521",
        "titleName": "คุณ",
        "contactFirstName": "ชานนท์",
        "contactLastName": "ศิริวงศ์สกุลชัย",
        "contactTitle": "คุณ",
        "emailContact": "skyfbb@ais.co.th",
        "vatRate": "7%",
        "hierarchyBillFlg": "Y",
        "hierarchyBillCycle": "13",
        "address": {
            "homeNumber": "56",
            "buildingName": "The Inside House",
            "floor": "5",
            "room": "13",
            "moo": "1",
            "mooBan": "สามล้าน",
            "soi": "สามล้าน 1",
            "street": "ถนน สามล้าน",
            "tumbol": "พระสิงห์",
            "amphur": "เมืองเชียงใหม่",
            "province": "เชียงใหม่",
            "zipCode": "50200",
            "engFlag": "N"
        },
        "vatInfo": {
            "vatName": "ชานนท์ ศิริวงศ์สกุลชัย",
            "vatAddress1": "56",
            "vatAddress3": "ถนน สามล้าน",
            "vatAddress4": "พระสิงห์",
            "vatAddress5": "เชียงใหม่",
            "vatAddress6": "50200"
        },
        "baInfo": {
            "baName": "ชานนท์ ศิริวงศ์สกุลชัย Billing",
            "billName": "ชานนท์ ศิริวงศ์สกุลชัย Billing A",
            "billCycle": "13",
            "billLanguage": "Thai",
            "billMedia": "SMS + Email",
            "emailBillTo": "skyfbb@ais.co.th",
            "smsBillTo": "0990376659",
            "branchNumber": "54321",
            "emailContact": "skyfbb@ais.co.th",
            "mobileNumberContact": "0893647913",
            "phoneNumberContact": "0257896521",
            "titleName": "คุณ",
            "contactFirstName": "ชานนท์",
            "contactLastName": "ศิริวงศ์สกุลชัย",
            "contactTitle": "คุณ",
            "vatRate": "7%",
            "address": {
                "homeNumber": "56",
                "buildingName": "The Inside House",
                "floor": "5",
                "room": "13",
                "moo": "1",
                "mooBan": "สามล้าน",
                "soi": "สามล้าน 1",
                "street": "ถนน สามล้าน",
                "tumbol": "พระสิงห์",
                "amphur": "เมืองเชียงใหม่",
                "province": "เชียงใหม่",
                "zipCode": "50200",
                "engFlag": "N"
            },
            "technologyInfo": [
                {
                    "instanceName": "FibreToTheRoomLine",
                    "action": "Add",
                    "characteristics": [
                        {
                            "name": "latitude",
                            "value": "17.398091"
                        },
                        {
                            "name": "longitude",
                            "value": "102.804772"
                        },
                        {
                            "name": "installAddress1",
                            "value": "22 ลุมพินี เพลส ยูดี โพธ์ศรี ซี1"
                        },
                        {
                            "name": "installAddress2",
                            "value": "หมากแข้ง"
                        },
                        {
                            "name": "installAddress3",
                            "value": "เมืองอุดรธานี"
                        },
                        {
                            "name": "installAddress4",
                            "value": "อุดรธานี"
                        },
                        {
                            "name": "installAddress5",
                            "value": "41000"
                        },
                        {
                            "name": "password",
                            "value": "3DLVO5CTLA"
                        },
                        {
                            "name": "ia",
                            "value": "05900266999"
                        },
                        {
                            "name": "networkProvider",
                            "value": "AWN"
                        },
                        {
                            "name": "contactName",
                            "value": "ชานนท์ ศิริวงศ์สกุลชัย"
                        },
                        {
                            "name": "contactMobilePhone",
                            "value": "0990376659"
                        },
                        {
                            "name": "addressId",
                            "value": "20615339"
                        },
                        {
                            "name": "phoneFlag",
                            "value": "N"
                        },
                        {
                            "name": "flowFlag",
                            "value": "3"
                        }
                    ],
                    "productOrderItem": [
                        {
                            "idType": "offeringPriceId",
                            "idValue": "O2002P200200473",
                            "action": "Add",
                            "productOrderReason": "960",
                            "effectiveType": "I",
                            "characteristics": []
                        },
                        {
                            "idType": "offeringPriceId",
                            "idValue": "O1610P16105339",
                            "action": "Add",
                            "productOrderReason": "960",
                            "effectiveType": "I",
                            "characteristics": []
                        }
                    ]
                }
            ]
        }
    },
    "relateParty": {
        "subcontractor": "",
        "orderCreator": {
            "name": "AWN_FBB",
            "locationCode": "1008903",
            "accessNumber": "662666"
        },
        "dealer": {
            "code": "",
            "branchLocationCode": "1008903",
            "mobileNo": "0848209499",
            "registerLocationCode": "117997"
        },
        "employeeId": "0806715572",
        "installStaffID": "16390003",
        "saleStaffName": "Pimpaka"
    },
    "customerIdentity": {
        "smartCardBAFlag": "N",
        "orderVerify": "User",
        "idCardType": "บัตรประชาชน",
        "idCardNumber": "6996923113962",
        "issueDate": "16/2/2020",
        "titleName": "คุณ",
        "firstName": "ชานนท์",
        "lastName": "ศิริวงศ์สกุลชัย",
        "idCardImage": "VVV/wDQHxT8EPD6n9DTgvxlyTJqXD/GPCfD3D+JzbEZfzunxph+JuJMPlmOhn8as5c2Y4bH5osxyvNaadTB4SnWyWWHr4KrhJZf/9k=",
        "imagesPost": "201808101715481533896148459_0891230862_1670800149907_IMGPOST_MC_KYC_SM.jpg",
        "imagesFace": "201808101715481533896148459_0891230862_1670800149907_FACE_MC_KYC_SM.jpg",
        "smartCardTitleName": "คุณ",
        "smartCardFirstName": "ชานนท์  ",
        "smartCardLastName": "ศิริวงศ์สกุลชัย",
        "smartCardAddress": "",
        "smartCardBirthdate": "05/05/1990",
        "smartCardGender": "F",
        "businessDocument": "/export/home/MNT_NFS/DigitalApp/MYCH/NewRegis/bizdoc/20200727/1659902128567_0987961973_202007271344152771978_idcard_MC_SM.jpg ",
        "verifyType": "Smart Card",
        "dataChannel": "",
        "dopaStatus": "Online",
        "project": "SKY FBB",
        "createdBy": "JATUH603",
        "imagesId": ""
    },
    "appointment": {
        "appointmentDate": "13/05/2024",
        "assignConditionAreaRegion": "BKK",
        "assignConditionEventRule": "New",
        "assignConditionServiceLevel": "L",
        "assignConditionSpecialSkill": "",
        "baNo": "32300070266556",
        "fbbContactNo1": "8870011911",
        "fbbContactNo2": "",
        "installationCapacity": "22/29",
        "msisdn": "",
        "onlineFlag": "N",
        "playBoxAmount": "",
        "regTime": "",
        "remarkForSubcontract": "ATV PLAYBOX 24 m",
        "replaceOntFlag": "",
        "replaceRouterFlag": "",
        "reservedId": "221111103401754000",
        "reservedPort": "4091693",
        "routerNum": "",
        "shortcode": "",
        "sTaffID": "",
        "subAccessMode": "",
        "subRequestFlag": "",
        "symptom": "",
        "timeslot": "16:00-18:30",
        "urgentFlag": "0"
    },
    "agreement": {
        "PJSBillType": "",
        "PJSBizModel": "",
        "PJSCodeProject": "",
        "PJSDevelopCode": "",
        "PJSDeveloper": "",
        "PJSPackageOnInvoice": "",
        "PJSPartnerReconcileFlg": "",
        "PJSRefDoc": "",
        "PJSTypeofCharging": "",
        "PJSVillageName": "",
        "privilegePoints": "100",
        "referrerFbbId": "8870011911",
        "referrerIdCard": "D202305301107",
        "referrerOffer": "point"
    },
    "paymentInfo": {
        "paidAmt": "640.00",
        "passwordRefund": "",
        "paymentDate": "",
        "paymentMethod": "Cash",
        "transactionId": "23062023001140000012"
    },
    "documentTracking": [
        {
            "docCode": "600",
            "docPath": "/aaa/testFBB/",
            "docFilename": "Filename.xxx"
        }
    ]
}
</msg>
<status status="PASS" starttime="20240830 17:47:34.767" endtime="20240830 17:47:34.768"/>
</kw>
<kw name="Evaluate" library="BuiltIn">
<var>${object}</var>
<arg>json.loads('''${json}''')</arg>
<arg>json</arg>
<doc>Evaluates the given expression in Python and returns the result.</doc>
<msg timestamp="20240830 17:47:34.769" level="INFO">${object} = {'customerOrderType': 'New Registration', 'activity': '1st Submit', 'subActivity': '', 'productOwner': '3BB', 'publicIdType': 'idCardNumber', 'publicIdValue': '6996923113962', 'privateIdType': 'refere...</msg>
<status status="PASS" starttime="20240830 17:47:34.768" endtime="20240830 17:47:34.769"/>
</kw>
<kw name="Dumps" library="json">
<var>${jsondm}</var>
<arg>${object}</arg>
<doc>Serialize ``obj`` to a JSON formatted ``str``.</doc>
<msg timestamp="20240830 17:47:34.771" level="INFO">${jsondm} = {"customerOrderType": "New Registration", "activity": "1st Submit", "subActivity": "", "productOwner": "3BB", "publicIdType": "idCardNumber", "publicIdValue": "6996923113962", "privateIdType": "refere...</msg>
<status status="PASS" starttime="20240830 17:47:34.769" endtime="20240830 17:47:34.771"/>
</kw>
<kw name="Log" library="BuiltIn">
<arg>${jsondm}</arg>
<doc>Logs the given message with the given level.</doc>
<msg timestamp="20240830 17:47:34.771" level="INFO">{"customerOrderType": "New Registration", "activity": "1st Submit", "subActivity": "", "productOwner": "3BB", "publicIdType": "idCardNumber", "publicIdValue": "6996923113962", "privateIdType": "referenceNo", "privateIdValue": "TBB-2024-08-30KK1747345870", "staffPrivilegeTransId": "202405131417000001", "chargeType": "Post-paid", "projectDevCd": "PF001:\u0e1e\u0e23\u0e2d\u0e1e\u0e40\u0e1e\u0e2d\u0e23\u0e4c\u0e15\u0e35\u0e49 \u0e40\u0e1e\u0e2d\u0e40\u0e1f\u0e01:7500", "note": "SKY Test FBB MultiInstance", "channel": "MyChannel", "reasonCode": "958", "callbackUrl": "http://10.138.21.213:7001/testCall", "orderDate": "30/08/2024 17:47:34", "accountInfo": {"caName": "\u0e0a\u0e32\u0e19\u0e19\u0e17\u0e4c \u0e28\u0e34\u0e23\u0e34\u0e27\u0e07\u0e28\u0e4c\u0e2a\u0e01\u0e38\u0e25\u0e0a\u0e31\u0e22", "accountType": "R", "accountSubCat": "THA", "birthdate": "05/05/1990", "gender": "F", "citizenship": "Thailand", "branchNumber": "10000", "serviceLevel": "M", "serviceLevelReason": "FBB_N", "mobileNumberContact": "0893647913", "phoneNumberContact": "0257896521", "titleName": "\u0e04\u0e38\u0e13", "contactFirstName": "\u0e0a\u0e32\u0e19\u0e19\u0e17\u0e4c", "contactLastName": "\u0e28\u0e34\u0e23\u0e34\u0e27\u0e07\u0e28\u0e4c\u0e2a\u0e01\u0e38\u0e25\u0e0a\u0e31\u0e22", "contactTitle": "\u0e04\u0e38\u0e13", "emailContact": "skyfbb@ais.co.th", "vatRate": "7%", "hierarchyBillFlg": "Y", "hierarchyBillCycle": "13", "address": {"homeNumber": "56", "buildingName": "The Inside House", "floor": "5", "room": "13", "moo": "1", "mooBan": "\u0e2a\u0e32\u0e21\u0e25\u0e49\u0e32\u0e19", "soi": "\u0e2a\u0e32\u0e21\u0e25\u0e49\u0e32\u0e19 1", "street": "\u0e16\u0e19\u0e19 \u0e2a\u0e32\u0e21\u0e25\u0e49\u0e32\u0e19", "tumbol": "\u0e1e\u0e23\u0e30\u0e2a\u0e34\u0e07\u0e2b\u0e4c", "amphur": "\u0e40\u0e21\u0e37\u0e2d\u0e07\u0e40\u0e0a\u0e35\u0e22\u0e07\u0e43\u0e2b\u0e21\u0e48", "province": "\u0e40\u0e0a\u0e35\u0e22\u0e07\u0e43\u0e2b\u0e21\u0e48", "zipCode": "50200", "engFlag": "N"}, "vatInfo": {"vatName": "\u0e0a\u0e32\u0e19\u0e19\u0e17\u0e4c \u0e28\u0e34\u0e23\u0e34\u0e27\u0e07\u0e28\u0e4c\u0e2a\u0e01\u0e38\u0e25\u0e0a\u0e31\u0e22", "vatAddress1": "56", "vatAddress3": "\u0e16\u0e19\u0e19 \u0e2a\u0e32\u0e21\u0e25\u0e49\u0e32\u0e19", "vatAddress4": "\u0e1e\u0e23\u0e30\u0e2a\u0e34\u0e07\u0e2b\u0e4c", "vatAddress5": "\u0e40\u0e0a\u0e35\u0e22\u0e07\u0e43\u0e2b\u0e21\u0e48", "vatAddress6": "50200"}, "baInfo": {"baName": "\u0e0a\u0e32\u0e19\u0e19\u0e17\u0e4c \u0e28\u0e34\u0e23\u0e34\u0e27\u0e07\u0e28\u0e4c\u0e2a\u0e01\u0e38\u0e25\u0e0a\u0e31\u0e22 Billing", "billName": "\u0e0a\u0e32\u0e19\u0e19\u0e17\u0e4c \u0e28\u0e34\u0e23\u0e34\u0e27\u0e07\u0e28\u0e4c\u0e2a\u0e01\u0e38\u0e25\u0e0a\u0e31\u0e22 Billing A", "billCycle": "13", "billLanguage": "Thai", "billMedia": "SMS + Email", "emailBillTo": "skyfbb@ais.co.th", "smsBillTo": "0990376659", "branchNumber": "54321", "emailContact": "skyfbb@ais.co.th", "mobileNumberContact": "0893647913", "phoneNumberContact": "0257896521", "titleName": "\u0e04\u0e38\u0e13", "contactFirstName": "\u0e0a\u0e32\u0e19\u0e19\u0e17\u0e4c", "contactLastName": "\u0e28\u0e34\u0e23\u0e34\u0e27\u0e07\u0e28\u0e4c\u0e2a\u0e01\u0e38\u0e25\u0e0a\u0e31\u0e22", "contactTitle": "\u0e04\u0e38\u0e13", "vatRate": "7%", "address": {"homeNumber": "56", "buildingName": "The Inside House", "floor": "5", "room": "13", "moo": "1", "mooBan": "\u0e2a\u0e32\u0e21\u0e25\u0e49\u0e32\u0e19", "soi": "\u0e2a\u0e32\u0e21\u0e25\u0e49\u0e32\u0e19 1", "street": "\u0e16\u0e19\u0e19 \u0e2a\u0e32\u0e21\u0e25\u0e49\u0e32\u0e19", "tumbol": "\u0e1e\u0e23\u0e30\u0e2a\u0e34\u0e07\u0e2b\u0e4c", "amphur": "\u0e40\u0e21\u0e37\u0e2d\u0e07\u0e40\u0e0a\u0e35\u0e22\u0e07\u0e43\u0e2b\u0e21\u0e48", "province": "\u0e40\u0e0a\u0e35\u0e22\u0e07\u0e43\u0e2b\u0e21\u0e48", "zipCode": "50200", "engFlag": "N"}, "technologyInfo": [{"instanceName": "FibreToTheRoomLine", "action": "Add", "characteristics": [{"name": "latitude", "value": "17.398091"}, {"name": "longitude", "value": "102.804772"}, {"name": "installAddress1", "value": "22 \u0e25\u0e38\u0e21\u0e1e\u0e34\u0e19\u0e35 \u0e40\u0e1e\u0e25\u0e2a \u0e22\u0e39\u0e14\u0e35 \u0e42\u0e1e\u0e18\u0e4c\u0e28\u0e23\u0e35 \u0e0b\u0e351"}, {"name": "installAddress2", "value": "\u0e2b\u0e21\u0e32\u0e01\u0e41\u0e02\u0e49\u0e07"}, {"name": "installAddress3", "value": "\u0e40\u0e21\u0e37\u0e2d\u0e07\u0e2d\u0e38\u0e14\u0e23\u0e18\u0e32\u0e19\u0e35"}, {"name": "installAddress4", "value": "\u0e2d\u0e38\u0e14\u0e23\u0e18\u0e32\u0e19\u0e35"}, {"name": "installAddress5", "value": "41000"}, {"name": "password", "value": "3DLVO5CTLA"}, {"name": "ia", "value": "05900266999"}, {"name": "networkProvider", "value": "AWN"}, {"name": "contactName", "value": "\u0e0a\u0e32\u0e19\u0e19\u0e17\u0e4c \u0e28\u0e34\u0e23\u0e34\u0e27\u0e07\u0e28\u0e4c\u0e2a\u0e01\u0e38\u0e25\u0e0a\u0e31\u0e22"}, {"name": "contactMobilePhone", "value": "0990376659"}, {"name": "addressId", "value": "20615339"}, {"name": "phoneFlag", "value": "N"}, {"name": "flowFlag", "value": "3"}], "productOrderItem": [{"idType": "offeringPriceId", "idValue": "O2002P200200473", "action": "Add", "productOrderReason": "960", "effectiveType": "I", "characteristics": []}, {"idType": "offeringPriceId", "idValue": "O1610P16105339", "action": "Add", "productOrderReason": "960", "effectiveType": "I", "characteristics": []}]}]}}, "relateParty": {"subcontractor": "", "orderCreator": {"name": "AWN_FBB", "locationCode": "1008903", "accessNumber": "662666"}, "dealer": {"code": "", "branchLocationCode": "1008903", "mobileNo": "0848209499", "registerLocationCode": "117997"}, "employeeId": "0806715572", "installStaffID": "16390003", "saleStaffName": "Pimpaka"}, "customerIdentity": {"smartCardBAFlag": "N", "orderVerify": "User", "idCardType": "\u0e1a\u0e31\u0e15\u0e23\u0e1b\u0e23\u0e30\u0e0a\u0e32\u0e0a\u0e19", "idCardNumber": "6996923113962", "issueDate": "16/2/2020", "titleName": "\u0e04\u0e38\u0e13", "firstName": "\u0e0a\u0e32\u0e19\u0e19\u0e17\u0e4c", "lastName": "\u0e28\u0e34\u0e23\u0e34\u0e27\u0e07\u0e28\u0e4c\u0e2a\u0e01\u0e38\u0e25\u0e0a\u0e31\u0e22", "idCardImage": "VVV/wDQHxT8EPD6n9DTgvxlyTJqXD/GPCfD3D+JzbEZfzunxph+JuJMPlmOhn8as5c2Y4bH5osxyvNaadTB4SnWyWWHr4KrhJZf/9k=", "imagesPost": "201808101715481533896148459_0891230862_1670800149907_IMGPOST_MC_KYC_SM.jpg", "imagesFace": "201808101715481533896148459_0891230862_1670800149907_FACE_MC_KYC_SM.jpg", "smartCardTitleName": "\u0e04\u0e38\u0e13", "smartCardFirstName": "\u0e0a\u0e32\u0e19\u0e19\u0e17\u0e4c  ", "smartCardLastName": "\u0e28\u0e34\u0e23\u0e34\u0e27\u0e07\u0e28\u0e4c\u0e2a\u0e01\u0e38\u0e25\u0e0a\u0e31\u0e22", "smartCardAddress": "", "smartCardBirthdate": "05/05/1990", "smartCardGender": "F", "businessDocument": "/export/home/MNT_NFS/DigitalApp/MYCH/NewRegis/bizdoc/20200727/1659902128567_0987961973_202007271344152771978_idcard_MC_SM.jpg ", "verifyType": "Smart Card", "dataChannel": "", "dopaStatus": "Online", "project": "SKY FBB", "createdBy": "JATUH603", "imagesId": ""}, "appointment": {"appointmentDate": "13/05/2024", "assignConditionAreaRegion": "BKK", "assignConditionEventRule": "New", "assignConditionServiceLevel": "L", "assignConditionSpecialSkill": "", "baNo": "32300070266556", "fbbContactNo1": "8870011911", "fbbContactNo2": "", "installationCapacity": "22/29", "msisdn": "", "onlineFlag": "N", "playBoxAmount": "", "regTime": "", "remarkForSubcontract": "ATV PLAYBOX 24 m", "replaceOntFlag": "", "replaceRouterFlag": "", "reservedId": "221111103401754000", "reservedPort": "4091693", "routerNum": "", "shortcode": "", "sTaffID": "", "subAccessMode": "", "subRequestFlag": "", "symptom": "", "timeslot": "16:00-18:30", "urgentFlag": "0"}, "agreement": {"PJSBillType": "", "PJSBizModel": "", "PJSCodeProject": "", "PJSDevelopCode": "", "PJSDeveloper": "", "PJSPackageOnInvoice": "", "PJSPartnerReconcileFlg": "", "PJSRefDoc": "", "PJSTypeofCharging": "", "PJSVillageName": "", "privilegePoints": "100", "referrerFbbId": "8870011911", "referrerIdCard": "D202305301107", "referrerOffer": "point"}, "paymentInfo": {"paidAmt": "640.00", "passwordRefund": "", "paymentDate": "", "paymentMethod": "Cash", "transactionId": "23062023001140000012"}, "documentTracking": [{"docCode": "600", "docPath": "/aaa/testFBB/", "docFilename": "Filename.xxx"}]}</msg>
<status status="PASS" starttime="20240830 17:47:34.771" endtime="20240830 17:47:34.772"/>
</kw>
<kw name="POST On Session" library="RequestsLibrary">
<var>${resp}</var>
<arg>tmd</arg>
<arg>${Empty}</arg>
<arg>data=${jsondm}</arg>
<arg>expected_status=any</arg>
<doc>Sends a POST request on a previously created HTTP Session.</doc>
<msg timestamp="20240830 17:47:47.503" level="INFO">POST Request : url=https://test-sky.intra.ais:2443/fbb/register/conductor/v1/order 
 path_url=/fbb/register/conductor/v1/order 
 headers={'User-Agent': 'python-requests/2.32.3', 'Accept-Encoding': 'gzip, deflate', 'Accept': '*/*', 'Connection': 'keep-alive', 'Content-Type': 'application/json;charset=utf-8', 'Authorization': 'Bearer eyJ0eXAiOiJKV1QiLCJhbGciOiJIUzI1NiJ9.eyJzdWIiOiJoa191c3IiLCJyb2xlIjoiQ1JVRCIsImFwcGxpY2F0aW9uIjoiaGsiLCJpc3MiOiJza3ktYXV0aCIsImV4cCI6MTcyNTAxNTQ1OSwiaWF0IjoxNzI1MDE0ODU5fQ.ivAWDF9RvnLZapcE_wzr_mJSHiDrnJ6WH0HnQQ0unaA', 'Content-Length': '8233'} 
 body={"customerOrderType": "New Registration", "activity": "1st Submit", "subActivity": "", "productOwner": "3BB", "publicIdType": "idCardNumber", "publicIdValue": "6996923113962", "privateIdType": "referenceNo", "privateIdValue": "TBB-2024-08-30KK1747345870", "staffPrivilegeTransId": "202405131417000001", "chargeType": "Post-paid", "projectDevCd": "PF001:\u0e1e\u0e23\u0e2d\u0e1e\u0e40\u0e1e\u0e2d\u0e23\u0e4c\u0e15\u0e35\u0e49 \u0e40\u0e1e\u0e2d\u0e40\u0e1f\u0e01:7500", "note": "SKY Test FBB MultiInstance", "channel": "MyChannel", "reasonCode": "958", "callbackUrl": "http://10.138.21.213:7001/testCall", "orderDate": "30/08/2024 17:47:34", "accountInfo": {"caName": "\u0e0a\u0e32\u0e19\u0e19\u0e17\u0e4c \u0e28\u0e34\u0e23\u0e34\u0e27\u0e07\u0e28\u0e4c\u0e2a\u0e01\u0e38\u0e25\u0e0a\u0e31\u0e22", "accountType": "R", "accountSubCat": "THA", "birthdate": "05/05/1990", "gender": "F", "citizenship": "Thailand", "branchNumber": "10000", "serviceLevel": "M", "serviceLevelReason": "FBB_N", "mobileNumberContact": "0893647913", "phoneNumberContact": "0257896521", "titleName": "\u0e04\u0e38\u0e13", "contactFirstName": "\u0e0a\u0e32\u0e19\u0e19\u0e17\u0e4c", "contactLastName": "\u0e28\u0e34\u0e23\u0e34\u0e27\u0e07\u0e28\u0e4c\u0e2a\u0e01\u0e38\u0e25\u0e0a\u0e31\u0e22", "contactTitle": "\u0e04\u0e38\u0e13", "emailContact": "skyfbb@ais.co.th", "vatRate": "7%", "hierarchyBillFlg": "Y", "hierarchyBillCycle": "13", "address": {"homeNumber": "56", "buildingName": "The Inside House", "floor": "5", "room": "13", "moo": "1", "mooBan": "\u0e2a\u0e32\u0e21\u0e25\u0e49\u0e32\u0e19", "soi": "\u0e2a\u0e32\u0e21\u0e25\u0e49\u0e32\u0e19 1", "street": "\u0e16\u0e19\u0e19 \u0e2a\u0e32\u0e21\u0e25\u0e49\u0e32\u0e19", "tumbol": "\u0e1e\u0e23\u0e30\u0e2a\u0e34\u0e07\u0e2b\u0e4c", "amphur": "\u0e40\u0e21\u0e37\u0e2d\u0e07\u0e40\u0e0a\u0e35\u0e22\u0e07\u0e43\u0e2b\u0e21\u0e48", "province": "\u0e40\u0e0a\u0e35\u0e22\u0e07\u0e43\u0e2b\u0e21\u0e48", "zipCode": "50200", "engFlag": "N"}, "vatInfo": {"vatName": "\u0e0a\u0e32\u0e19\u0e19\u0e17\u0e4c \u0e28\u0e34\u0e23\u0e34\u0e27\u0e07\u0e28\u0e4c\u0e2a\u0e01\u0e38\u0e25\u0e0a\u0e31\u0e22", "vatAddress1": "56", "vatAddress3": "\u0e16\u0e19\u0e19 \u0e2a\u0e32\u0e21\u0e25\u0e49\u0e32\u0e19", "vatAddress4": "\u0e1e\u0e23\u0e30\u0e2a\u0e34\u0e07\u0e2b\u0e4c", "vatAddress5": "\u0e40\u0e0a\u0e35\u0e22\u0e07\u0e43\u0e2b\u0e21\u0e48", "vatAddress6": "50200"}, "baInfo": {"baName": "\u0e0a\u0e32\u0e19\u0e19\u0e17\u0e4c \u0e28\u0e34\u0e23\u0e34\u0e27\u0e07\u0e28\u0e4c\u0e2a\u0e01\u0e38\u0e25\u0e0a\u0e31\u0e22 Billing", "billName": "\u0e0a\u0e32\u0e19\u0e19\u0e17\u0e4c \u0e28\u0e34\u0e23\u0e34\u0e27\u0e07\u0e28\u0e4c\u0e2a\u0e01\u0e38\u0e25\u0e0a\u0e31\u0e22 Billing A", "billCycle": "13", "billLanguage": "Thai", "billMedia": "SMS + Email", "emailBillTo": "skyfbb@ais.co.th", "smsBillTo": "0990376659", "branchNumber": "54321", "emailContact": "skyfbb@ais.co.th", "mobileNumberContact": "0893647913", "phoneNumberContact": "0257896521", "titleName": "\u0e04\u0e38\u0e13", "contactFirstName": "\u0e0a\u0e32\u0e19\u0e19\u0e17\u0e4c", "contactLastName": "\u0e28\u0e34\u0e23\u0e34\u0e27\u0e07\u0e28\u0e4c\u0e2a\u0e01\u0e38\u0e25\u0e0a\u0e31\u0e22", "contactTitle": "\u0e04\u0e38\u0e13", "vatRate": "7%", "address": {"homeNumber": "56", "buildingName": "The Inside House", "floor": "5", "room": "13", "moo": "1", "mooBan": "\u0e2a\u0e32\u0e21\u0e25\u0e49\u0e32\u0e19", "soi": "\u0e2a\u0e32\u0e21\u0e25\u0e49\u0e32\u0e19 1", "street": "\u0e16\u0e19\u0e19 \u0e2a\u0e32\u0e21\u0e25\u0e49\u0e32\u0e19", "tumbol": "\u0e1e\u0e23\u0e30\u0e2a\u0e34\u0e07\u0e2b\u0e4c", "amphur": "\u0e40\u0e21\u0e37\u0e2d\u0e07\u0e40\u0e0a\u0e35\u0e22\u0e07\u0e43\u0e2b\u0e21\u0e48", "province": "\u0e40\u0e0a\u0e35\u0e22\u0e07\u0e43\u0e2b\u0e21\u0e48", "zipCode": "50200", "engFlag": "N"}, "technologyInfo": [{"instanceName": "FibreToTheRoomLine", "action": "Add", "characteristics": [{"name": "latitude", "value": "17.398091"}, {"name": "longitude", "value": "102.804772"}, {"name": "installAddress1", "value": "22 \u0e25\u0e38\u0e21\u0e1e\u0e34\u0e19\u0e35 \u0e40\u0e1e\u0e25\u0e2a \u0e22\u0e39\u0e14\u0e35 \u0e42\u0e1e\u0e18\u0e4c\u0e28\u0e23\u0e35 \u0e0b\u0e351"}, {"name": "installAddress2", "value": "\u0e2b\u0e21\u0e32\u0e01\u0e41\u0e02\u0e49\u0e07"}, {"name": "installAddress3", "value": "\u0e40\u0e21\u0e37\u0e2d\u0e07\u0e2d\u0e38\u0e14\u0e23\u0e18\u0e32\u0e19\u0e35"}, {"name": "installAddress4", "value": "\u0e2d\u0e38\u0e14\u0e23\u0e18\u0e32\u0e19\u0e35"}, {"name": "installAddress5", "value": "41000"}, {"name": "password", "value": "3DLVO5CTLA"}, {"name": "ia", "value": "05900266999"}, {"name": "networkProvider", "value": "AWN"}, {"name": "contactName", "value": "\u0e0a\u0e32\u0e19\u0e19\u0e17\u0e4c \u0e28\u0e34\u0e23\u0e34\u0e27\u0e07\u0e28\u0e4c\u0e2a\u0e01\u0e38\u0e25\u0e0a\u0e31\u0e22"}, {"name": "contactMobilePhone", "value": "0990376659"}, {"name": "addressId", "value": "20615339"}, {"name": "phoneFlag", "value": "N"}, {"name": "flowFlag", "value": "3"}], "productOrderItem": [{"idType": "offeringPriceId", "idValue": "O2002P200200473", "action": "Add", "productOrderReason": "960", "effectiveType": "I", "characteristics": []}, {"idType": "offeringPriceId", "idValue": "O1610P16105339", "action": "Add", "productOrderReason": "960", "effectiveType": "I", "characteristics": []}]}]}}, "relateParty": {"subcontractor": "", "orderCreator": {"name": "AWN_FBB", "locationCode": "1008903", "accessNumber": "662666"}, "dealer": {"code": "", "branchLocationCode": "1008903", "mobileNo": "0848209499", "registerLocationCode": "117997"}, "employeeId": "0806715572", "installStaffID": "16390003", "saleStaffName": "Pimpaka"}, "customerIdentity": {"smartCardBAFlag": "N", "orderVerify": "User", "idCardType": "\u0e1a\u0e31\u0e15\u0e23\u0e1b\u0e23\u0e30\u0e0a\u0e32\u0e0a\u0e19", "idCardNumber": "6996923113962", "issueDate": "16/2/2020", "titleName": "\u0e04\u0e38\u0e13", "firstName": "\u0e0a\u0e32\u0e19\u0e19\u0e17\u0e4c", "lastName": "\u0e28\u0e34\u0e23\u0e34\u0e27\u0e07\u0e28\u0e4c\u0e2a\u0e01\u0e38\u0e25\u0e0a\u0e31\u0e22", "idCardImage": "VVV/wDQHxT8EPD6n9DTgvxlyTJqXD/GPCfD3D+JzbEZfzunxph+JuJMPlmOhn8as5c2Y4bH5osxyvNaadTB4SnWyWWHr4KrhJZf/9k=", "imagesPost": "201808101715481533896148459_0891230862_1670800149907_IMGPOST_MC_KYC_SM.jpg", "imagesFace": "201808101715481533896148459_0891230862_1670800149907_FACE_MC_KYC_SM.jpg", "smartCardTitleName": "\u0e04\u0e38\u0e13", "smartCardFirstName": "\u0e0a\u0e32\u0e19\u0e19\u0e17\u0e4c  ", "smartCardLastName": "\u0e28\u0e34\u0e23\u0e34\u0e27\u0e07\u0e28\u0e4c\u0e2a\u0e01\u0e38\u0e25\u0e0a\u0e31\u0e22", "smartCardAddress": "", "smartCardBirthdate": "05/05/1990", "smartCardGender": "F", "businessDocument": "/export/home/MNT_NFS/DigitalApp/MYCH/NewRegis/bizdoc/20200727/1659902128567_0987961973_202007271344152771978_idcard_MC_SM.jpg ", "verifyType": "Smart Card", "dataChannel": "", "dopaStatus": "Online", "project": "SKY FBB", "createdBy": "JATUH603", "imagesId": ""}, "appointment": {"appointmentDate": "13/05/2024", "assignConditionAreaRegion": "BKK", "assignConditionEventRule": "New", "assignConditionServiceLevel": "L", "assignConditionSpecialSkill": "", "baNo": "32300070266556", "fbbContactNo1": "8870011911", "fbbContactNo2": "", "installationCapacity": "22/29", "msisdn": "", "onlineFlag": "N", "playBoxAmount": "", "regTime": "", "remarkForSubcontract": "ATV PLAYBOX 24 m", "replaceOntFlag": "", "replaceRouterFlag": "", "reservedId": "221111103401754000", "reservedPort": "4091693", "routerNum": "", "shortcode": "", "sTaffID": "", "subAccessMode": "", "subRequestFlag": "", "symptom": "", "timeslot": "16:00-18:30", "urgentFlag": "0"}, "agreement": {"PJSBillType": "", "PJSBizModel": "", "PJSCodeProject": "", "PJSDevelopCode": "", "PJSDeveloper": "", "PJSPackageOnInvoice": "", "PJSPartnerReconcileFlg": "", "PJSRefDoc": "", "PJSTypeofCharging": "", "PJSVillageName": "", "privilegePoints": "100", "referrerFbbId": "8870011911", "referrerIdCard": "D202305301107", "referrerOffer": "point"}, "paymentInfo": {"paidAmt": "640.00", "passwordRefund": "", "paymentDate": "", "paymentMethod": "Cash", "transactionId": "23062023001140000012"}, "documentTracking": [{"docCode": "600", "docPath": "/aaa/testFBB/", "docFilename": "Filename.xxx"}]} 
 </msg>
<msg timestamp="20240830 17:47:47.504" level="INFO">POST Response : url=https://test-sky.intra.ais:2443/fbb/register/conductor/v1/order 
 status=200, reason= 
 headers={'Date': 'Fri, 30 Aug 2024 10:47:51 GMT', 'Content-Type': 'application/json', 'Transfer-Encoding': 'chunked', 'Connection': 'keep-alive', 'RateLimit-Reset': '1', 'X-RateLimit-Remaining-Second': '99', 'X-RateLimit-Limit-Second': '100', 'RateLimit-Limit': '100', 'RateLimit-Remaining': '99', 'Strict-Transport-Security': 'max-age=15724800; includeSubDomains', 'X-Content-Type-Options': 'nosniff', 'X-Frame-Options': 'DENY', 'X-XSS-Protection': '1; mode=block', 'Content-Security-Policy': "default-src 'self'", 'Access-Control-Allow-Origin': '*', 'Access-Control-Allow-Methods': 'GET, POST, PUT, PATCH, DELETE', 'Cache-Control': 'no-cache, no-store, max-age=0, must-revalidate', 'Pragma': 'no-cache', 'Expires': '0', 'X-Kong-Upstream-Latency': '10651', 'X-Kong-Proxy-Latency': '2006', 'Via': 'kong/2.4.1'} 
 body={"orderNo":"FS-wqhpq-24083017474121863777135","orderRefId":"FC-nr8g9-24083017474131795734","staffPrivilegeTransId":"202405131417000001","publicIdType":"idCardNumber","publicIdValue":"6996923113962","privateIdType":"referenceNo","privateIdValue":"TBB-2024-08-30KK1747345870","iaAttlist":[{"iaNo":"05900266999","nonMobileNo":"8884001526"}],"nonMobileNo":"8884001526","caNumber":"32400070320766","baNumber":"32400070320767"} 
 </msg>
<msg timestamp="20240830 17:47:47.504" level="INFO">C:\Users\bandh443\AppData\Roaming\Python\Python311\site-packages\urllib3\connectionpool.py:1099: InsecureRequestWarning: Unverified HTTPS request is being made to host 'test-sky.intra.ais'. Adding certificate verification is strongly advised. See: https://urllib3.readthedocs.io/en/latest/advanced-usage.html#tls-warnings
  warnings.warn(</msg>
<msg timestamp="20240830 17:47:47.504" level="INFO">${resp} = &lt;Response [200]&gt;</msg>
<status status="PASS" starttime="20240830 17:47:34.772" endtime="20240830 17:47:47.504"/>
</kw>
<kw name="Set Global Variable" library="BuiltIn">
<arg>${status}</arg>
<arg>${resp.status_code}</arg>
<doc>Makes a variable available globally in all tests and suites.</doc>
<msg timestamp="20240830 17:47:47.507" level="INFO">${status} = 200</msg>
<status status="PASS" starttime="20240830 17:47:47.505" endtime="20240830 17:47:47.507"/>
</kw>
<return>
<value>${resp}</value>
<status status="PASS" starttime="20240830 17:47:47.507" endtime="20240830 17:47:47.507"/>
</return>
<msg timestamp="20240830 17:47:47.507" level="INFO">${orderResp} = &lt;Response [200]&gt;</msg>
<status status="PASS" starttime="20240830 17:47:34.765" endtime="20240830 17:47:47.507"/>
</kw>
<kw name="Log" library="BuiltIn">
<arg>${orderResp}</arg>
<doc>Logs the given message with the given level.</doc>
<msg timestamp="20240830 17:47:47.507" level="INFO">&lt;Response [200]&gt;</msg>
<status status="PASS" starttime="20240830 17:47:47.507" endtime="20240830 17:47:47.507"/>
</kw>
<kw name="Evaluate" library="BuiltIn">
<var>${resp_body}</var>
<arg>json.loads("""${orderResp.content}""")</arg>
<arg>json</arg>
<doc>Evaluates the given expression in Python and returns the result.</doc>
<msg timestamp="20240830 17:47:47.508" level="INFO">${resp_body} = {'orderNo': 'FS-wqhpq-24083017474121863777135', 'orderRefId': 'FC-nr8g9-24083017474131795734', 'staffPrivilegeTransId': '202405131417000001', 'publicIdType': 'idCardNumber', 'publicIdValue': '69969231...</msg>
<status status="PASS" starttime="20240830 17:47:47.507" endtime="20240830 17:47:47.508"/>
</kw>
<kw name="Dumps" library="json">
<var>${resp_body_dm}</var>
<arg>${resp_body}</arg>
<doc>Serialize ``obj`` to a JSON formatted ``str``.</doc>
<msg timestamp="20240830 17:47:47.508" level="INFO">${resp_body_dm} = {"orderNo": "FS-wqhpq-24083017474121863777135", "orderRefId": "FC-nr8g9-24083017474131795734", "staffPrivilegeTransId": "202405131417000001", "publicIdType": "idCardNumber", "publicIdValue": "69969231...</msg>
<status status="PASS" starttime="20240830 17:47:47.508" endtime="20240830 17:47:47.509"/>
</kw>
<kw name="Set Global Variable" library="BuiltIn">
<arg>${result_resp}</arg>
<arg>${resp_body_dm}</arg>
<doc>Makes a variable available globally in all tests and suites.</doc>
<msg timestamp="20240830 17:47:47.510" level="INFO">${result_resp} = {"orderNo": "FS-wqhpq-24083017474121863777135", "orderRefId": "FC-nr8g9-24083017474131795734", "staffPrivilegeTransId": "202405131417000001", "publicIdType": "idCardNumber", "publicIdValue": "69969231...</msg>
<status status="PASS" starttime="20240830 17:47:47.509" endtime="20240830 17:47:47.510"/>
</kw>
<kw name="Set Global Variable" library="BuiltIn">
<arg>${orderRes_Newregister_1st}</arg>
<arg>${resp_body}</arg>
<doc>Makes a variable available globally in all tests and suites.</doc>
<msg timestamp="20240830 17:47:47.511" level="INFO">${orderRes_Newregister_1st} = {'orderNo': 'FS-wqhpq-24083017474121863777135', 'orderRefId': 'FC-nr8g9-24083017474131795734', 'staffPrivilegeTransId': '202405131417000001', 'publicIdType': 'idCardNumber', 'publicIdValue': '69969231...</msg>
<status status="PASS" starttime="20240830 17:47:47.510" endtime="20240830 17:47:47.511"/>
</kw>
<kw name="Log" library="BuiltIn">
<arg>${resp_body_dm}</arg>
<doc>Logs the given message with the given level.</doc>
<msg timestamp="20240830 17:47:47.511" level="INFO">{"orderNo": "FS-wqhpq-24083017474121863777135", "orderRefId": "FC-nr8g9-24083017474131795734", "staffPrivilegeTransId": "202405131417000001", "publicIdType": "idCardNumber", "publicIdValue": "6996923113962", "privateIdType": "referenceNo", "privateIdValue": "TBB-2024-08-30KK1747345870", "iaAttlist": [{"iaNo": "05900266999", "nonMobileNo": "8884001526"}], "nonMobileNo": "8884001526", "caNumber": "32400070320766", "baNumber": "32400070320767"}</msg>
<status status="PASS" starttime="20240830 17:47:47.511" endtime="20240830 17:47:47.511"/>
</kw>
<return>
<value>${resp_body}</value>
<status status="PASS" starttime="20240830 17:47:47.511" endtime="20240830 17:47:47.511"/>
</return>
<msg timestamp="20240830 17:47:47.511" level="INFO">${order} = {'orderNo': 'FS-wqhpq-24083017474121863777135', 'orderRefId': 'FC-nr8g9-24083017474131795734', 'staffPrivilegeTransId': '202405131417000001', 'publicIdType': 'idCardNumber', 'publicIdValue': '69969231...</msg>
<status status="PASS" starttime="20240830 17:47:34.627" endtime="20240830 17:47:47.511"/>
</kw>
<kw name="Set Variable" library="BuiltIn">
<var>${loopRESEND}</var>
<arg>${True}</arg>
<doc>Returns the given values which can then be assigned to a variables.</doc>
<msg timestamp="20240830 17:47:47.512" level="INFO">${loopRESEND} = True</msg>
<status status="PASS" starttime="20240830 17:47:47.511" endtime="20240830 17:47:47.512"/>
</kw>
<while condition="${loopRESEND}">
<iter>
<kw name="Query Database on Sky for check COMPLETE FBB newregister 1st">
<var>${checkCOMPLETE}</var>
<arg>${order["orderNo"]}</arg>
<kw name="Connect Database on Sky IOT">
<kw name="Connect To Database Using Custom Params" library="DatabaseLibrary">
<arg>cx_Oracle</arg>
<arg>'skyfbbsa/fbb#sa22@10.252.53.34:1533/phxiotdb'</arg>
<doc>Loads the DB API 2.0 module given `dbapiModuleName` then uses it to
connect to the database using the map string `db_connect_string`
(parsed as a list of named arguments).</doc>
<msg timestamp="20240830 17:47:47.549" level="INFO">Executing : Connect To Database Using Custom Params : cx_Oracle.connect(db_api_2.connect('skyfbbsa/fbb#sa22@10.252.53.34:1533/phxiotdb'))</msg>
<status status="PASS" starttime="20240830 17:47:47.513" endtime="20240830 17:47:48.502"/>
</kw>
<status status="PASS" starttime="20240830 17:47:47.513" endtime="20240830 17:47:48.503"/>
</kw>
<kw name="Set Variable" library="BuiltIn">
<var>${Sky_query_task_orderRefId}</var>
<arg>SELECT STATE FROM FBBNEWCDDADM.FBBNEWCDD_INSTANCE fi WHERE id = '${ordernoDB}'</arg>
<doc>Returns the given values which can then be assigned to a variables.</doc>
<msg timestamp="20240830 17:47:48.503" level="INFO">${Sky_query_task_orderRefId} = SELECT STATE FROM FBBNEWCDDADM.FBBNEWCDD_INSTANCE fi WHERE id = 'FS-wqhpq-24083017474121863777135'</msg>
<status status="PASS" starttime="20240830 17:47:48.503" endtime="20240830 17:47:48.503"/>
</kw>
<kw name="Query" library="DatabaseLibrary">
<var>${Result0fQuery}</var>
<arg>${Sky_query_task_orderRefId}</arg>
<doc>Runs a query with the ``selectStatement`` and returns the result as a list of rows.
The type of row values depends on the database module -
usually they are tuples or tuple-like objects.</doc>
<msg timestamp="20240830 17:47:48.504" level="INFO">Executing : Query  |  SELECT STATE FROM FBBNEWCDDADM.FBBNEWCDD_INSTANCE fi WHERE id = 'FS-wqhpq-24083017474121863777135' </msg>
<msg timestamp="20240830 17:47:48.534" level="INFO">${Result0fQuery} = [('InProgress',)]</msg>
<status status="PASS" starttime="20240830 17:47:48.503" endtime="20240830 17:47:48.534"/>
</kw>
<if>
<branch type="IF" condition="&quot;${Result0fQuery}[0][0]&quot; == &quot;Completed&quot;">
<kw name="Set Variable" library="BuiltIn">
<var>${STATE}</var>
<arg>${True}</arg>
<doc>Returns the given values which can then be assigned to a variables.</doc>
<status status="NOT RUN" starttime="20240830 17:47:48.535" endtime="20240830 17:47:48.535"/>
</kw>
<status status="NOT RUN" starttime="20240830 17:47:48.534" endtime="20240830 17:47:48.535"/>
</branch>
<branch type="ELSE">
<kw name="Set Variable" library="BuiltIn">
<var>${STATE}</var>
<arg>${False}</arg>
<doc>Returns the given values which can then be assigned to a variables.</doc>
<msg timestamp="20240830 17:47:48.535" level="INFO">${STATE} = False</msg>
<status status="PASS" starttime="20240830 17:47:48.535" endtime="20240830 17:47:48.535"/>
</kw>
<status status="PASS" starttime="20240830 17:47:48.535" endtime="20240830 17:47:48.535"/>
</branch>
<status status="PASS" starttime="20240830 17:47:48.534" endtime="20240830 17:47:48.535"/>
</if>
<kw name="Disconnect From Database" library="DatabaseLibrary">
<doc>Disconnects from the database.</doc>
<msg timestamp="20240830 17:47:48.535" level="INFO">Executing : Disconnect From Database</msg>
<status status="PASS" starttime="20240830 17:47:48.535" endtime="20240830 17:47:48.567"/>
</kw>
<return>
<value>${STATE}</value>
<status status="PASS" starttime="20240830 17:47:48.567" endtime="20240830 17:47:48.567"/>
</return>
<msg timestamp="20240830 17:47:48.567" level="INFO">${checkCOMPLETE} = False</msg>
<status status="PASS" starttime="20240830 17:47:47.512" endtime="20240830 17:47:48.568"/>
</kw>
<if>
<branch type="IF" condition="${checkCOMPLETE}">
<kw name="Set Variable" library="BuiltIn">
<var>${loopRESEND}</var>
<arg>${False}</arg>
<doc>Returns the given values which can then be assigned to a variables.</doc>
<status status="NOT RUN" starttime="20240830 17:47:48.568" endtime="20240830 17:47:48.568"/>
</kw>
<status status="NOT RUN" starttime="20240830 17:47:48.568" endtime="20240830 17:47:48.568"/>
</branch>
<branch type="ELSE">
<kw name="Query Database on Sky for check if RESEND FBB newregister 1st">
<var>${checkRESEND}</var>
<arg>${order["orderNo"]}</arg>
<kw name="Connect Database on Sky IOT">
<kw name="Connect To Database Using Custom Params" library="DatabaseLibrary">
<arg>cx_Oracle</arg>
<arg>'skyfbbsa/fbb#sa22@10.252.53.34:1533/phxiotdb'</arg>
<doc>Loads the DB API 2.0 module given `dbapiModuleName` then uses it to
connect to the database using the map string `db_connect_string`
(parsed as a list of named arguments).</doc>
<msg timestamp="20240830 17:47:48.569" level="INFO">Executing : Connect To Database Using Custom Params : cx_Oracle.connect(db_api_2.connect('skyfbbsa/fbb#sa22@10.252.53.34:1533/phxiotdb'))</msg>
<status status="PASS" starttime="20240830 17:47:48.569" endtime="20240830 17:47:48.831"/>
</kw>
<status status="PASS" starttime="20240830 17:47:48.569" endtime="20240830 17:47:48.831"/>
</kw>
<kw name="Set Variable" library="BuiltIn">
<var>${Sky_query_task_orderRefId}</var>
[...]
                            "taxAmt": "42.52",
                            "equipmentType": "PlayBox"
                        }
                    ]
        }
    ],
    "appointment": {
        "appointmentDate": "10/05/2024",
        "assignConditionAreaRegion": "BKK",
        "assignConditionEventRule": "New",
        "assignConditionServiceLevel": "L",
        "assignConditionSpecialSkill": "",
        "baNo": "32400070310146",
        "fbbContactNo1": "8870011911",
        "fbbContactNo2": "",
        "installationCapacity": "22/29",
        "msisdn": "",
        "onlineFlag": "N",
        "playBoxAmount": "",
        "regTime": "",
        "remarkForSubcontract": "ATV PLAYBOX 24 m",
        "replaceOntFlag": "",
        "replaceRouterFlag": "",
        "reservedId": "221111103401754000",
        "reservedPort": "4091693",
        "routerNum": "",
        "shortcode": "",
        "sTaffID": "",
        "subAccessMode": "",
        "subRequestFlag": "",
        "symptom": "",
        "timeslot": "16:00-18:30",
        "urgentFlag": "0",
        "contactMobilePhone": "0870011911",
        "contactName": "ณัฐกิตติ์ ปิติโอภา",
        "installAddress1": "22 ลุมพินี เพลส ยูดี",
        "installAddress2": "หมากแข้ง",
        "installAddress3": "เมืองอุดรธานี",
        "installAddress4": "อุดรธานี",
        "installAddress5": "41000"
    }
}</msg>
<status status="PASS" starttime="20240830 17:48:15.622" endtime="20240830 17:48:15.622"/>
</kw>
<kw name="Evaluate" library="BuiltIn">
<var>${object}</var>
<arg>json.loads('''${json}''')</arg>
<arg>json</arg>
<doc>Evaluates the given expression in Python and returns the result.</doc>
<msg timestamp="20240830 17:48:15.622" level="INFO">${object} = {'customerOrderType': 'migrate3BB', 'activity': '', 'subActivity': '', 'productOwner': '3BB', 'publicIdType': 'fbbId', 'publicIdValue': '8884001527', 'privateIdType': 'referenceNo', 'privateIdValue': ...</msg>
<status status="PASS" starttime="20240830 17:48:15.622" endtime="20240830 17:48:15.622"/>
</kw>
<kw name="Dumps" library="json">
<var>${jsondm}</var>
<arg>${object}</arg>
<doc>Serialize ``obj`` to a JSON formatted ``str``.</doc>
<msg timestamp="20240830 17:48:15.622" level="INFO">${jsondm} = {"customerOrderType": "migrate3BB", "activity": "", "subActivity": "", "productOwner": "3BB", "publicIdType": "fbbId", "publicIdValue": "8884001527", "privateIdType": "referenceNo", "privateIdValue": ...</msg>
<status status="PASS" starttime="20240830 17:48:15.622" endtime="20240830 17:48:15.622"/>
</kw>
<kw name="Log" library="BuiltIn">
<arg>${jsondm}</arg>
<doc>Logs the given message with the given level.</doc>
<msg timestamp="20240830 17:48:15.622" level="INFO">{"customerOrderType": "migrate3BB", "activity": "", "subActivity": "", "productOwner": "3BB", "publicIdType": "fbbId", "publicIdValue": "8884001527", "privateIdType": "referenceNo", "privateIdValue": "TBB-2024-08-30KK1748151660", "staffPrivilegeTransId": "20230601", "chargeType": "Post-paid", "projectDevCd": "PF001:\u0e1e\u0e23\u0e2d\u0e1e\u0e40\u0e1e\u0e2d\u0e23\u0e4c\u0e15\u0e35\u0e49 \u0e40\u0e1e\u0e2d\u0e40\u0e1f\u0e01:7500", "note": "Test 3BBSyncOrder", "channel": "TBBShop", "reasonCode": "958", "callbackUrl": "http://10.138.21.213:7001/testCall", "orderDate": "30/08/2024 17:48:15", "closeOrderDate": "21/07/2025 15:23:00", "cvgFlag": "N", "projectName": "", "subProjectName": "", "mainPromoBand": "FMC", "paymentType": "Post-paid", "technologyInfo": [{"baNumber": "32400070320767", "characteristics": [{"name": "businessModel", "value": "TBB"}, {"name": "latitude", "value": "17.398091"}, {"name": "longitude", "value": "102.804772"}, {"name": "password", "value": "TBB"}, {"name": "ia", "value": "20241000127458"}, {"name": "networkProvider", "value": "AWN"}, {"name": "orderNo", "value": "20241000127458"}, {"name": "splitter2_1", "value": "TBB"}, {"name": "distance_1", "value": "TBB"}, {"name": "splitter2_2", "value": "TBB"}, {"name": "distance_2", "value": "TBB"}, {"name": "splitter2_3", "value": "TBB"}, {"name": "distance_3", "value": "TBB"}, {"name": "splitter2_4", "value": "TBB"}, {"name": "distance_4", "value": "TBB"}, {"name": "splitter2_5", "value": "TBB"}, {"name": "distance_5", "value": "TBB"}], "instanceName": "VeryHighBitRateDigitalSubscriberLine", "action": "Add", "mobileNo": "022587458", "provinceCode": "BKK", "baName": "\u0e01\u0e21\u0e25\u0e09\u0e31\u0e19\u0e17\u0e4c  \u0e2d\u0e34\u0e19\u0e17\u0e23\u0e1b\u0e23\u0e30\u0e2a\u0e32\u0e17   Billing Billing A-1", "billCycle": "13", "serviceLevel": "H", "serviceLevelReason": "FBB_V", "effectiveDate": "31/08/2024 17:48:15", "productOrderItem": [{"idType": "offeringPriceId", "idValue": "O2008P200802352", "action": "Add", "productOrderReason": "956", "effectiveType": "F", "effectiveDate": "32/08/2024 17:48:15", "expirationDate": "13/12/2025 10:27:33", "characteristics": []}, {"idType": "offeringPriceId", "idValue": "O1610P16105337", "action": "Add", "productOrderReason": "956", "effectiveType": "F", "effectiveDate": "32/08/2024 17:58:15", "expirationDate": "13/12/2025 10:27:33", "characteristics": []}], "feeItem": [{"idType": "offeringPriceId", "idValue": "O1706P17068552", "action": "Add", "orderFeePrice": "650.00", "itemPrice": "607.48", "taxAmt": "42.52", "equipmentType": "PlayBox"}]}], "appointment": {"appointmentDate": "10/05/2024", "assignConditionAreaRegion": "BKK", "assignConditionEventRule": "New", "assignConditionServiceLevel": "L", "assignConditionSpecialSkill": "", "baNo": "32400070310146", "fbbContactNo1": "8870011911", "fbbContactNo2": "", "installationCapacity": "22/29", "msisdn": "", "onlineFlag": "N", "playBoxAmount": "", "regTime": "", "remarkForSubcontract": "ATV PLAYBOX 24 m", "replaceOntFlag": "", "replaceRouterFlag": "", "reservedId": "221111103401754000", "reservedPort": "4091693", "routerNum": "", "shortcode": "", "sTaffID": "", "subAccessMode": "", "subRequestFlag": "", "symptom": "", "timeslot": "16:00-18:30", "urgentFlag": "0", "contactMobilePhone": "0870011911", "contactName": "\u0e13\u0e31\u0e10\u0e01\u0e34\u0e15\u0e15\u0e34\u0e4c \u0e1b\u0e34\u0e15\u0e34\u0e42\u0e2d\u0e20\u0e32", "installAddress1": "22 \u0e25\u0e38\u0e21\u0e1e\u0e34\u0e19\u0e35 \u0e40\u0e1e\u0e25\u0e2a \u0e22\u0e39\u0e14\u0e35", "installAddress2": "\u0e2b\u0e21\u0e32\u0e01\u0e41\u0e02\u0e49\u0e07", "installAddress3": "\u0e40\u0e21\u0e37\u0e2d\u0e07\u0e2d\u0e38\u0e14\u0e23\u0e18\u0e32\u0e19\u0e35", "installAddress4": "\u0e2d\u0e38\u0e14\u0e23\u0e18\u0e32\u0e19\u0e35", "installAddress5": "41000"}}</msg>
<status status="PASS" starttime="20240830 17:48:15.622" endtime="20240830 17:48:15.623"/>
</kw>
<kw name="POST On Session" library="RequestsLibrary">
<var>${resp}</var>
<arg>tmd</arg>
<arg>${Empty}</arg>
<arg>data=${jsondm}</arg>
<arg>expected_status=any</arg>
<doc>Sends a POST request on a previously created HTTP Session.</doc>
<msg timestamp="20240830 17:48:30.630" level="INFO">POST Request : url=https://test-sky.intra.ais:2443/fbb/register/conductor/v1/order 
 path_url=/fbb/register/conductor/v1/order 
 headers={'User-Agent': 'python-requests/2.32.3', 'Accept-Encoding': 'gzip, deflate', 'Accept': '*/*', 'Connection': 'keep-alive', 'Content-Type': 'application/json;charset=utf-8', 'Authorization': 'Bearer eyJ0eXAiOiJKV1QiLCJhbGciOiJIUzI1NiJ9.eyJzdWIiOiJoa191c3IiLCJyb2xlIjoiQ1JVRCIsImFwcGxpY2F0aW9uIjoiaGsiLCJpc3MiOiJza3ktYXV0aCIsImV4cCI6MTcyNTAxNTQ5OSwiaWF0IjoxNzI1MDE0ODk5fQ.A8mAZDzjS8APNQh_kLXjJV_bwBpffT2iCWlCsk0tZzw', 'Content-Length': '3813'} 
 body={"customerOrderType": "migrate3BB", "activity": "", "subActivity": "", "productOwner": "3BB", "publicIdType": "fbbId", "publicIdValue": "8884001527", "privateIdType": "referenceNo", "privateIdValue": "TBB-2024-08-30KK1748151660", "staffPrivilegeTransId": "20230601", "chargeType": "Post-paid", "projectDevCd": "PF001:\u0e1e\u0e23\u0e2d\u0e1e\u0e40\u0e1e\u0e2d\u0e23\u0e4c\u0e15\u0e35\u0e49 \u0e40\u0e1e\u0e2d\u0e40\u0e1f\u0e01:7500", "note": "Test 3BBSyncOrder", "channel": "TBBShop", "reasonCode": "958", "callbackUrl": "http://10.138.21.213:7001/testCall", "orderDate": "30/08/2024 17:48:15", "closeOrderDate": "21/07/2025 15:23:00", "cvgFlag": "N", "projectName": "", "subProjectName": "", "mainPromoBand": "FMC", "paymentType": "Post-paid", "technologyInfo": [{"baNumber": "32400070320767", "characteristics": [{"name": "businessModel", "value": "TBB"}, {"name": "latitude", "value": "17.398091"}, {"name": "longitude", "value": "102.804772"}, {"name": "password", "value": "TBB"}, {"name": "ia", "value": "20241000127458"}, {"name": "networkProvider", "value": "AWN"}, {"name": "orderNo", "value": "20241000127458"}, {"name": "splitter2_1", "value": "TBB"}, {"name": "distance_1", "value": "TBB"}, {"name": "splitter2_2", "value": "TBB"}, {"name": "distance_2", "value": "TBB"}, {"name": "splitter2_3", "value": "TBB"}, {"name": "distance_3", "value": "TBB"}, {"name": "splitter2_4", "value": "TBB"}, {"name": "distance_4", "value": "TBB"}, {"name": "splitter2_5", "value": "TBB"}, {"name": "distance_5", "value": "TBB"}], "instanceName": "VeryHighBitRateDigitalSubscriberLine", "action": "Add", "mobileNo": "022587458", "provinceCode": "BKK", "baName": "\u0e01\u0e21\u0e25\u0e09\u0e31\u0e19\u0e17\u0e4c  \u0e2d\u0e34\u0e19\u0e17\u0e23\u0e1b\u0e23\u0e30\u0e2a\u0e32\u0e17   Billing Billing A-1", "billCycle": "13", "serviceLevel": "H", "serviceLevelReason": "FBB_V", "effectiveDate": "31/08/2024 17:48:15", "productOrderItem": [{"idType": "offeringPriceId", "idValue": "O2008P200802352", "action": "Add", "productOrderReason": "956", "effectiveType": "F", "effectiveDate": "32/08/2024 17:48:15", "expirationDate": "13/12/2025 10:27:33", "characteristics": []}, {"idType": "offeringPriceId", "idValue": "O1610P16105337", "action": "Add", "productOrderReason": "956", "effectiveType": "F", "effectiveDate": "32/08/2024 17:58:15", "expirationDate": "13/12/2025 10:27:33", "characteristics": []}], "feeItem": [{"idType": "offeringPriceId", "idValue": "O1706P17068552", "action": "Add", "orderFeePrice": "650.00", "itemPrice": "607.48", "taxAmt": "42.52", "equipmentType": "PlayBox"}]}], "appointment": {"appointmentDate": "10/05/2024", "assignConditionAreaRegion": "BKK", "assignConditionEventRule": "New", "assignConditionServiceLevel": "L", "assignConditionSpecialSkill": "", "baNo": "32400070310146", "fbbContactNo1": "8870011911", "fbbContactNo2": "", "installationCapacity": "22/29", "msisdn": "", "onlineFlag": "N", "playBoxAmount": "", "regTime": "", "remarkForSubcontract": "ATV PLAYBOX 24 m", "replaceOntFlag": "", "replaceRouterFlag": "", "reservedId": "221111103401754000", "reservedPort": "4091693", "routerNum": "", "shortcode": "", "sTaffID": "", "subAccessMode": "", "subRequestFlag": "", "symptom": "", "timeslot": "16:00-18:30", "urgentFlag": "0", "contactMobilePhone": "0870011911", "contactName": "\u0e13\u0e31\u0e10\u0e01\u0e34\u0e15\u0e15\u0e34\u0e4c \u0e1b\u0e34\u0e15\u0e34\u0e42\u0e2d\u0e20\u0e32", "installAddress1": "22 \u0e25\u0e38\u0e21\u0e1e\u0e34\u0e19\u0e35 \u0e40\u0e1e\u0e25\u0e2a \u0e22\u0e39\u0e14\u0e35", "installAddress2": "\u0e2b\u0e21\u0e32\u0e01\u0e41\u0e02\u0e49\u0e07", "installAddress3": "\u0e40\u0e21\u0e37\u0e2d\u0e07\u0e2d\u0e38\u0e14\u0e23\u0e18\u0e32\u0e19\u0e35", "installAddress4": "\u0e2d\u0e38\u0e14\u0e23\u0e18\u0e32\u0e19\u0e35", "installAddress5": "41000"}} 
 </msg>
<msg timestamp="20240830 17:48:30.631" level="INFO">POST Response : url=https://test-sky.intra.ais:2443/fbb/register/conductor/v1/order 
 status=500, reason= 
 headers={'Date': 'Fri, 30 Aug 2024 10:48:34 GMT', 'Content-Type': 'application/json', 'Transfer-Encoding': 'chunked', 'Connection': 'keep-alive', 'RateLimit-Reset': '1', 'X-RateLimit-Remaining-Second': '99', 'X-RateLimit-Limit-Second': '100', 'RateLimit-Limit': '100', 'RateLimit-Remaining': '99', 'Strict-Transport-Security': 'max-age=15724800; includeSubDomains', 'X-Content-Type-Options': 'nosniff', 'X-Frame-Options': 'DENY', 'X-XSS-Protection': '1; mode=block', 'Content-Security-Policy': "default-src 'self'", 'Access-Control-Allow-Origin': '*', 'Access-Control-Allow-Methods': 'GET, POST, PUT, PATCH, DELETE', 'Cache-Control': 'no-cache, no-store, max-age=0, must-revalidate', 'Pragma': 'no-cache', 'Expires': '0', 'X-Kong-Upstream-Latency': '13897', 'X-Kong-Proxy-Latency': '1048', 'Via': 'kong/2.4.1'} 
 body={"orderNo":"FS-wqhpq-240830174821097319108650","message":"Create order failed ,Error provisioning, initiation Error provisioning, initiation could not execute statement; SQL [n/a]; constraint [SFFADM.SFF_TBL_TRACK_ORDER_ITEM_IND2]; nested exception is org.hibernate.exception.ConstraintViolationException: could not execute statement"} 
 </msg>
<msg timestamp="20240830 17:48:30.631" level="INFO">C:\Users\bandh443\AppData\Roaming\Python\Python311\site-packages\urllib3\connectionpool.py:1099: InsecureRequestWarning: Unverified HTTPS request is being made to host 'test-sky.intra.ais'. Adding certificate verification is strongly advised. See: https://urllib3.readthedocs.io/en/latest/advanced-usage.html#tls-warnings
  warnings.warn(</msg>
<msg timestamp="20240830 17:48:30.631" level="INFO">${resp} = &lt;Response [500]&gt;</msg>
<status status="PASS" starttime="20240830 17:48:15.623" endtime="20240830 17:48:30.631"/>
</kw>
<kw name="Set Global Variable" library="BuiltIn">
<arg>${status}</arg>
<arg>${resp.status_code}</arg>
<doc>Makes a variable available globally in all tests and suites.</doc>
<msg timestamp="20240830 17:48:30.632" level="INFO">${status} = 500</msg>
<status status="PASS" starttime="20240830 17:48:30.631" endtime="20240830 17:48:30.633"/>
</kw>
<return>
<value>${resp}</value>
<status status="PASS" starttime="20240830 17:48:30.633" endtime="20240830 17:48:30.633"/>
</return>
<msg timestamp="20240830 17:48:30.633" level="INFO">${orderResp} = &lt;Response [500]&gt;</msg>
<status status="PASS" starttime="20240830 17:48:15.619" endtime="20240830 17:48:30.633"/>
</kw>
<kw name="Log" library="BuiltIn">
<arg>${orderResp}</arg>
<doc>Logs the given message with the given level.</doc>
<msg timestamp="20240830 17:48:30.633" level="INFO">&lt;Response [500]&gt;</msg>
<status status="PASS" starttime="20240830 17:48:30.633" endtime="20240830 17:48:30.633"/>
</kw>
<kw name="Evaluate" library="BuiltIn">
<var>${resp_body}</var>
<arg>json.loads("""${orderResp.content}""")</arg>
<arg>json</arg>
<doc>Evaluates the given expression in Python and returns the result.</doc>
<msg timestamp="20240830 17:48:30.634" level="INFO">${resp_body} = {'orderNo': 'FS-wqhpq-240830174821097319108650', 'message': 'Create order failed ,Error provisioning, initiation Error provisioning, initiation could not execute statement; SQL [n/a]; constraint [SFFA...</msg>
<status status="PASS" starttime="20240830 17:48:30.633" endtime="20240830 17:48:30.634"/>
</kw>
<kw name="Dumps" library="json">
<var>${resp_body_dm}</var>
<arg>${resp_body}</arg>
<doc>Serialize ``obj`` to a JSON formatted ``str``.</doc>
<msg timestamp="20240830 17:48:30.635" level="INFO">${resp_body_dm} = {"orderNo": "FS-wqhpq-240830174821097319108650", "message": "Create order failed ,Error provisioning, initiation Error provisioning, initiation could not execute statement; SQL [n/a]; constraint [SFFA...</msg>
<status status="PASS" starttime="20240830 17:48:30.635" endtime="20240830 17:48:30.635"/>
</kw>
<kw name="Set Global Variable" library="BuiltIn">
<arg>${result_resp}</arg>
<arg>${resp_body_dm}</arg>
<doc>Makes a variable available globally in all tests and suites.</doc>
<msg timestamp="20240830 17:48:30.635" level="INFO">${result_resp} = {"orderNo": "FS-wqhpq-240830174821097319108650", "message": "Create order failed ,Error provisioning, initiation Error provisioning, initiation could not execute statement; SQL [n/a]; constraint [SFFA...</msg>
<status status="PASS" starttime="20240830 17:48:30.635" endtime="20240830 17:48:30.635"/>
</kw>
<kw name="Set Global Variable" library="BuiltIn">
<arg>${orderRes_Migrate3BB}</arg>
<arg>${resp_body}</arg>
<doc>Makes a variable available globally in all tests and suites.</doc>
<msg timestamp="20240830 17:48:30.637" level="INFO">${orderRes_Migrate3BB} = {'orderNo': 'FS-wqhpq-240830174821097319108650', 'message': 'Create order failed ,Error provisioning, initiation Error provisioning, initiation could not execute statement; SQL [n/a]; constraint [SFFA...</msg>
<status status="PASS" starttime="20240830 17:48:30.636" endtime="20240830 17:48:30.637"/>
</kw>
<kw name="Log" library="BuiltIn">
<arg>${resp_body_dm}</arg>
<doc>Logs the given message with the given level.</doc>
<msg timestamp="20240830 17:48:30.637" level="INFO">{"orderNo": "FS-wqhpq-240830174821097319108650", "message": "Create order failed ,Error provisioning, initiation Error provisioning, initiation could not execute statement; SQL [n/a]; constraint [SFFADM.SFF_TBL_TRACK_ORDER_ITEM_IND2]; nested exception is org.hibernate.exception.ConstraintViolationException: could not execute statement"}</msg>
<status status="PASS" starttime="20240830 17:48:30.637" endtime="20240830 17:48:30.637"/>
</kw>
<return>
<value>${resp_body}</value>
<status status="PASS" starttime="20240830 17:48:30.637" endtime="20240830 17:48:30.638"/>
</return>
<msg timestamp="20240830 17:48:30.638" level="INFO">${order} = {'orderNo': 'FS-wqhpq-240830174821097319108650', 'message': 'Create order failed ,Error provisioning, initiation Error provisioning, initiation could not execute statement; SQL [n/a]; constraint [SFFA...</msg>
<status status="PASS" starttime="20240830 17:48:15.531" endtime="20240830 17:48:30.638"/>
</kw>
<kw name="Log" library="BuiltIn">
<arg>${order}</arg>
<doc>Logs the given message with the given level.</doc>
<msg timestamp="20240830 17:48:30.638" level="INFO">{'orderNo': 'FS-wqhpq-240830174821097319108650', 'message': 'Create order failed ,Error provisioning, initiation Error provisioning, initiation could not execute statement; SQL [n/a]; constraint [SFFADM.SFF_TBL_TRACK_ORDER_ITEM_IND2]; nested exception is org.hibernate.exception.ConstraintViolationException: could not execute statement'}</msg>
<status status="PASS" starttime="20240830 17:48:30.638" endtime="20240830 17:48:30.638"/>
</kw>
<status status="PASS" starttime="20240830 17:48:15.152" endtime="20240830 17:48:30.638"/>
</kw>
<kw name="Log" library="BuiltIn">
<arg>${orderRes_Newregister_1st}</arg>
<doc>Logs the given message with the given level.</doc>
<msg timestamp="20240830 17:48:30.638" level="INFO">{'orderNo': 'FS-wqhpq-24083017474121863777135', 'orderRefId': 'FC-nr8g9-24083017474131795734', 'staffPrivilegeTransId': '202405131417000001', 'publicIdType': 'idCardNumber', 'publicIdValue': '6996923113962', 'privateIdType': 'referenceNo', 'privateIdValue': 'TBB-2024-08-30KK1747345870', 'iaAttlist': [{'iaNo': '05900266999', 'nonMobileNo': '8884001526'}], 'nonMobileNo': '8884001526', 'caNumber': '32400070320766', 'baNumber': '32400070320767'}</msg>
<status status="PASS" starttime="20240830 17:48:30.638" endtime="20240830 17:48:30.638"/>
</kw>
<kw name="Log" library="BuiltIn">
<arg>${orderRes_Migrate3BB}</arg>
<doc>Logs the given message with the given level.</doc>
<msg timestamp="20240830 17:48:30.639" level="INFO">{'orderNo': 'FS-wqhpq-240830174821097319108650', 'message': 'Create order failed ,Error provisioning, initiation Error provisioning, initiation could not execute statement; SQL [n/a]; constraint [SFFADM.SFF_TBL_TRACK_ORDER_ITEM_IND2]; nested exception is org.hibernate.exception.ConstraintViolationException: could not execute statement'}</msg>
<status status="PASS" starttime="20240830 17:48:30.639" endtime="20240830 17:48:30.639"/>
</kw>
<status status="PASS" starttime="20240830 17:47:34.561" endtime="20240830 17:48:30.639"/>
</test>
<status status="PASS" starttime="20240830 17:47:33.122" endtime="20240830 17:48:30.640"/>
</suite>
<statistics>
<total>
<stat pass="1" fail="0" skip="0">All Tests</stat>
</total>
<tag>
</tag>
<suite>
<stat pass="1" fail="0" skip="0" id="s1" name="Test">Test</stat>
</suite>
</statistics>
<errors>
</errors>
</robot>
