<?xml version="1.0" encoding="UTF-8"?>
<robot generator="Robot 6.1.1 (Python 3.11.3 on win32)" generated="20241002 18:05:54.223" rpa="false" schemaversion="4">
<suite id="s1" name="Test" source="D:\git automate\test.robot">
<test id="s1-t1" name="test call sff" line="382">
<kw name="CALL NEW ACCOUNT SFF">
<kw name="GENERATE REQUEST ALL VALUE">
<kw name="Random Name">
<kw name="Get File" library="OperatingSystem">
<var>${jsonName}</var>
<arg>dataJson/allName.json</arg>
<doc>Returns the contents of a specified file.</doc>
<msg timestamp="20241002 18:05:55.420" level="INFO" html="true">Getting file '&lt;a href="file://D:\git automate\dataJson\allName.json"&gt;D:\git automate\dataJson\allName.json&lt;/a&gt;'.</msg>
<msg timestamp="20241002 18:05:55.424" level="INFO">${jsonName} = {
    "lastname": [
      {
        "th": "กระจ่างจิต",
        "en": "Krajangjit"
      },
      {
        "th": "กระจ่างวงศ์",
        "en": "Krajangwong"
      },
      {
        "th": "กฤษฎ์พงษ์",...</msg>
<status status="PASS" starttime="20241002 18:05:55.420" endtime="20241002 18:05:55.424"/>
</kw>
<kw name="Evaluate" library="BuiltIn">
<var>${respallname}</var>
<arg>json.loads('''${jsonName}''')</arg>
<arg>json</arg>
<doc>Evaluates the given expression in Python and returns the result.</doc>
<msg timestamp="20241002 18:05:55.427" level="INFO">${respallname} = {'lastname': [{'th': 'กระจ่างจิต', 'en': 'Krajangjit'}, {'th': 'กระจ่างวงศ์', 'en': 'Krajangwong'}, {'th': 'กฤษฎ์พงษ์', 'en': 'Kritphong'}, {'th': 'กฤษฎากรบุญชัย', 'en': 'Kritsakonboonchai'}, {'th': '...</msg>
<status status="PASS" starttime="20241002 18:05:55.424" endtime="20241002 18:05:55.428"/>
</kw>
<kw name="Evaluate" library="BuiltIn">
<var>${random_numberfirstname}</var>
<arg>random.randint(2, 2)</arg>
<arg>random</arg>
<doc>Evaluates the given expression in Python and returns the result.</doc>
<msg timestamp="20241002 18:05:55.428" level="INFO">${random_numberfirstname} = 2</msg>
<status status="PASS" starttime="20241002 18:05:55.428" endtime="20241002 18:05:55.428"/>
</kw>
<kw name="Set Variable" library="BuiltIn">
<var>${firstnamelist}</var>
<arg>${respallname["firstnameMale"]}</arg>
<doc>Returns the given values which can then be assigned to a variables.</doc>
<msg timestamp="20241002 18:05:55.429" level="INFO">${firstnamelist} = [{'th': 'กนก', 'en': 'Kanok'}, {'th': 'กนกกร', 'en': 'Kanokkorn'}, {'th': 'กนกพงศ์', 'en': 'Kanokpong'}, {'th': 'กนกพล', 'en': 'Kanokpol'}, {'th': 'กนกภัทร', 'en': 'Kanokpat'}, {'th': 'กมลภู', 'en': '...</msg>
<status status="PASS" starttime="20241002 18:05:55.428" endtime="20241002 18:05:55.429"/>
</kw>
<kw name="Set Variable" library="BuiltIn">
<var>${firstnamelist}</var>
<arg>${respallname["firstnameMale"]}</arg>
<doc>Returns the given values which can then be assigned to a variables.</doc>
<msg timestamp="20241002 18:05:55.430" level="INFO">${firstnamelist} = [{'th': 'กนก', 'en': 'Kanok'}, {'th': 'กนกกร', 'en': 'Kanokkorn'}, {'th': 'กนกพงศ์', 'en': 'Kanokpong'}, {'th': 'กนกพล', 'en': 'Kanokpol'}, {'th': 'กนกภัทร', 'en': 'Kanokpat'}, {'th': 'กมลภู', 'en': '...</msg>
<status status="PASS" starttime="20241002 18:05:55.429" endtime="20241002 18:05:55.430"/>
</kw>
<kw name="Set Variable" library="BuiltIn">
<var>${lastnamelist}</var>
<arg>${respallname["lastname"]}</arg>
<doc>Returns the given values which can then be assigned to a variables.</doc>
<msg timestamp="20241002 18:05:55.431" level="INFO">${lastnamelist} = [{'th': 'กระจ่างจิต', 'en': 'Krajangjit'}, {'th': 'กระจ่างวงศ์', 'en': 'Krajangwong'}, {'th': 'กฤษฎ์พงษ์', 'en': 'Kritphong'}, {'th': 'กฤษฎากรบุญชัย', 'en': 'Kritsakonboonchai'}, {'th': 'กลับเพชร', 'e...</msg>
<status status="PASS" starttime="20241002 18:05:55.430" endtime="20241002 18:05:55.431"/>
</kw>
<kw name="Get Length" library="BuiltIn">
<var>${randomnumbername}</var>
<arg>${firstnamelist}</arg>
<doc>Returns and logs the length of the given item as an integer.</doc>
<msg timestamp="20241002 18:05:55.431" level="INFO">Length is 362</msg>
<msg timestamp="20241002 18:05:55.431" level="INFO">${randomnumbername} = 362</msg>
<status status="PASS" starttime="20241002 18:05:55.431" endtime="20241002 18:05:55.431"/>
</kw>
<kw name="Get Length" library="BuiltIn">
<var>${randomnumberlast}</var>
<arg>${lastnamelist}</arg>
<doc>Returns and logs the length of the given item as an integer.</doc>
<msg timestamp="20241002 18:05:55.431" level="INFO">Length is 402</msg>
<msg timestamp="20241002 18:05:55.431" level="INFO">${randomnumberlast} = 402</msg>
<status status="PASS" starttime="20241002 18:05:55.431" endtime="20241002 18:05:55.431"/>
</kw>
<kw name="Evaluate" library="BuiltIn">
<var>${random_namelist}</var>
<arg>random.randint(0, ${randomnumbername} - 1)</arg>
<arg>random</arg>
<doc>Evaluates the given expression in Python and returns the result.</doc>
<msg timestamp="20241002 18:05:55.432" level="INFO">${random_namelist} = 33</msg>
<status status="PASS" starttime="20241002 18:05:55.431" endtime="20241002 18:05:55.432"/>
</kw>
<kw name="Evaluate" library="BuiltIn">
<var>${random_lastlist}</var>
<arg>random.randint(0, ${randomnumberlast} - 1)</arg>
<arg>random</arg>
<doc>Evaluates the given expression in Python and returns the result.</doc>
<msg timestamp="20241002 18:05:55.432" level="INFO">${random_lastlist} = 275</msg>
<status status="PASS" starttime="20241002 18:05:55.432" endtime="20241002 18:05:55.432"/>
</kw>
<kw name="Set Global Variable" library="BuiltIn">
<arg>${randomFirstName}</arg>
<arg>${firstnamelist[${random_namelist}]['th']}</arg>
<doc>Makes a variable available globally in all tests and suites.</doc>
<msg timestamp="20241002 18:05:55.433" level="INFO">${randomFirstName} = คงเกียรติ</msg>
<status status="PASS" starttime="20241002 18:05:55.432" endtime="20241002 18:05:55.434"/>
</kw>
<kw name="Set Global Variable" library="BuiltIn">
<arg>${randomLastName}</arg>
<arg>${lastnamelist[${random_lastlist}]['th']}</arg>
<doc>Makes a variable available globally in all tests and suites.</doc>
<msg timestamp="20241002 18:05:55.435" level="INFO">${randomLastName} = วิเชียรวิทย์</msg>
<status status="PASS" starttime="20241002 18:05:55.434" endtime="20241002 18:05:55.435"/>
</kw>
<status status="PASS" starttime="20241002 18:05:55.420" endtime="20241002 18:05:55.436"/>
</kw>
<kw name="Random ThaiID">
<kw name="Generate Thai Citizen Id" library="addMoreCode">
<var>${thai_id}</var>
<msg timestamp="20241002 18:05:55.436" level="INFO">${thai_id} = 4760288968740</msg>
<status status="PASS" starttime="20241002 18:05:55.436" endtime="20241002 18:05:55.436"/>
</kw>
<kw name="Set Global Variable" library="BuiltIn">
<arg>${thaiID}</arg>
<arg>${thai_id}</arg>
<doc>Makes a variable available globally in all tests and suites.</doc>
<msg timestamp="20241002 18:05:55.436" level="INFO">${thaiID} = 4760288968740</msg>
<status status="PASS" starttime="20241002 18:05:55.436" endtime="20241002 18:05:55.436"/>
</kw>
<status status="PASS" starttime="20241002 18:05:55.436" endtime="20241002 18:05:55.436"/>
</kw>
<kw name="GET ALL DATE FORMAT">
<kw name="Get Current Date" library="DateTime">
<var>${date}</var>
<arg>exclude_millis=no</arg>
<doc>Returns current local or UTC time with an optional increment.</doc>
<msg timestamp="20241002 18:05:55.437" level="INFO">${date} = 2024-10-02 18:05:55.437</msg>
<status status="PASS" starttime="20241002 18:05:55.437" endtime="20241002 18:05:55.437"/>
</kw>
<kw name="Convert Date" library="DateTime">
<var>${date}</var>
<arg>${date}</arg>
<arg>result_format=%Y%m%d%H%M%S%f</arg>
<doc>Converts between supported `date formats`.</doc>
<msg timestamp="20241002 18:05:55.442" level="INFO">${date} = 20241002180555437000</msg>
<status status="PASS" starttime="20241002 18:05:55.437" endtime="20241002 18:05:55.443"/>
</kw>
<kw name="Convert Date" library="DateTime">
<var>${years}</var>
<arg>${date}</arg>
<arg>result_format=%Y</arg>
<doc>Converts between supported `date formats`.</doc>
<msg timestamp="20241002 18:05:55.443" level="INFO">${years} = 2024</msg>
<status status="PASS" starttime="20241002 18:05:55.443" endtime="20241002 18:05:55.443"/>
</kw>
<kw name="Convert Date" library="DateTime">
<var>${month}</var>
<arg>${date}</arg>
<arg>result_format=%m</arg>
<doc>Converts between supported `date formats`.</doc>
<msg timestamp="20241002 18:05:55.444" level="INFO">${month} = 10</msg>
<status status="PASS" starttime="20241002 18:05:55.444" endtime="20241002 18:05:55.444"/>
</kw>
<kw name="Convert Date" library="DateTime">
<var>${day}</var>
<arg>${date}</arg>
<arg>result_format=%d</arg>
<doc>Converts between supported `date formats`.</doc>
<msg timestamp="20241002 18:05:55.444" level="INFO">${day} = 02</msg>
<status status="PASS" starttime="20241002 18:05:55.444" endtime="20241002 18:05:55.444"/>
</kw>
<kw name="Evaluate" library="BuiltIn">
<var>${day_int}</var>
<arg>'${day}'.lstrip('0') or '0'</arg>
<doc>Evaluates the given expression in Python and returns the result.</doc>
<msg timestamp="20241002 18:05:55.445" level="INFO">${day_int} = 2</msg>
<status status="PASS" starttime="20241002 18:05:55.444" endtime="20241002 18:05:55.445"/>
</kw>
<kw name="Evaluate" library="BuiltIn">
<var>${dayplus}</var>
<arg>${day_int} + 1</arg>
<doc>Evaluates the given expression in Python and returns the result.</doc>
<msg timestamp="20241002 18:05:55.445" level="INFO">${dayplus} = 3</msg>
<status status="PASS" starttime="20241002 18:05:55.445" endtime="20241002 18:05:55.445"/>
</kw>
<kw name="Evaluate" library="BuiltIn">
<var>${dayplus}</var>
<arg>'0' + str(${dayplus}) if len(str(${dayplus})) == 1 else str(${dayplus})</arg>
<doc>Evaluates the given expression in Python and returns the result.</doc>
<msg timestamp="20241002 18:05:55.445" level="INFO">${dayplus} = 03</msg>
<status status="PASS" starttime="20241002 18:05:55.445" endtime="20241002 18:05:55.445"/>
</kw>
<kw name="Evaluate" library="BuiltIn">
<var>${dayplus2}</var>
<arg>${day_int} + 2</arg>
<doc>Evaluates the given expression in Python and returns the result.</doc>
<msg timestamp="20241002 18:05:55.446" level="INFO">${dayplus2} = 4</msg>
<status status="PASS" starttime="20241002 18:05:55.445" endtime="20241002 18:05:55.446"/>
</kw>
<kw name="Evaluate" library="BuiltIn">
<var>${dayplus2}</var>
<arg>'0' + str(${dayplus2}) if len(str(${dayplus2})) == 1 else str(${dayplus2})</arg>
<doc>Evaluates the given expression in Python and returns the result.</doc>
<msg timestamp="20241002 18:05:55.446" level="INFO">${dayplus2} = 04</msg>
<status status="PASS" starttime="20241002 18:05:55.446" endtime="20241002 18:05:55.446"/>
</kw>
<kw name="Convert Date" library="DateTime">
<var>${hours}</var>
<arg>${date}</arg>
<arg>result_format=%H</arg>
<doc>Converts between supported `date formats`.</doc>
<msg timestamp="20241002 18:05:55.446" level="INFO">${hours} = 18</msg>
<status status="PASS" starttime="20241002 18:05:55.446" endtime="20241002 18:05:55.446"/>
</kw>
<kw name="Convert Date" library="DateTime">
<var>${minutes}</var>
<arg>${date}</arg>
<arg>result_format=%M</arg>
<doc>Converts between supported `date formats`.</doc>
<msg timestamp="20241002 18:05:55.447" level="INFO">${minutes} = 05</msg>
<status status="PASS" starttime="20241002 18:05:55.446" endtime="20241002 18:05:55.447"/>
</kw>
<kw name="Evaluate" library="BuiltIn">
<var>${minutesplus10}</var>
<arg>'${minutes}'.lstrip('0') or '0' + 10</arg>
<doc>Evaluates the given expression in Python and returns the result.</doc>
<msg timestamp="20241002 18:05:55.447" level="INFO">${minutesplus10} = 5</msg>
<status status="PASS" starttime="20241002 18:05:55.447" endtime="20241002 18:05:55.447"/>
</kw>
<kw name="Evaluate" library="BuiltIn">
<var>${minutesplus10}</var>
<arg>'0' + str(${minutesplus10}) if len(str(${minutesplus10})) == 1 else str(${minutesplus10})</arg>
<doc>Evaluates the given expression in Python and returns the result.</doc>
<msg timestamp="20241002 18:05:55.447" level="INFO">${minutesplus10} = 05</msg>
<status status="PASS" starttime="20241002 18:05:55.447" endtime="20241002 18:05:55.447"/>
</kw>
<kw name="Convert Date" library="DateTime">
<var>${seconds}</var>
<arg>${date}</arg>
<arg>result_format=%S</arg>
<doc>Converts between supported `date formats`.</doc>
<msg timestamp="20241002 18:05:55.448" level="INFO">${seconds} = 55</msg>
<status status="PASS" starttime="20241002 18:05:55.447" endtime="20241002 18:05:55.448"/>
</kw>
<kw name="Convert Date" library="DateTime">
<var>${millisec}</var>
<arg>${date}</arg>
<arg>result_format=%f</arg>
<doc>Converts between supported `date formats`.</doc>
<msg timestamp="20241002 18:05:55.448" level="INFO">${millisec} = 437000</msg>
<status status="PASS" starttime="20241002 18:05:55.448" endtime="20241002 18:05:55.448"/>
</kw>
<kw name="Set Variable" library="BuiltIn">
<var>${millisec}</var>
<arg>${millisec[:4]}</arg>
<doc>Returns the given values which can then be assigned to a variables.</doc>
<msg timestamp="20241002 18:05:55.449" level="INFO">${millisec} = 4370</msg>
<status status="PASS" starttime="20241002 18:05:55.448" endtime="20241002 18:05:55.449"/>
</kw>
<kw name="Convert Date" library="DateTime">
<var>${time}</var>
<arg>${date}</arg>
<arg>result_format=%H:%M:%S</arg>
<doc>Converts between supported `date formats`.</doc>
<msg timestamp="20241002 18:05:55.449" level="INFO">${time} = 18:05:55</msg>
<status status="PASS" starttime="20241002 18:05:55.449" endtime="20241002 18:05:55.449"/>
</kw>
<kw name="Set Variable" library="BuiltIn">
<var>${timeplusmin10}</var>
<arg>${hours}:${minutesplus10}:${seconds}</arg>
<doc>Returns the given values which can then be assigned to a variables.</doc>
<msg timestamp="20241002 18:05:55.449" level="INFO">${timeplusmin10} = 18:05:55</msg>
<status status="PASS" starttime="20241002 18:05:55.449" endtime="20241002 18:05:55.449"/>
</kw>
<kw name="Set Variable" library="BuiltIn">
<var>${today}</var>
<arg>${day}/${month}/${years} ${time}</arg>
<doc>Returns the given values which can then be assigned to a variables.</doc>
<msg timestamp="20241002 18:05:55.450" level="INFO">${today} = 02/10/2024 18:05:55</msg>
<status status="PASS" starttime="20241002 18:05:55.449" endtime="20241002 18:05:55.450"/>
</kw>
<kw name="Set Variable" library="BuiltIn">
<var>${dayplusOrderdate}</var>
<arg>${dayplus}/${month}/${years} ${time}</arg>
<doc>Returns the given values which can then be assigned to a variables.</doc>
<msg timestamp="20241002 18:05:55.451" level="INFO">${dayplusOrderdate} = 03/10/2024 18:05:55</msg>
<status status="PASS" starttime="20241002 18:05:55.450" endtime="20241002 18:05:55.451"/>
</kw>
<kw name="Set Variable" library="BuiltIn">
<var>${dayplusOrderdate2}</var>
<arg>${dayplus2}/${month}/${years} ${time}</arg>
<doc>Returns the given values which can then be assigned to a variables.</doc>
<msg timestamp="20241002 18:05:55.451" level="INFO">${dayplusOrderdate2} = 04/10/2024 18:05:55</msg>
<status status="PASS" starttime="20241002 18:05:55.451" endtime="20241002 18:05:55.451"/>
</kw>
<kw name="Set Variable" library="BuiltIn">
<var>${dayplusOrderdate2plusmin10}</var>
<arg>${dayplus2}/${month}/${years} ${timeplusmin10}</arg>
<doc>Returns the given values which can then be assigned to a variables.</doc>
<msg timestamp="20241002 18:05:55.451" level="INFO">${dayplusOrderdate2plusmin10} = 04/10/2024 18:05:55</msg>
<status status="PASS" starttime="20241002 18:05:55.451" endtime="20241002 18:05:55.451"/>
</kw>
<kw name="Set Variable" library="BuiltIn">
<var>${privateIdValueKK}</var>
<arg>${years}-${month}-${day}KK${hours}${minutes}${seconds}${millisec}</arg>
<doc>Returns the given values which can then be assigned to a variables.</doc>
<msg timestamp="20241002 18:05:55.451" level="INFO">${privateIdValueKK} = 2024-10-02KK1805554370</msg>
<status status="PASS" starttime="20241002 18:05:55.451" endtime="20241002 18:05:55.453"/>
</kw>
<kw name="Set Global Variable" library="BuiltIn">
<arg>${today}</arg>
<doc>Makes a variable available globally in all tests and suites.</doc>
<msg timestamp="20241002 18:05:55.453" level="INFO">${today} = 02/10/2024 18:05:55</msg>
<status status="PASS" starttime="20241002 18:05:55.453" endtime="20241002 18:05:55.453"/>
</kw>
<kw name="Set Global Variable" library="BuiltIn">
<arg>${privateIdValueKK}</arg>
<doc>Makes a variable available globally in all tests and suites.</doc>
<msg timestamp="20241002 18:05:55.453" level="INFO">${privateIdValueKK} = 2024-10-02KK1805554370</msg>
<status status="PASS" starttime="20241002 18:05:55.453" endtime="20241002 18:05:55.453"/>
</kw>
<kw name="Set Global Variable" library="BuiltIn">
<arg>${currentOrderdate}</arg>
<arg>${today}</arg>
<doc>Makes a variable available globally in all tests and suites.</doc>
<msg timestamp="20241002 18:05:55.454" level="INFO">${currentOrderdate} = 02/10/2024 18:05:55</msg>
<status status="PASS" starttime="20241002 18:05:55.453" endtime="20241002 18:05:55.454"/>
</kw>
<kw name="Set Global Variable" library="BuiltIn">
<arg>${dayplusOrderdate}</arg>
<doc>Makes a variable available globally in all tests and suites.</doc>
<msg timestamp="20241002 18:05:55.455" level="INFO">${dayplusOrderdate} = 03/10/2024 18:05:55</msg>
<status status="PASS" starttime="20241002 18:05:55.455" endtime="20241002 18:05:55.455"/>
</kw>
<kw name="Set Global Variable" library="BuiltIn">
<arg>${dayplusOrderdate2}</arg>
<doc>Makes a variable available globally in all tests and suites.</doc>
<msg timestamp="20241002 18:05:55.455" level="INFO">${dayplusOrderdate2} = 04/10/2024 18:05:55</msg>
<status status="PASS" starttime="20241002 18:05:55.455" endtime="20241002 18:05:55.455"/>
</kw>
<kw name="Set Global Variable" library="BuiltIn">
<arg>${dayplusOrderdate2plusmin10}</arg>
<doc>Makes a variable available globally in all tests and suites.</doc>
<msg timestamp="20241002 18:05:55.455" level="INFO">${dayplusOrderdate2plusmin10} = 04/10/2024 18:05:55</msg>
<status status="PASS" starttime="20241002 18:05:55.455" endtime="20241002 18:05:55.455"/>
</kw>
<status status="PASS" starttime="20241002 18:05:55.436" endtime="20241002 18:05:55.455"/>
</kw>
<status status="PASS" starttime="20241002 18:05:55.420" endtime="20241002 18:05:55.455"/>
</kw>
<kw name="Replace The Variables In Request Body NEW ACCOUNT SFF">
<kw name="Get File" library="OperatingSystem">
<var>${xml_req}</var>
<arg>Variables/NewAccount_SFF.xml</arg>
<doc>Returns the contents of a specified file.</doc>
<msg timestamp="20241002 18:05:55.456" level="INFO" html="true">Getting file '&lt;a href="file://D:\git automate\Variables\NewAccount_SFF.xml"&gt;D:\git automate\Variables\NewAccount_SFF.xml&lt;/a&gt;'.</msg>
<msg timestamp="20241002 18:05:55.457" level="INFO">${xml_req} = &lt;soapenv:Envelope xmlns:soapenv="http://schemas.xmlsoap.org/soap/envelope/" xmlns:ws="http://th/co/ais/sff/ws" xmlns:java="java:th.co.ais.sff.domain.gm.vo.ws"&gt;
    &lt;soapenv:Header/&gt;
    &lt;soapenv:Body&gt;...</msg>
<status status="PASS" starttime="20241002 18:05:55.456" endtime="20241002 18:05:55.457"/>
</kw>
<kw name="Replace String" library="String">
<var>${xml_req}</var>
<arg>${xml_req}</arg>
<arg>{{accountType}}</arg>
<arg>BA</arg>
<doc>Replaces ``search_for`` in the given ``string`` with ``replace_with``.</doc>
<msg timestamp="20241002 18:05:55.457" level="INFO">${xml_req} = &lt;soapenv:Envelope xmlns:soapenv="http://schemas.xmlsoap.org/soap/envelope/" xmlns:ws="http://th/co/ais/sff/ws" xmlns:java="java:th.co.ais.sff.domain.gm.vo.ws"&gt;
    &lt;soapenv:Header/&gt;
    &lt;soapenv:Body&gt;...</msg>
<status status="PASS" starttime="20241002 18:05:55.457" endtime="20241002 18:05:55.457"/>
</kw>
<kw name="Replace String" library="String">
<var>${xml_req}</var>
<arg>${xml_req}</arg>
<arg>{{saNumber}}</arg>
<arg>${Empty}</arg>
<doc>Replaces ``search_for`` in the given ``string`` with ``replace_with``.</doc>
<msg timestamp="20241002 18:05:55.458" level="INFO">${xml_req} = &lt;soapenv:Envelope xmlns:soapenv="http://schemas.xmlsoap.org/soap/envelope/" xmlns:ws="http://th/co/ais/sff/ws" xmlns:java="java:th.co.ais.sff.domain.gm.vo.ws"&gt;
    &lt;soapenv:Header/&gt;
    &lt;soapenv:Body&gt;...</msg>
<status status="PASS" starttime="20241002 18:05:55.457" endtime="20241002 18:05:55.458"/>
</kw>
<kw name="Replace String" library="String">
<var>${xml_req}</var>
<arg>${xml_req}</arg>
<arg>{{accountCat}}</arg>
<arg>R</arg>
<doc>Replaces ``search_for`` in the given ``string`` with ``replace_with``.</doc>
<msg timestamp="20241002 18:05:55.458" level="INFO">${xml_req} = &lt;soapenv:Envelope xmlns:soapenv="http://schemas.xmlsoap.org/soap/envelope/" xmlns:ws="http://th/co/ais/sff/ws" xmlns:java="java:th.co.ais.sff.domain.gm.vo.ws"&gt;
    &lt;soapenv:Header/&gt;
    &lt;soapenv:Body&gt;...</msg>
<status status="PASS" starttime="20241002 18:05:55.458" endtime="20241002 18:05:55.458"/>
</kw>
<kw name="Replace String" library="String">
<var>${xml_req}</var>
<arg>${xml_req}</arg>
<arg>{{accountSubCat}}</arg>
<arg>THA</arg>
<doc>Replaces ``search_for`` in the given ``string`` with ``replace_with``.</doc>
<msg timestamp="20241002 18:05:55.458" level="INFO">${xml_req} = &lt;soapenv:Envelope xmlns:soapenv="http://schemas.xmlsoap.org/soap/envelope/" xmlns:ws="http://th/co/ais/sff/ws" xmlns:java="java:th.co.ais.sff.domain.gm.vo.ws"&gt;
    &lt;soapenv:Header/&gt;
    &lt;soapenv:Body&gt;...</msg>
<status status="PASS" starttime="20241002 18:05:55.458" endtime="20241002 18:05:55.458"/>
</kw>
<kw name="Replace String" library="String">
<var>${xml_req}</var>
<arg>${xml_req}</arg>
<arg>{{idCardType}}</arg>
<arg>ID_CARD</arg>
<doc>Replaces ``search_for`` in the given ``string`` with ``replace_with``.</doc>
<msg timestamp="20241002 18:05:55.460" level="INFO">${xml_req} = &lt;soapenv:Envelope xmlns:soapenv="http://schemas.xmlsoap.org/soap/envelope/" xmlns:ws="http://th/co/ais/sff/ws" xmlns:java="java:th.co.ais.sff.domain.gm.vo.ws"&gt;
    &lt;soapenv:Header/&gt;
    &lt;soapenv:Body&gt;...</msg>
<status status="PASS" starttime="20241002 18:05:55.458" endtime="20241002 18:05:55.460"/>
</kw>
<kw name="Replace String" library="String">
<var>${xml_req}</var>
<arg>${xml_req}</arg>
<arg>{{idCardNo}}</arg>
<arg>${thaiID}</arg>
<doc>Replaces ``search_for`` in the given ``string`` with ``replace_with``.</doc>
<msg timestamp="20241002 18:05:55.460" level="INFO">${xml_req} = &lt;soapenv:Envelope xmlns:soapenv="http://schemas.xmlsoap.org/soap/envelope/" xmlns:ws="http://th/co/ais/sff/ws" xmlns:java="java:th.co.ais.sff.domain.gm.vo.ws"&gt;
    &lt;soapenv:Header/&gt;
    &lt;soapenv:Body&gt;...</msg>
<status status="PASS" starttime="20241002 18:05:55.460" endtime="20241002 18:05:55.460"/>
</kw>
<kw name="Replace String" library="String">
<var>${xml_req}</var>
<arg>${xml_req}</arg>
<arg>{{title}}</arg>
<arg>นาย</arg>
<doc>Replaces ``search_for`` in the given ``string`` with ``replace_with``.</doc>
<msg timestamp="20241002 18:05:55.460" level="INFO">${xml_req} = &lt;soapenv:Envelope xmlns:soapenv="http://schemas.xmlsoap.org/soap/envelope/" xmlns:ws="http://th/co/ais/sff/ws" xmlns:java="java:th.co.ais.sff.domain.gm.vo.ws"&gt;
    &lt;soapenv:Header/&gt;
    &lt;soapenv:Body&gt;...</msg>
<status status="PASS" starttime="20241002 18:05:55.460" endtime="20241002 18:05:55.460"/>
</kw>
<kw name="Replace String" library="String">
<var>${xml_req}</var>
<arg>${xml_req}</arg>
<arg>{{firstName}}</arg>
<arg>${randomFirstName}</arg>
<doc>Replaces ``search_for`` in the given ``string`` with ``replace_with``.</doc>
<msg timestamp="20241002 18:05:55.460" level="INFO">${xml_req} = &lt;soapenv:Envelope xmlns:soapenv="http://schemas.xmlsoap.org/soap/envelope/" xmlns:ws="http://th/co/ais/sff/ws" xmlns:java="java:th.co.ais.sff.domain.gm.vo.ws"&gt;
    &lt;soapenv:Header/&gt;
    &lt;soapenv:Body&gt;...</msg>
<status status="PASS" starttime="20241002 18:05:55.460" endtime="20241002 18:05:55.460"/>
</kw>
<kw name="Replace String" library="String">
<var>${xml_req}</var>
<arg>${xml_req}</arg>
<arg>{{lastName}}</arg>
<arg>${randomLastName}</arg>
<doc>Replaces ``search_for`` in the given ``string`` with ``replace_with``.</doc>
<msg timestamp="20241002 18:05:55.461" level="INFO">${xml_req} = &lt;soapenv:Envelope xmlns:soapenv="http://schemas.xmlsoap.org/soap/envelope/" xmlns:ws="http://th/co/ais/sff/ws" xmlns:java="java:th.co.ais.sff.domain.gm.vo.ws"&gt;
    &lt;soapenv:Header/&gt;
    &lt;soapenv:Body&gt;...</msg>
<status status="PASS" starttime="20241002 18:05:55.461" endtime="20241002 18:05:55.461"/>
</kw>
<kw name="Replace String" library="String">
<var>${xml_req}</var>
<arg>${xml_req}</arg>
<arg>{{saleRepName}}</arg>
<arg>${Empty}</arg>
<doc>Replaces ``search_for`` in the given ``string`` with ``replace_with``.</doc>
<msg timestamp="20241002 18:05:55.461" level="INFO">${xml_req} = &lt;soapenv:Envelope xmlns:soapenv="http://schemas.xmlsoap.org/soap/envelope/" xmlns:ws="http://th/co/ais/sff/ws" xmlns:java="java:th.co.ais.sff.domain.gm.vo.ws"&gt;
    &lt;soapenv:Header/&gt;
    &lt;soapenv:Body&gt;...</msg>
<status status="PASS" starttime="20241002 18:05:55.461" endtime="20241002 18:05:55.461"/>
</kw>
<kw name="Replace String" library="String">
<var>${xml_req}</var>
<arg>${xml_req}</arg>
<arg>{{emailAddress}}</arg>
<arg>${Empty}</arg>
<doc>Replaces ``search_for`` in the given ``string`` with ``replace_with``.</doc>
<msg timestamp="20241002 18:05:55.463" level="INFO">${xml_req} = &lt;soapenv:Envelope xmlns:soapenv="http://schemas.xmlsoap.org/soap/envelope/" xmlns:ws="http://th/co/ais/sff/ws" xmlns:java="java:th.co.ais.sff.domain.gm.vo.ws"&gt;
    &lt;soapenv:Header/&gt;
    &lt;soapenv:Body&gt;...</msg>
<status status="PASS" starttime="20241002 18:05:55.461" endtime="20241002 18:05:55.463"/>
</kw>
<kw name="Replace String" library="String">
<var>${xml_req}</var>
<arg>${xml_req}</arg>
<arg>{{homeNo}}</arg>
<arg>77/90</arg>
<doc>Replaces ``search_for`` in the given ``string`` with ``replace_with``.</doc>
<msg timestamp="20241002 18:05:55.463" level="INFO">${xml_req} = &lt;soapenv:Envelope xmlns:soapenv="http://schemas.xmlsoap.org/soap/envelope/" xmlns:ws="http://th/co/ais/sff/ws" xmlns:java="java:th.co.ais.sff.domain.gm.vo.ws"&gt;
    &lt;soapenv:Header/&gt;
    &lt;soapenv:Body&gt;...</msg>
<status status="PASS" starttime="20241002 18:05:55.463" endtime="20241002 18:05:55.463"/>
</kw>
<kw name="Replace String" library="String">
<var>${xml_req}</var>
<arg>${xml_req}</arg>
<arg>{{buildingName}}</arg>
<arg>${Empty}</arg>
<doc>Replaces ``search_for`` in the given ``string`` with ``replace_with``.</doc>
<msg timestamp="20241002 18:05:55.463" level="INFO">${xml_req} = &lt;soapenv:Envelope xmlns:soapenv="http://schemas.xmlsoap.org/soap/envelope/" xmlns:ws="http://th/co/ais/sff/ws" xmlns:java="java:th.co.ais.sff.domain.gm.vo.ws"&gt;
    &lt;soapenv:Header/&gt;
    &lt;soapenv:Body&gt;...</msg>
<status status="PASS" starttime="20241002 18:05:55.463" endtime="20241002 18:05:55.464"/>
</kw>
<kw name="Replace String" library="String">
<var>${xml_req}</var>
<arg>${xml_req}</arg>
<arg>{{floor}}</arg>
<arg>${Empty}</arg>
<doc>Replaces ``search_for`` in the given ``string`` with ``replace_with``.</doc>
<msg timestamp="20241002 18:05:55.464" level="INFO">${xml_req} = &lt;soapenv:Envelope xmlns:soapenv="http://schemas.xmlsoap.org/soap/envelope/" xmlns:ws="http://th/co/ais/sff/ws" xmlns:java="java:th.co.ais.sff.domain.gm.vo.ws"&gt;
    &lt;soapenv:Header/&gt;
    &lt;soapenv:Body&gt;...</msg>
<status status="PASS" starttime="20241002 18:05:55.464" endtime="20241002 18:05:55.464"/>
</kw>
<kw name="Replace String" library="String">
<var>${xml_req}</var>
<arg>${xml_req}</arg>
<arg>{{room}}</arg>
<arg>${Empty}</arg>
<doc>Replaces ``search_for`` in the given ``string`` with ``replace_with``.</doc>
<msg timestamp="20241002 18:05:55.465" level="INFO">${xml_req} = &lt;soapenv:Envelope xmlns:soapenv="http://schemas.xmlsoap.org/soap/envelope/" xmlns:ws="http://th/co/ais/sff/ws" xmlns:java="java:th.co.ais.sff.domain.gm.vo.ws"&gt;
    &lt;soapenv:Header/&gt;
    &lt;soapenv:Body&gt;...</msg>
<status status="PASS" starttime="20241002 18:05:55.464" endtime="20241002 18:05:55.465"/>
</kw>
<kw name="Replace String" library="String">
<var>${xml_req}</var>
<arg>${xml_req}</arg>
<arg>{{moo}}</arg>
<arg>${Empty}</arg>
<doc>Replaces ``search_for`` in the given ``string`` with ``replace_with``.</doc>
<msg timestamp="20241002 18:05:55.465" level="INFO">${xml_req} = &lt;soapenv:Envelope xmlns:soapenv="http://schemas.xmlsoap.org/soap/envelope/" xmlns:ws="http://th/co/ais/sff/ws" xmlns:java="java:th.co.ais.sff.domain.gm.vo.ws"&gt;
    &lt;soapenv:Header/&gt;
    &lt;soapenv:Body&gt;...</msg>
<status status="PASS" starttime="20241002 18:05:55.465" endtime="20241002 18:05:55.465"/>
</kw>
<kw name="Replace String" library="String">
<var>${xml_req}</var>
<arg>${xml_req}</arg>
<arg>{{mooBan}}</arg>
<arg>${Empty}</arg>
<doc>Replaces ``search_for`` in the given ``string`` with ``replace_with``.</doc>
<msg timestamp="20241002 18:05:55.466" level="INFO">${xml_req} = &lt;soapenv:Envelope xmlns:soapenv="http://schemas.xmlsoap.org/soap/envelope/" xmlns:ws="http://th/co/ais/sff/ws" xmlns:java="java:th.co.ais.sff.domain.gm.vo.ws"&gt;
    &lt;soapenv:Header/&gt;
    &lt;soapenv:Body&gt;...</msg>
<status status="PASS" starttime="20241002 18:05:55.466" endtime="20241002 18:05:55.466"/>
</kw>
<kw name="Replace String" library="String">
<var>${xml_req}</var>
<arg>${xml_req}</arg>
<arg>{{soi}}</arg>
<arg>${Empty}</arg>
<doc>Replaces ``search_for`` in the given ``string`` with ``replace_with``.</doc>
<msg timestamp="20241002 18:05:55.466" level="INFO">${xml_req} = &lt;soapenv:Envelope xmlns:soapenv="http://schemas.xmlsoap.org/soap/envelope/" xmlns:ws="http://th/co/ais/sff/ws" xmlns:java="java:th.co.ais.sff.domain.gm.vo.ws"&gt;
    &lt;soapenv:Header/&gt;
    &lt;soapenv:Body&gt;...</msg>
<status status="PASS" starttime="20241002 18:05:55.466" endtime="20241002 18:05:55.466"/>
</kw>
<kw name="Replace String" library="String">
<var>${xml_req}</var>
<arg>${xml_req}</arg>
<arg>{{street}}</arg>
<arg>${Empty}</arg>
<doc>Replaces ``search_for`` in the given ``string`` with ``replace_with``.</doc>
<msg timestamp="20241002 18:05:55.468" level="INFO">${xml_req} = &lt;soapenv:Envelope xmlns:soapenv="http://schemas.xmlsoap.org/soap/envelope/" xmlns:ws="http://th/co/ais/sff/ws" xmlns:java="java:th.co.ais.sff.domain.gm.vo.ws"&gt;
    &lt;soapenv:Header/&gt;
    &lt;soapenv:Body&gt;...</msg>
<status status="PASS" starttime="20241002 18:05:55.466" endtime="20241002 18:05:55.468"/>
</kw>
<kw name="Replace String" library="String">
<var>${xml_req}</var>
<arg>${xml_req}</arg>
<arg>{{tumbol}}</arg>
<arg>จอมทอง</arg>
<doc>Replaces ``search_for`` in the given ``string`` with ``replace_with``.</doc>
<msg timestamp="20241002 18:05:55.468" level="INFO">${xml_req} = &lt;soapenv:Envelope xmlns:soapenv="http://schemas.xmlsoap.org/soap/envelope/" xmlns:ws="http://th/co/ais/sff/ws" xmlns:java="java:th.co.ais.sff.domain.gm.vo.ws"&gt;
    &lt;soapenv:Header/&gt;
    &lt;soapenv:Body&gt;...</msg>
<status status="PASS" starttime="20241002 18:05:55.468" endtime="20241002 18:05:55.468"/>
</kw>
<kw name="Replace String" library="String">
<var>${xml_req}</var>
<arg>${xml_req}</arg>
<arg>{{amphur}}</arg>
<arg>จอมทอง</arg>
<doc>Replaces ``search_for`` in the given ``string`` with ``replace_with``.</doc>
<msg timestamp="20241002 18:05:55.468" level="INFO">${xml_req} = &lt;soapenv:Envelope xmlns:soapenv="http://schemas.xmlsoap.org/soap/envelope/" xmlns:ws="http://th/co/ais/sff/ws" xmlns:java="java:th.co.ais.sff.domain.gm.vo.ws"&gt;
    &lt;soapenv:Header/&gt;
    &lt;soapenv:Body&gt;...</msg>
<status status="PASS" starttime="20241002 18:05:55.468" endtime="20241002 18:05:55.468"/>
</kw>
<kw name="Replace String" library="String">
<var>${xml_req}</var>
<arg>${xml_req}</arg>
<arg>{{province}}</arg>
<arg>กรุงเทพ</arg>
<doc>Replaces ``search_for`` in the given ``string`` with ``replace_with``.</doc>
<msg timestamp="20241002 18:05:55.469" level="INFO">${xml_req} = &lt;soapenv:Envelope xmlns:soapenv="http://schemas.xmlsoap.org/soap/envelope/" xmlns:ws="http://th/co/ais/sff/ws" xmlns:java="java:th.co.ais.sff.domain.gm.vo.ws"&gt;
    &lt;soapenv:Header/&gt;
    &lt;soapenv:Body&gt;...</msg>
<status status="PASS" starttime="20241002 18:05:55.468" endtime="20241002 18:05:55.469"/>
</kw>
<kw name="Replace String" library="String">
<var>${xml_req}</var>
<arg>${xml_req}</arg>
<arg>{{zipCode}}</arg>
<arg>10150</arg>
<doc>Replaces ``search_for`` in the given ``string`` with ``replace_with``.</doc>
<msg timestamp="20241002 18:05:55.469" level="INFO">${xml_req} = &lt;soapenv:Envelope xmlns:soapenv="http://schemas.xmlsoap.org/soap/envelope/" xmlns:ws="http://th/co/ais/sff/ws" xmlns:java="java:th.co.ais.sff.domain.gm.vo.ws"&gt;
    &lt;soapenv:Header/&gt;
    &lt;soapenv:Body&gt;...</msg>
<status status="PASS" starttime="20241002 18:05:55.469" endtime="20241002 18:05:55.469"/>
</kw>
<kw name="Replace String" library="String">
<var>${xml_req}</var>
<arg>${xml_req}</arg>
<arg>{{userName}}</arg>
<arg>MC</arg>
<doc>Replaces ``search_for`` in the given ``string`` with ``replace_with``.</doc>
<msg timestamp="20241002 18:05:55.469" level="INFO">${xml_req} = &lt;soapenv:Envelope xmlns:soapenv="http://schemas.xmlsoap.org/soap/envelope/" xmlns:ws="http://th/co/ais/sff/ws" xmlns:java="java:th.co.ais.sff.domain.gm.vo.ws"&gt;
    &lt;soapenv:Header/&gt;
    &lt;soapenv:Body&gt;...</msg>
<status status="PASS" starttime="20241002 18:05:55.469" endtime="20241002 18:05:55.469"/>
</kw>
<kw name="Replace String" library="String">
<var>${xml_req}</var>
<arg>${xml_req}</arg>
<arg>{{channel}}</arg>
<arg>${Empty}</arg>
<doc>Replaces ``search_for`` in the given ``string`` with ``replace_with``.</doc>
<msg timestamp="20241002 18:05:55.470" level="INFO">${xml_req} = &lt;soapenv:Envelope xmlns:soapenv="http://schemas.xmlsoap.org/soap/envelope/" xmlns:ws="http://th/co/ais/sff/ws" xmlns:java="java:th.co.ais.sff.domain.gm.vo.ws"&gt;
    &lt;soapenv:Header/&gt;
    &lt;soapenv:Body&gt;...</msg>
<status status="PASS" starttime="20241002 18:05:55.469" endtime="20241002 18:05:55.470"/>
</kw>
<kw name="Replace String" library="String">
<var>${xml_req}</var>
<arg>${xml_req}</arg>
<arg>{{mainMobileNo}}</arg>
<arg>0987774456</arg>
<doc>Replaces ``search_for`` in the given ``string`` with ``replace_with``.</doc>
<msg timestamp="20241002 18:05:55.470" level="INFO">${xml_req} = &lt;soapenv:Envelope xmlns:soapenv="http://schemas.xmlsoap.org/soap/envelope/" xmlns:ws="http://th/co/ais/sff/ws" xmlns:java="java:th.co.ais.sff.domain.gm.vo.ws"&gt;
    &lt;soapenv:Header/&gt;
    &lt;soapenv:Body&gt;...</msg>
<status status="PASS" starttime="20241002 18:05:55.470" endtime="20241002 18:05:55.470"/>
</kw>
<kw name="Replace String" library="String">
<var>${xml_req}</var>
<arg>${xml_req}</arg>
<arg>{{invoicingCompany}}</arg>
<arg>AWN</arg>
<doc>Replaces ``search_for`` in the given ``string`` with ``replace_with``.</doc>
<msg timestamp="20241002 18:05:55.470" level="INFO">${xml_req} = &lt;soapenv:Envelope xmlns:soapenv="http://schemas.xmlsoap.org/soap/envelope/" xmlns:ws="http://th/co/ais/sff/ws" xmlns:java="java:th.co.ais.sff.domain.gm.vo.ws"&gt;
    &lt;soapenv:Header/&gt;
    &lt;soapenv:Body&gt;...</msg>
<status status="PASS" starttime="20241002 18:05:55.470" endtime="20241002 18:05:55.470"/>
</kw>
<kw name="Replace String" library="String">
<var>${xml_req}</var>
<arg>${xml_req}</arg>
<arg>{{overrideProfileFlag}}</arg>
<arg>${Empty}</arg>
<doc>Replaces ``search_for`` in the given ``string`` with ``replace_with``.</doc>
<msg timestamp="20241002 18:05:55.472" level="INFO">${xml_req} = &lt;soapenv:Envelope xmlns:soapenv="http://schemas.xmlsoap.org/soap/envelope/" xmlns:ws="http://th/co/ais/sff/ws" xmlns:java="java:th.co.ais.sff.domain.gm.vo.ws"&gt;
    &lt;soapenv:Header/&gt;
    &lt;soapenv:Body&gt;...</msg>
<status status="PASS" starttime="20241002 18:05:55.471" endtime="20241002 18:05:55.472"/>
</kw>
<kw name="Replace String" library="String">
<var>${xml_req}</var>
<arg>${xml_req}</arg>
<arg>{{accountName}}</arg>
<arg>${Empty}</arg>
<doc>Replaces ``search_for`` in the given ``string`` with ``replace_with``.</doc>
<msg timestamp="20241002 18:05:55.472" level="INFO">${xml_req} = &lt;soapenv:Envelope xmlns:soapenv="http://schemas.xmlsoap.org/soap/envelope/" xmlns:ws="http://th/co/ais/sff/ws" xmlns:java="java:th.co.ais.sff.domain.gm.vo.ws"&gt;
    &lt;soapenv:Header/&gt;
    &lt;soapenv:Body&gt;...</msg>
<status status="PASS" starttime="20241002 18:05:55.472" endtime="20241002 18:05:55.472"/>
</kw>
<kw name="Replace String" library="String">
<var>${xml_req}</var>
<arg>${xml_req}</arg>
<arg>{{taxPaperFlag}}</arg>
<arg>${Empty}</arg>
<doc>Replaces ``search_for`` in the given ``string`` with ``replace_with``.</doc>
<msg timestamp="20241002 18:05:55.473" level="INFO">${xml_req} = &lt;soapenv:Envelope xmlns:soapenv="http://schemas.xmlsoap.org/soap/envelope/" xmlns:ws="http://th/co/ais/sff/ws" xmlns:java="java:th.co.ais.sff.domain.gm.vo.ws"&gt;
    &lt;soapenv:Header/&gt;
    &lt;soapenv:Body&gt;...</msg>
<status status="PASS" starttime="20241002 18:05:55.472" endtime="20241002 18:05:55.473"/>
</kw>
<kw name="Replace String" library="String">
<var>${xml_req}</var>
<arg>${xml_req}</arg>
<arg>{{accntSource}}</arg>
<arg>${Empty}</arg>
<doc>Replaces ``search_for`` in the given ``string`` with ``replace_with``.</doc>
<msg timestamp="20241002 18:05:55.474" level="INFO">${xml_req} = &lt;soapenv:Envelope xmlns:soapenv="http://schemas.xmlsoap.org/soap/envelope/" xmlns:ws="http://th/co/ais/sff/ws" xmlns:java="java:th.co.ais.sff.domain.gm.vo.ws"&gt;
    &lt;soapenv:Header/&gt;
    &lt;soapenv:Body&gt;...</msg>
<status status="PASS" starttime="20241002 18:05:55.473" endtime="20241002 18:05:55.474"/>
</kw>
<kw name="Set Global Variable" library="BuiltIn">
<arg>${xml_req}</arg>
<doc>Makes a variable available globally in all tests and suites.</doc>
<msg timestamp="20241002 18:05:55.474" level="INFO">${xml_req} = &lt;soapenv:Envelope xmlns:soapenv="http://schemas.xmlsoap.org/soap/envelope/" xmlns:ws="http://th/co/ais/sff/ws" xmlns:java="java:th.co.ais.sff.domain.gm.vo.ws"&gt;
    &lt;soapenv:Header/&gt;
    &lt;soapenv:Body&gt;...</msg>
<status status="PASS" starttime="20241002 18:05:55.474" endtime="20241002 18:05:55.474"/>
</kw>
<kw name="Log" library="BuiltIn">
<arg>${xml_req}</arg>
<doc>Logs the given message with the given level.</doc>
<msg timestamp="20241002 18:05:55.474" level="INFO">&lt;soapenv:Envelope xmlns:soapenv="http://schemas.xmlsoap.org/soap/envelope/" xmlns:ws="http://th/co/ais/sff/ws" xmlns:java="java:th.co.ais.sff.domain.gm.vo.ws"&gt;
    &lt;soapenv:Header/&gt;
    &lt;soapenv:Body&gt;
        &lt;ws:ExecuteService&gt;
            &lt;ws:sffRequest&gt;
                &lt;java:Event&gt;evAMCreateNewAccount&lt;/java:Event&gt;
                &lt;java:ParameterList&gt;
                    &lt;java:Parameter&gt;
                        &lt;java:Name&gt;accountType&lt;/java:Name&gt;
                        &lt;java:Value&gt;BA&lt;/java:Value&gt;
                    &lt;/java:Parameter&gt;
                    &lt;java:Parameter&gt;
                        &lt;java:Name&gt;saNumber&lt;/java:Name&gt;
                        &lt;java:Value&gt;&lt;/java:Value&gt;
                    &lt;/java:Parameter&gt;
                    &lt;java:Parameter&gt;
                        &lt;java:Name&gt;accountCat&lt;/java:Name&gt;
                        &lt;java:Value&gt;R&lt;/java:Value&gt;
                    &lt;/java:Parameter&gt;
                    &lt;java:Parameter&gt;
                        &lt;java:Name&gt;accountSubCat&lt;/java:Name&gt;
                        &lt;java:Value&gt;THA&lt;/java:Value&gt;
                    &lt;/java:Parameter&gt;
                    &lt;java:Parameter&gt;
                        &lt;java:Name&gt;idCardType&lt;/java:Name&gt;
                        &lt;java:Value&gt;ID_CARD&lt;/java:Value&gt;
                    &lt;/java:Parameter&gt;
                    &lt;java:Parameter&gt;
                        &lt;java:Name&gt;idCardNo&lt;/java:Name&gt;
                        &lt;java:Value&gt;4760288968740&lt;/java:Value&gt;
                    &lt;/java:Parameter&gt;
                    &lt;java:Parameter&gt;
                        &lt;java:Name&gt;title&lt;/java:Name&gt;
                        &lt;java:Value&gt;นาย&lt;/java:Value&gt;
                    &lt;/java:Parameter&gt;
                    &lt;java:Parameter&gt;
                        &lt;java:Name&gt;firstName&lt;/java:Name&gt;
                        &lt;java:Value&gt;คงเกียรติ&lt;/java:Value&gt;
                    &lt;/java:Parameter&gt;
                    &lt;java:Parameter&gt;
                        &lt;java:Name&gt;lastName&lt;/java:Name&gt;
                        &lt;java:Value&gt;วิเชียรวิทย์&lt;/java:Value&gt;
                    &lt;/java:Parameter&gt;
                    &lt;java:Parameter&gt;
                        &lt;java:Name&gt;saleRepName&lt;/java:Name&gt;
                        &lt;java:Value&gt;&lt;/java:Value&gt;
                    &lt;/java:Parameter&gt;
                    &lt;java:Parameter&gt;
                        &lt;java:Name&gt;emailAddress&lt;/java:Name&gt;
                        &lt;java:Value&gt;&lt;/java:Value&gt;
                    &lt;/java:Parameter&gt;
                    &lt;java:Parameter&gt;
                        &lt;java:Name&gt;homeNo&lt;/java:Name&gt;
                        &lt;java:Value&gt;77/90&lt;/java:Value&gt;
                    &lt;/java:Parameter&gt;
                    &lt;java:Parameter&gt;
                        &lt;java:Name&gt;buildingName&lt;/java:Name&gt;
                        &lt;java:Value&gt;&lt;/java:Value&gt;
                    &lt;/java:Parameter&gt;
                    &lt;java:Parameter&gt;
                        &lt;java:Name&gt;floor&lt;/java:Name&gt;
                        &lt;java:Value&gt;&lt;/java:Value&gt;
                    &lt;/java:Parameter&gt;
                    &lt;java:Parameter&gt;
                        &lt;java:Name&gt;room&lt;/java:Name&gt;
                        &lt;java:Value&gt;&lt;/java:Value&gt;
                    &lt;/java:Parameter&gt;
                    &lt;java:Parameter&gt;
                        &lt;java:Name&gt;moo&lt;/java:Name&gt;
                        &lt;java:Value&gt;&lt;/java:Value&gt;
                    &lt;/java:Parameter&gt;
                    &lt;java:Parameter&gt;
                        &lt;java:Name&gt;mooBan&lt;/java:Name&gt;
                        &lt;java:Value&gt;&lt;/java:Value&gt;
                    &lt;/java:Parameter&gt;
                    &lt;java:Parameter&gt;
                        &lt;java:Name&gt;soi&lt;/java:Name&gt;
                        &lt;java:Value&gt;&lt;/java:Value&gt;
                    &lt;/java:Parameter&gt;
                    &lt;java:Parameter&gt;
                        &lt;java:Name&gt;street&lt;/java:Name&gt;
                        &lt;java:Value&gt;&lt;/java:Value&gt;
                    &lt;/java:Parameter&gt;
                    &lt;java:Parameter&gt;
                        &lt;java:Name&gt;tumbol&lt;/java:Name&gt;
                        &lt;java:Value&gt;จอมทอง&lt;/java:Value&gt;
                    &lt;/java:Parameter&gt;
                    &lt;java:Parameter&gt;
                        &lt;java:Name&gt;amphur&lt;/java:Name&gt;
                        &lt;java:Value&gt;จอมทอง&lt;/java:Value&gt;
                    &lt;/java:Parameter&gt;
                    &lt;java:Parameter&gt;
                        &lt;java:Name&gt;province&lt;/java:Name&gt;
                        &lt;java:Value&gt;กรุงเทพ&lt;/java:Value&gt;
                    &lt;/java:Parameter&gt;
                    &lt;java:Parameter&gt;
                        &lt;java:Name&gt;zipCode&lt;/java:Name&gt;
                        &lt;java:Value&gt;10150&lt;/java:Value&gt;
                    &lt;/java:Parameter&gt;
                    &lt;java:Parameter&gt;
                        &lt;java:Name&gt;userName&lt;/java:Name&gt;
                        &lt;java:Value&gt;MC&lt;/java:Value&gt;
                    &lt;/java:Parameter&gt;
                    &lt;java:Parameter&gt;
                        &lt;java:Name&gt;channel&lt;/java:Name&gt;
                        &lt;java:Value&gt;&lt;/java:Value&gt;
                    &lt;/java:Parameter&gt;
                    &lt;java:Parameter&gt;
                        &lt;java:Name&gt;mainMobileNo&lt;/java:Name&gt;
                        &lt;java:Value&gt;0987774456&lt;/java:Value&gt;
                    &lt;/java:Parameter&gt;
                    &lt;java:Parameter&gt;
                        &lt;java:Name&gt;invoicingCompany&lt;/java:Name&gt;
                        &lt;java:Value&gt;AWN&lt;/java:Value&gt;
                    &lt;/java:Parameter&gt;
                    &lt;java:Parameter&gt;
                        &lt;java:Name&gt;overrideProfileFlag&lt;/java:Name&gt;
                        &lt;java:Value&gt;&lt;/java:Value&gt;
                    &lt;/java:Parameter&gt;
                    &lt;java:Parameter&gt;
                        &lt;java:Name&gt;accountName&lt;/java:Name&gt;
                        &lt;java:Value&gt;&lt;/java:Value&gt;
                    &lt;/java:Parameter&gt;
                    &lt;java:Parameter&gt;
                        &lt;java:Name&gt;taxPaperFlag&lt;/java:Name&gt;
                        &lt;java:Value&gt;&lt;/java:Value&gt;
                    &lt;/java:Parameter&gt;
                    &lt;java:Parameter&gt;
                        &lt;java:Name&gt;accntSource&lt;/java:Name&gt;
                        &lt;java:Value&gt;&lt;/java:Value&gt;
                    &lt;/java:Parameter&gt;
                &lt;/java:ParameterList&gt;
            &lt;/ws:sffRequest&gt;
        &lt;/ws:ExecuteService&gt;
    &lt;/soapenv:Body&gt;
&lt;/soapenv:Envelope&gt;</msg>
<status status="PASS" starttime="20241002 18:05:55.474" endtime="20241002 18:05:55.474"/>
</kw>
<status status="PASS" starttime="20241002 18:05:55.456" endtime="20241002 18:05:55.474"/>
</kw>
<kw name="API NEW ACCOUNT SFF">
<var>${order}</var>
<kw name="Request to Get Token">
<var>${resp}</var>
<arg>${get_token_body}</arg>
<kw name="Create Dictionary" library="BuiltIn">
<var>${header}</var>
<arg>Content-Type=application/json;charset=utf-8</arg>
<doc>Creates and returns a dictionary based on the given ``items``.</doc>
<msg timestamp="20241002 18:05:55.475" level="INFO">${header} = {'Content-Type': 'application/json;charset=utf-8'}</msg>
<status status="PASS" starttime="20241002 18:05:55.475" endtime="20241002 18:05:55.475"/>
</kw>
<kw name="Create Session" library="RequestsLibrary">
<arg>tmd</arg>
<arg>${host_url}</arg>
<arg>verify=False</arg>
<arg>headers=${header}</arg>
<doc>Create Session: create a HTTP session to a server</doc>
<msg timestamp="20241002 18:05:55.475" level="INFO">Creating Session using : alias=tmd, url=https://test-sky.intra.ais:2443, headers={'Content-Type': 'application/json;charset=utf-8'},                     cookies={}, auth=None, timeout=None, proxies=None, verify=False,                     debug=0 </msg>
<status status="PASS" starttime="20241002 18:05:55.475" endtime="20241002 18:05:55.476"/>
</kw>
<kw name="POST On Session" library="RequestsLibrary">
<var>${resp}</var>
<arg>tmd</arg>
<arg>${get_token_url}</arg>
<arg>data=${params}</arg>
<doc>Sends a POST request on a previously created HTTP Session.</doc>
<msg timestamp="20241002 18:05:55.555" level="INFO">POST Request : url=https://test-sky.intra.ais:2443/sky-auth/v1/user/authenticate 
 path_url=/sky-auth/v1/user/authenticate 
 headers={'User-Agent': 'python-requests/2.32.3', 'Accept-Encoding': 'gzip, deflate', 'Accept': '*/*', 'Connection': 'keep-alive', 'Content-Type': 'application/json;charset=utf-8', 'Content-Length': '70'} 
 body={"username": "hk_usr", "password": "ebb1345b837c3039d16e9c0675cc449a"} 
 </msg>
<msg timestamp="20241002 18:05:55.555" level="INFO">POST Response : url=https://test-sky.intra.ais:2443/sky-auth/v1/user/authenticate 
 status=200, reason= 
 headers={'Date': 'Wed, 02 Oct 2024 11:05:55 GMT', 'Content-Type': 'application/json', 'Transfer-Encoding': 'chunked', 'Connection': 'keep-alive', 'X-Content-Type-Options': 'nosniff', 'X-XSS-Protection': '1; mode=block', 'Cache-Control': 'no-cache, no-store, max-age=0, must-revalidate', 'Pragma': 'no-cache', 'Expires': '0', 'X-Frame-Options': 'DENY', 'Content-Security-Policy': "default-src 'self'", 'Strict-Transport-Security': 'max-age=15724800; includeSubDomains'} 
 body={"token":"Bearer eyJ0eXAiOiJKV1QiLCJhbGciOiJIUzI1NiJ9.eyJzdWIiOiJoa191c3IiLCJyb2xlIjoiQ1JVRCIsImFwcGxpY2F0aW9uIjoiaGsiLCJpc3MiOiJza3ktYXV0aCIsImV4cCI6MTcyNzg2Nzc1NSwiaWF0IjoxNzI3ODY3MTU1fQ.WxToq4Fmj-ZztV3qrmPeKsD-Oa6Kkh6_0bUjHzK_LUA"} 
 </msg>
<msg timestamp="20241002 18:05:55.556" level="INFO">C:\Users\bandh443\AppData\Roaming\Python\Python311\site-packages\urllib3\connectionpool.py:1099: InsecureRequestWarning: Unverified HTTPS request is being made to host 'test-sky.intra.ais'. Adding certificate verification is strongly advised. See: https://urllib3.readthedocs.io/en/latest/advanced-usage.html#tls-warnings
  warnings.warn(</msg>
<msg timestamp="20241002 18:05:55.556" level="INFO">${resp} = &lt;Response [200]&gt;</msg>
<status status="PASS" starttime="20241002 18:05:55.476" endtime="20241002 18:05:55.556"/>
</kw>
<kw name="Return From Keyword" library="BuiltIn">
<arg>${resp}</arg>
<doc>Returns from the enclosing user keyword.</doc>
<msg timestamp="20241002 18:05:55.556" level="INFO">Returning from the enclosing user keyword.</msg>
<status status="PASS" starttime="20241002 18:05:55.556" endtime="20241002 18:05:55.557"/>
</kw>
<kw name="Log To Console" library="BuiltIn">
<arg>${resp}</arg>
<doc>Logs the given message to the console.</doc>
<status status="NOT RUN" starttime="20241002 18:05:55.557" endtime="20241002 18:05:55.557"/>
</kw>
<msg timestamp="20241002 18:05:55.557" level="INFO">${resp} = &lt;Response [200]&gt;</msg>
<status status="PASS" starttime="20241002 18:05:55.475" endtime="20241002 18:05:55.557"/>
</kw>
<kw name="Log" library="BuiltIn">
<arg>response=${resp.content}</arg>
<doc>Logs the given message with the given level.</doc>
<msg timestamp="20241002 18:05:55.558" level="INFO">response={"token":"Bearer eyJ0eXAiOiJKV1QiLCJhbGciOiJIUzI1NiJ9.eyJzdWIiOiJoa191c3IiLCJyb2xlIjoiQ1JVRCIsImFwcGxpY2F0aW9uIjoiaGsiLCJpc3MiOiJza3ktYXV0aCIsImV4cCI6MTcyNzg2Nzc1NSwiaWF0IjoxNzI3ODY3MTU1fQ.WxToq4Fmj-ZztV3qrmPeKsD-Oa6Kkh6_0bUjHzK_LUA"}</msg>
<status status="PASS" starttime="20241002 18:05:55.557" endtime="20241002 18:05:55.559"/>
</kw>
<kw name="Evaluate" library="BuiltIn">
<var>${resDict}</var>
<arg>json.loads("""${resp.content}""")</arg>
<arg>json</arg>
<doc>Evaluates the given expression in Python and returns the result.</doc>
<msg timestamp="20241002 18:05:55.559" level="INFO">${resDict} = {'token': 'Bearer eyJ0eXAiOiJKV1QiLCJhbGciOiJIUzI1NiJ9.eyJzdWIiOiJoa191c3IiLCJyb2xlIjoiQ1JVRCIsImFwcGxpY2F0aW9uIjoiaGsiLCJpc3MiOiJza3ktYXV0aCIsImV4cCI6MTcyNzg2Nzc1NSwiaWF0IjoxNzI3ODY3MTU1fQ.WxToq4Fmj-...</msg>
<status status="PASS" starttime="20241002 18:05:55.559" endtime="20241002 18:05:55.559"/>
</kw>
<kw name="Log" library="BuiltIn">
<arg>${resDict}</arg>
<doc>Logs the given message with the given level.</doc>
<msg timestamp="20241002 18:05:55.560" level="INFO">{'token': 'Bearer eyJ0eXAiOiJKV1QiLCJhbGciOiJIUzI1NiJ9.eyJzdWIiOiJoa191c3IiLCJyb2xlIjoiQ1JVRCIsImFwcGxpY2F0aW9uIjoiaGsiLCJpc3MiOiJza3ktYXV0aCIsImV4cCI6MTcyNzg2Nzc1NSwiaWF0IjoxNzI3ODY3MTU1fQ.WxToq4Fmj-ZztV3qrmPeKsD-Oa6Kkh6_0bUjHzK_LUA'}</msg>
<status status="PASS" starttime="20241002 18:05:55.560" endtime="20241002 18:05:55.560"/>
</kw>
<kw name="REQUEST NEW ACCOUNT SFF">
<var>${orderResp}</var>
<arg>${resDict["token"]}</arg>
<kw name="Set Variable" library="BuiltIn">
<var>${url}</var>
<arg>http://10.252.64.153:8803/SFFWebService/SFFService</arg>
<doc>Returns the given values which can then be assigned to a variables.</doc>
<msg timestamp="20241002 18:05:55.561" level="INFO">${url} = http://10.252.64.153:8803/SFFWebService/SFFService</msg>
<status status="PASS" starttime="20241002 18:05:55.561" endtime="20241002 18:05:55.561"/>
</kw>
<kw name="Create Dictionary" library="BuiltIn">
<var>${header}</var>
<arg>Content-Type=text/xml;charset=utf-8</arg>
<arg>Authorization=${token}</arg>
<doc>Creates and returns a dictionary based on the given ``items``.</doc>
<msg timestamp="20241002 18:05:55.561" level="INFO">${header} = {'Content-Type': 'text/xml;charset=utf-8', 'Authorization': 'Bearer eyJ0eXAiOiJKV1QiLCJhbGciOiJIUzI1NiJ9.eyJzdWIiOiJoa191c3IiLCJyb2xlIjoiQ1JVRCIsImFwcGxpY2F0aW9uIjoiaGsiLCJpc3MiOiJza3ktYXV0aCIsImV4cCI...</msg>
<status status="PASS" starttime="20241002 18:05:55.561" endtime="20241002 18:05:55.561"/>
</kw>
<kw name="Create Session" library="RequestsLibrary">
<arg>tmd</arg>
<arg>${url}</arg>
<arg>verify=False</arg>
<arg>headers=${header}</arg>
<doc>Create Session: create a HTTP session to a server</doc>
<msg timestamp="20241002 18:05:55.562" level="INFO">Creating Session using : alias=tmd, url=http://10.252.64.153:8803/SFFWebService/SFFService, headers={'Content-Type': 'text/xml;charset=utf-8', 'Authorization': 'Bearer eyJ0eXAiOiJKV1QiLCJhbGciOiJIUzI1NiJ9.eyJzdWIiOiJoa191c3IiLCJyb2xlIjoiQ1JVRCIsImFwcGxpY2F0aW9uIjoiaGsiLCJpc3MiOiJza3ktYXV0aCIsImV4cCI6MTcyNzg2Nzc1NSwiaWF0IjoxNzI3ODY3MTU1fQ.WxToq4Fmj-ZztV3qrmPeKsD-Oa6Kkh6_0bUjHzK_LUA'},                     cookies={}, auth=None, timeout=None, proxies=None, verify=False,                     debug=0 </msg>
<status status="PASS" starttime="20241002 18:05:55.561" endtime="20241002 18:05:55.562"/>
</kw>
<kw name="POST On Session" library="RequestsLibrary">
<var>${resp}</var>
<arg>tmd</arg>
<arg>${Empty}</arg>
<arg>data=${xml_req}</arg>
<arg>expected_status=any</arg>
<doc>Sends a POST request on a previously created HTTP Session.</doc>
<msg timestamp="20241002 18:05:56.604" level="INFO">POST Request : url=http://10.252.64.153:8803/SFFWebService/SFFService 
 path_url=/SFFWebService/SFFService 
 headers={'User-Agent': 'python-requests/2.32.3', 'Accept-Encoding': 'gzip, deflate', 'Accept': '*/*', 'Connection': 'keep-alive', 'Content-Type': 'text/xml;charset=utf-8', 'Authorization': 'Bearer eyJ0eXAiOiJKV1QiLCJhbGciOiJIUzI1NiJ9.eyJzdWIiOiJoa191c3IiLCJyb2xlIjoiQ1JVRCIsImFwcGxpY2F0aW9uIjoiaGsiLCJpc3MiOiJza3ktYXV0aCIsImV4cCI6MTcyNzg2Nzc1NSwiaWF0IjoxNzI3ODY3MTU1fQ.WxToq4Fmj-ZztV3qrmPeKsD-Oa6Kkh6_0bUjHzK_LUA', 'Content-Length': '6307'} 
 body=&lt;soapenv:Envelope xmlns:soapenv="http://schemas.xmlsoap.org/soap/envelope/" xmlns:ws="http://th/co/ais/sff/ws" xmlns:java="java:th.co.ais.sff.domain.gm.vo.ws"&gt;
    &lt;soapenv:Header/&gt;
    &lt;soapenv:Body&gt;
        &lt;ws:ExecuteService&gt;
            &lt;ws:sffRequest&gt;
                &lt;java:Event&gt;evAMCreateNewAccount&lt;/java:Event&gt;
                &lt;java:ParameterList&gt;
                    &lt;java:Parameter&gt;
                        &lt;java:Name&gt;accountType&lt;/java:Name&gt;
                        &lt;java:Value&gt;BA&lt;/java:Value&gt;
                    &lt;/java:Parameter&gt;
                    &lt;java:Parameter&gt;
                        &lt;java:Name&gt;saNumber&lt;/java:Name&gt;
                        &lt;java:Value&gt;&lt;/java:Value&gt;
                    &lt;/java:Parameter&gt;
                    &lt;java:Parameter&gt;
                        &lt;java:Name&gt;accountCat&lt;/java:Name&gt;
                        &lt;java:Value&gt;R&lt;/java:Value&gt;
                    &lt;/java:Parameter&gt;
                    &lt;java:Parameter&gt;
                        &lt;java:Name&gt;accountSubCat&lt;/java:Name&gt;
                        &lt;java:Value&gt;THA&lt;/java:Value&gt;
                    &lt;/java:Parameter&gt;
                    &lt;java:Parameter&gt;
                        &lt;java:Name&gt;idCardType&lt;/java:Name&gt;
                        &lt;java:Value&gt;ID_CARD&lt;/java:Value&gt;
                    &lt;/java:Parameter&gt;
                    &lt;java:Parameter&gt;
                        &lt;java:Name&gt;idCardNo&lt;/java:Name&gt;
                        &lt;java:Value&gt;4760288968740&lt;/java:Value&gt;
                    &lt;/java:Parameter&gt;
                    &lt;java:Parameter&gt;
                        &lt;java:Name&gt;title&lt;/java:Name&gt;
                        &lt;java:Value&gt;นาย&lt;/java:Value&gt;
                    &lt;/java:Parameter&gt;
                    &lt;java:Parameter&gt;
                        &lt;java:Name&gt;firstName&lt;/java:Name&gt;
                        &lt;java:Value&gt;คงเกียรติ&lt;/java:Value&gt;
                    &lt;/java:Parameter&gt;
                    &lt;java:Parameter&gt;
                        &lt;java:Name&gt;lastName&lt;/java:Name&gt;
                        &lt;java:Value&gt;วิเชียรวิทย์&lt;/java:Value&gt;
                    &lt;/java:Parameter&gt;
                    &lt;java:Parameter&gt;
                        &lt;java:Name&gt;saleRepName&lt;/java:Name&gt;
                        &lt;java:Value&gt;&lt;/java:Value&gt;
                    &lt;/java:Parameter&gt;
                    &lt;java:Parameter&gt;
                        &lt;java:Name&gt;emailAddress&lt;/java:Name&gt;
                        &lt;java:Value&gt;&lt;/java:Value&gt;
                    &lt;/java:Parameter&gt;
                    &lt;java:Parameter&gt;
                        &lt;java:Name&gt;homeNo&lt;/java:Name&gt;
                        &lt;java:Value&gt;77/90&lt;/java:Value&gt;
                    &lt;/java:Parameter&gt;
                    &lt;java:Parameter&gt;
                        &lt;java:Name&gt;buildingName&lt;/java:Name&gt;
                        &lt;java:Value&gt;&lt;/java:Value&gt;
                    &lt;/java:Parameter&gt;
                    &lt;java:Parameter&gt;
                        &lt;java:Name&gt;floor&lt;/java:Name&gt;
                        &lt;java:Value&gt;&lt;/java:Value&gt;
                    &lt;/java:Parameter&gt;
                    &lt;java:Parameter&gt;
                        &lt;java:Name&gt;room&lt;/java:Name&gt;
                        &lt;java:Value&gt;&lt;/java:Value&gt;
                    &lt;/java:Parameter&gt;
                    &lt;java:Parameter&gt;
                        &lt;java:Name&gt;moo&lt;/java:Name&gt;
                        &lt;java:Value&gt;&lt;/java:Value&gt;
                    &lt;/java:Parameter&gt;
                    &lt;java:Parameter&gt;
                        &lt;java:Name&gt;mooBan&lt;/java:Name&gt;
                        &lt;java:Value&gt;&lt;/java:Value&gt;
                    &lt;/java:Parameter&gt;
                    &lt;java:Parameter&gt;
                        &lt;java:Name&gt;soi&lt;/java:Name&gt;
                        &lt;java:Value&gt;&lt;/java:Value&gt;
                    &lt;/java:Parameter&gt;
                    &lt;java:Parameter&gt;
                        &lt;java:Name&gt;street&lt;/java:Name&gt;
                        &lt;java:Value&gt;&lt;/java:Value&gt;
                    &lt;/java:Parameter&gt;
                    &lt;java:Parameter&gt;
                        &lt;java:Name&gt;tumbol&lt;/java:Name&gt;
                        &lt;java:Value&gt;จอมทอง&lt;/java:Value&gt;
                    &lt;/java:Parameter&gt;
                    &lt;java:Parameter&gt;
                        &lt;java:Name&gt;amphur&lt;/java:Name&gt;
                        &lt;java:Value&gt;จอมทอง&lt;/java:Value&gt;
                    &lt;/java:Parameter&gt;
                    &lt;java:Parameter&gt;
                        &lt;java:Name&gt;province&lt;/java:Name&gt;
                        &lt;java:Value&gt;กรุงเทพ&lt;/java:Value&gt;
                    &lt;/java:Parameter&gt;
                    &lt;java:Parameter&gt;
                        &lt;java:Name&gt;zipCode&lt;/java:Name&gt;
                        &lt;java:Value&gt;10150&lt;/java:Value&gt;
                    &lt;/java:Parameter&gt;
                    &lt;java:Parameter&gt;
                        &lt;java:Name&gt;userName&lt;/java:Name&gt;
                        &lt;java:Value&gt;MC&lt;/java:Value&gt;
                    &lt;/java:Parameter&gt;
                    &lt;java:Parameter&gt;
                        &lt;java:Name&gt;channel&lt;/java:Name&gt;
                        &lt;java:Value&gt;&lt;/java:Value&gt;
                    &lt;/java:Parameter&gt;
                    &lt;java:Parameter&gt;
                        &lt;java:Name&gt;mainMobileNo&lt;/java:Name&gt;
                        &lt;java:Value&gt;0987774456&lt;/java:Value&gt;
                    &lt;/java:Parameter&gt;
                    &lt;java:Parameter&gt;
                        &lt;java:Name&gt;invoicingCompany&lt;/java:Name&gt;
                        &lt;java:Value&gt;AWN&lt;/java:Value&gt;
                    &lt;/java:Parameter&gt;
                    &lt;java:Parameter&gt;
                        &lt;java:Name&gt;overrideProfileFlag&lt;/java:Name&gt;
                        &lt;java:Value&gt;&lt;/java:Value&gt;
                    &lt;/java:Parameter&gt;
                    &lt;java:Parameter&gt;
                        &lt;java:Name&gt;accountName&lt;/java:Name&gt;
                        &lt;java:Value&gt;&lt;/java:Value&gt;
                    &lt;/java:Parameter&gt;
                    &lt;java:Parameter&gt;
                        &lt;java:Name&gt;taxPaperFlag&lt;/java:Name&gt;
                        &lt;java:Value&gt;&lt;/java:Value&gt;
                    &lt;/java:Parameter&gt;
                    &lt;java:Parameter&gt;
                        &lt;java:Name&gt;accntSource&lt;/java:Name&gt;
                        &lt;java:Value&gt;&lt;/java:Value&gt;
                    &lt;/java:Parameter&gt;
                &lt;/java:ParameterList&gt;
            &lt;/ws:sffRequest&gt;
        &lt;/ws:ExecuteService&gt;
    &lt;/soapenv:Body&gt;
&lt;/soapenv:Envelope&gt; 
 </msg>
<msg timestamp="20241002 18:05:56.605" level="INFO">POST Response : url=http://10.252.64.153:8803/SFFWebService/SFFService 
 status=200, reason=OK 
 headers={'Date': 'Wed, 02 Oct 2024 11:05:55 GMT', 'Transfer-Encoding': 'chunked', 'Content-Type': 'text/xml; charset=utf-8', 'SOAPAction': '""', 'X-Powered-By': 'Servlet/2.5 JSP/2.1'} 
 body=&lt;env:Envelope xmlns:env="http://schemas.xmlsoap.org/soap/envelope/" xmlns:xsi="http://www.w3.org/2001/XMLSchema-instance"&gt;&lt;env:Header/&gt;&lt;env:Body&gt;&lt;m:ExecuteServiceResponse xmlns:m="http://th/co/ais/sff/ws"&gt;&lt;m:return&gt;&lt;java:ErrorMessage xmlns:java="java:th.co.ais.sff.domain.gm.vo.ws" xsi:nil="true"/&gt;&lt;java:ParameterList xmlns:java="java:th.co.ais.sff.domain.gm.vo.ws"&gt;&lt;java:ParameterType xsi:nil="true"/&gt;&lt;java:Parameter&gt;&lt;java:Name&gt;resultCode&lt;/java:Name&gt;&lt;java:Value&gt;Y&lt;/java:Value&gt;&lt;/java:Parameter&gt;&lt;java:Parameter&gt;&lt;java:Name&gt;errorCode&lt;/java:Name&gt;&lt;java:Value&gt;000&lt;/java:Value&gt;&lt;/java:Parameter&gt;&lt;java:Parameter&gt;&lt;java:Name&gt;errorMessage&lt;/java:Name&gt;&lt;java:Value&gt;&lt;/java:Value&gt;&lt;/java:Parameter&gt;&lt;java:Parameter&gt;&lt;java:Name&gt;accountNo&lt;/java:Name&gt;&lt;java:Value&gt;32400050511484&lt;/java:Value&gt;&lt;/java:Parameter&gt;&lt;java:Parameter&gt;&lt;java:Name&gt;accountRowId&lt;/java:Name&gt;&lt;java:Value&gt;8a7cc019924bc35101924ce877d717f0&lt;/java:Value&gt;&lt;/java:Parameter&gt;&lt;/java:ParameterList&gt;&lt;/m:return&gt;&lt;/m:ExecuteServiceResponse&gt;&lt;/env:Body&gt;&lt;/env:Envelope&gt; 
 </msg>
<msg timestamp="20241002 18:05:56.605" level="INFO">${resp} = &lt;Response [200]&gt;</msg>
<status status="PASS" starttime="20241002 18:05:55.562" endtime="20241002 18:05:56.605"/>
</kw>
<kw name="Set Global Variable" library="BuiltIn">
<arg>${status}</arg>
<arg>${resp.status_code}</arg>
<doc>Makes a variable available globally in all tests and suites.</doc>
<msg timestamp="20241002 18:05:56.607" level="INFO">${status} = 200</msg>
<status status="PASS" starttime="20241002 18:05:56.605" endtime="20241002 18:05:56.607"/>
</kw>
<return>
<value>${resp}</value>
<status status="PASS" starttime="20241002 18:05:56.607" endtime="20241002 18:05:56.607"/>
</return>
<msg timestamp="20241002 18:05:56.607" level="INFO">${orderResp} = &lt;Response [200]&gt;</msg>
<status status="PASS" starttime="20241002 18:05:55.560" endtime="20241002 18:05:56.607"/>
</kw>
<kw name="Log" library="BuiltIn">
<arg>${orderResp.content}</arg>
<doc>Logs the given message with the given level.</doc>
<msg timestamp="20241002 18:05:56.608" level="INFO">&lt;env:Envelope xmlns:env="http://schemas.xmlsoap.org/soap/envelope/" xmlns:xsi="http://www.w3.org/2001/XMLSchema-instance"&gt;&lt;env:Header/&gt;&lt;env:Body&gt;&lt;m:ExecuteServiceResponse xmlns:m="http://th/co/ais/sff/ws"&gt;&lt;m:return&gt;&lt;java:ErrorMessage xmlns:java="java:th.co.ais.sff.domain.gm.vo.ws" xsi:nil="true"/&gt;&lt;java:ParameterList xmlns:java="java:th.co.ais.sff.domain.gm.vo.ws"&gt;&lt;java:ParameterType xsi:nil="true"/&gt;&lt;java:Parameter&gt;&lt;java:Name&gt;resultCode&lt;/java:Name&gt;&lt;java:Value&gt;Y&lt;/java:Value&gt;&lt;/java:Parameter&gt;&lt;java:Parameter&gt;&lt;java:Name&gt;errorCode&lt;/java:Name&gt;&lt;java:Value&gt;000&lt;/java:Value&gt;&lt;/java:Parameter&gt;&lt;java:Parameter&gt;&lt;java:Name&gt;errorMessage&lt;/java:Name&gt;&lt;java:Value&gt;&lt;/java:Value&gt;&lt;/java:Parameter&gt;&lt;java:Parameter&gt;&lt;java:Name&gt;accountNo&lt;/java:Name&gt;&lt;java:Value&gt;32400050511484&lt;/java:Value&gt;&lt;/java:Parameter&gt;&lt;java:Parameter&gt;&lt;java:Name&gt;accountRowId&lt;/java:Name&gt;&lt;java:Value&gt;8a7cc019924bc35101924ce877d717f0&lt;/java:Value&gt;&lt;/java:Parameter&gt;&lt;/java:ParameterList&gt;&lt;/m:return&gt;&lt;/m:ExecuteServiceResponse&gt;&lt;/env:Body&gt;&lt;/env:Envelope&gt;</msg>
<status status="PASS" starttime="20241002 18:05:56.607" endtime="20241002 18:05:56.608"/>
</kw>
<kw name="Set Global Variable" library="BuiltIn">
<arg>${orderRes_account_sff}</arg>
<arg>${orderResp.content}</arg>
<doc>Makes a variable available globally in all tests and suites.</doc>
<msg timestamp="20241002 18:05:56.610" level="INFO">${orderRes_account_sff} = &lt;env:Envelope xmlns:env="http://schemas.xmlsoap.org/soap/envelope/" xmlns:xsi="http://www.w3.org/2001/XMLSchema-instance"&gt;&lt;env:Header/&gt;&lt;env:Body&gt;&lt;m:ExecuteServiceResponse xmlns:m="http://th/co/ais/sff...</msg>
<status status="PASS" starttime="20241002 18:05:56.608" endtime="20241002 18:05:56.610"/>
</kw>
<return>
<value>${orderResp.content}</value>
<status status="PASS" starttime="20241002 18:05:56.610" endtime="20241002 18:05:56.610"/>
</return>
<msg timestamp="20241002 18:05:56.610" level="INFO">${order} = &lt;env:Envelope xmlns:env="http://schemas.xmlsoap.org/soap/envelope/" xmlns:xsi="http://www.w3.org/2001/XMLSchema-instance"&gt;&lt;env:Header/&gt;&lt;env:Body&gt;&lt;m:ExecuteServiceResponse xmlns:m="http://th/co/ais/sff...</msg>
<status status="PASS" starttime="20241002 18:05:55.474" endtime="20241002 18:05:56.610"/>
</kw>
<kw name="Log" library="BuiltIn">
<arg>${order}</arg>
<doc>Logs the given message with the given level.</doc>
<msg timestamp="20241002 18:05:56.611" level="INFO">&lt;env:Envelope xmlns:env="http://schemas.xmlsoap.org/soap/envelope/" xmlns:xsi="http://www.w3.org/2001/XMLSchema-instance"&gt;&lt;env:Header/&gt;&lt;env:Body&gt;&lt;m:ExecuteServiceResponse xmlns:m="http://th/co/ais/sff/ws"&gt;&lt;m:return&gt;&lt;java:ErrorMessage xmlns:java="java:th.co.ais.sff.domain.gm.vo.ws" xsi:nil="true"/&gt;&lt;java:ParameterList xmlns:java="java:th.co.ais.sff.domain.gm.vo.ws"&gt;&lt;java:ParameterType xsi:nil="true"/&gt;&lt;java:Parameter&gt;&lt;java:Name&gt;resultCode&lt;/java:Name&gt;&lt;java:Value&gt;Y&lt;/java:Value&gt;&lt;/java:Parameter&gt;&lt;java:Parameter&gt;&lt;java:Name&gt;errorCode&lt;/java:Name&gt;&lt;java:Value&gt;000&lt;/java:Value&gt;&lt;/java:Parameter&gt;&lt;java:Parameter&gt;&lt;java:Name&gt;errorMessage&lt;/java:Name&gt;&lt;java:Value&gt;&lt;/java:Value&gt;&lt;/java:Parameter&gt;&lt;java:Parameter&gt;&lt;java:Name&gt;accountNo&lt;/java:Name&gt;&lt;java:Value&gt;32400050511484&lt;/java:Value&gt;&lt;/java:Parameter&gt;&lt;java:Parameter&gt;&lt;java:Name&gt;accountRowId&lt;/java:Name&gt;&lt;java:Value&gt;8a7cc019924bc35101924ce877d717f0&lt;/java:Value&gt;&lt;/java:Parameter&gt;&lt;/java:ParameterList&gt;&lt;/m:return&gt;&lt;/m:ExecuteServiceResponse&gt;&lt;/env:Body&gt;&lt;/env:Envelope&gt;</msg>
<status status="PASS" starttime="20241002 18:05:56.610" endtime="20241002 18:05:56.611"/>
</kw>
<status status="PASS" starttime="20241002 18:05:55.419" endtime="20241002 18:05:56.611"/>
</kw>
<kw name="Parse Xml" library="XML">
<var>${xmlaccount}</var>
<arg>${orderRes_account_sff}</arg>
<doc>Parses the given XML file or string into an element structure.</doc>
<msg timestamp="20241002 18:05:56.611" level="INFO">${xmlaccount} = &lt;Element 'Envelope' at 0x00000268B20FFAB0&gt;</msg>
<status status="PASS" starttime="20241002 18:05:56.611" endtime="20241002 18:05:56.611"/>
</kw>
<kw name="Get Element" library="XML">
<var>${xmlaccount_result}</var>
<arg>${xmlaccount}</arg>
<arg>Body/ExecuteServiceResponse/return/ParameterList</arg>
<doc>Returns an element in the ``source`` matching the ``xpath``.</doc>
<msg timestamp="20241002 18:05:56.611" level="INFO">${xmlaccount_result} = &lt;Element 'ParameterList' at 0x00000268B204CF90&gt;</msg>
<status status="PASS" starttime="20241002 18:05:56.611" endtime="20241002 18:05:56.611"/>
</kw>
<kw name="Get Element Text" library="XML">
<var>${xmlaccount_result_test}</var>
<arg>${xmlaccount_result}</arg>
<doc>Returns all text of the element, possibly whitespace normalized.</doc>
<msg timestamp="20241002 18:05:56.612" level="INFO">${xmlaccount_result_test} = resultCodeYerrorCode000errorMessageaccountNo32400050511484accountRowId8a7cc019924bc35101924ce877d717f0</msg>
<status status="PASS" starttime="20241002 18:05:56.612" endtime="20241002 18:05:56.612"/>
</kw>
<kw name="Get Length" library="BuiltIn">
<var>${len_result}</var>
<arg>${xmlaccount_result}</arg>
<doc>Returns and logs the length of the given item as an integer.</doc>
<msg timestamp="20241002 18:05:56.612" level="INFO">Length is 6</msg>
<msg timestamp="20241002 18:05:56.612" level="INFO">${len_result} = 6</msg>
<status status="PASS" starttime="20241002 18:05:56.612" endtime="20241002 18:05:56.612"/>
</kw>
<for flavor="IN RANGE">
<var>${i}</var>
<value>1</value>
<value>${len_result}-1</value>
<iter>
<var name="${i}">1</var>
<kw name="Set Variable" library="BuiltIn">
<var>${result_name}</var>
<arg>${xmlaccount_result[${i}][0]}</arg>
<doc>Returns the given values which can then be assigned to a variables.</doc>
<msg timestamp="20241002 18:05:56.613" level="INFO">${result_name} = &lt;Element 'Name' at 0x00000268B204D170&gt;</msg>
<status status="PASS" starttime="20241002 18:05:56.613" endtime="20241002 18:05:56.613"/>
</kw>
<kw name="Set Variable" library="BuiltIn">
<var>${result_value}</var>
<arg>${xmlaccount_result[${i}][1]}</arg>
<doc>Returns the given values which can then be assigned to a variables.</doc>
<msg timestamp="20241002 18:05:56.614" level="INFO">${result_value} = &lt;Element 'Value' at 0x00000268B204CD10&gt;</msg>
<status status="PASS" starttime="20241002 18:05:56.613" endtime="20241002 18:05:56.614"/>
</kw>
<kw name="Get Element Text" library="XML">
<var>${result_name_text}</var>
<arg>${result_name}</arg>
<doc>Returns all text of the element, possibly whitespace normalized.</doc>
<msg timestamp="20241002 18:05:56.614" level="INFO">${result_name_text} = resultCode</msg>
<status status="PASS" starttime="20241002 18:05:56.614" endtime="20241002 18:05:56.614"/>
</kw>
<kw name="Get Element Text" library="XML">
<var>${result_value_text}</var>
<arg>${result_value}</arg>
<doc>Returns all text of the element, possibly whitespace normalized.</doc>
<msg timestamp="20241002 18:05:56.615" level="INFO">${result_value_text} = Y</msg>
<status status="PASS" starttime="20241002 18:05:56.614" endtime="20241002 18:05:56.615"/>
</kw>
<kw name="Log" library="BuiltIn">
<arg>${result_name_text}</arg>
<doc>Logs the given message with the given level.</doc>
<msg timestamp="20241002 18:05:56.615" level="INFO">resultCode</msg>
<status status="PASS" starttime="20241002 18:05:56.615" endtime="20241002 18:05:56.615"/>
</kw>
<kw name="Log" library="BuiltIn">
<arg>${result_value_text}</arg>
<doc>Logs the given message with the given level.</doc>
<msg timestamp="20241002 18:05:56.615" level="INFO">Y</msg>
<status status="PASS" starttime="20241002 18:05:56.615" endtime="20241002 18:05:56.615"/>
</kw>
<status status="PASS" starttime="20241002 18:05:56.613" endtime="20241002 18:05:56.615"/>
</iter>
<iter>
<var name="${i}">2</var>
<kw name="Set Variable" library="BuiltIn">
<var>${result_name}</var>
<arg>${xmlaccount_result[${i}][0]}</arg>
<doc>Returns the given values which can then be assigned to a variables.</doc>
<msg timestamp="20241002 18:05:56.616" level="INFO">${result_name} = &lt;Element 'Name' at 0x00000268B204CDB0&gt;</msg>
<status status="PASS" starttime="20241002 18:05:56.615" endtime="20241002 18:05:56.616"/>
</kw>
<kw name="Set Variable" library="BuiltIn">
<var>${result_value}</var>
<arg>${xmlaccount_result[${i}][1]}</arg>
<doc>Returns the given values which can then be assigned to a variables.</doc>
<msg timestamp="20241002 18:05:56.617" level="INFO">${result_value} = &lt;Element 'Value' at 0x00000268B204C8B0&gt;</msg>
<status status="PASS" starttime="20241002 18:05:56.616" endtime="20241002 18:05:56.617"/>
</kw>
<kw name="Get Element Text" library="XML">
<var>${result_name_text}</var>
<arg>${result_name}</arg>
<doc>Returns all text of the element, possibly whitespace normalized.</doc>
<msg timestamp="20241002 18:05:56.617" level="INFO">${result_name_text} = errorCode</msg>
<status status="PASS" starttime="20241002 18:05:56.617" endtime="20241002 18:05:56.617"/>
</kw>
<kw name="Get Element Text" library="XML">
<var>${result_value_text}</var>
<arg>${result_value}</arg>
<doc>Returns all text of the element, possibly whitespace normalized.</doc>
<msg timestamp="20241002 18:05:56.618" level="INFO">${result_value_text} = 000</msg>
<status status="PASS" starttime="20241002 18:05:56.618" endtime="20241002 18:05:56.618"/>
</kw>
<kw name="Log" library="BuiltIn">
<arg>${result_name_text}</arg>
<doc>Logs the given message with the given level.</doc>
<msg timestamp="20241002 18:05:56.618" level="INFO">errorCode</msg>
<status status="PASS" starttime="20241002 18:05:56.618" endtime="20241002 18:05:56.618"/>
</kw>
<kw name="Log" library="BuiltIn">
<arg>${result_value_text}</arg>
<doc>Logs the given message with the given level.</doc>
<msg timestamp="20241002 18:05:56.618" level="INFO">000</msg>
<status status="PASS" starttime="20241002 18:05:56.618" endtime="20241002 18:05:56.618"/>
</kw>
<status status="PASS" starttime="20241002 18:05:56.615" endtime="20241002 18:05:56.618"/>
</iter>
<iter>
<var name="${i}">3</var>
<kw name="Set Variable" library="BuiltIn">
<var>${result_name}</var>
<arg>${xmlaccount_result[${i}][0]}</arg>
<doc>Returns the given values which can then be assigned to a variables.</doc>
<msg timestamp="20241002 18:05:56.619" level="INFO">${result_name} = &lt;Element 'Name' at 0x00000268B204C950&gt;</msg>
<status status="PASS" starttime="20241002 18:05:56.618" endtime="20241002 18:05:56.619"/>
</kw>
<kw name="Set Variable" library="BuiltIn">
<var>${result_value}</var>
<arg>${xmlaccount_result[${i}][1]}</arg>
<doc>Returns the given values which can then be assigned to a variables.</doc>
<msg timestamp="20241002 18:05:56.620" level="INFO">${result_value} = &lt;Element 'Value' at 0x00000268B204CA90&gt;</msg>
<status status="PASS" starttime="20241002 18:05:56.619" endtime="20241002 18:05:56.620"/>
</kw>
<kw name="Get Element Text" library="XML">
<var>${result_name_text}</var>
<arg>${result_name}</arg>
<doc>Returns all text of the element, possibly whitespace normalized.</doc>
<msg timestamp="20241002 18:05:56.620" level="INFO">${result_name_text} = errorMessage</msg>
<status status="PASS" starttime="20241002 18:05:56.620" endtime="20241002 18:05:56.620"/>
</kw>
<kw name="Get Element Text" library="XML">
<var>${result_value_text}</var>
<arg>${result_value}</arg>
<doc>Returns all text of the element, possibly whitespace normalized.</doc>
<msg timestamp="20241002 18:05:56.620" level="INFO">${result_value_text} = </msg>
<status status="PASS" starttime="20241002 18:05:56.620" endtime="20241002 18:05:56.620"/>
</kw>
<kw name="Log" library="BuiltIn">
<arg>${result_name_text}</arg>
<doc>Logs the given message with the given level.</doc>
<msg timestamp="20241002 18:05:56.620" level="INFO">errorMessage</msg>
<status status="PASS" starttime="20241002 18:05:56.620" endtime="20241002 18:05:56.621"/>
</kw>
<kw name="Log" library="BuiltIn">
<arg>${result_value_text}</arg>
<doc>Logs the given message with the given level.</doc>
<msg timestamp="20241002 18:05:56.621" level="INFO"/>
<status status="PASS" starttime="20241002 18:05:56.621" endtime="20241002 18:05:56.621"/>
</kw>
<status status="PASS" starttime="20241002 18:05:56.618" endtime="20241002 18:05:56.621"/>
</iter>
<iter>
<var name="${i}">4</var>
<kw name="Set Variable" library="BuiltIn">
<var>${result_name}</var>
<arg>${xmlaccount_result[${i}][0]}</arg>
<doc>Returns the given values which can then be assigned to a variables.</doc>
<msg timestamp="20241002 18:05:56.622" level="INFO">${result_name} = &lt;Element 'Name' at 0x00000268B204CA40&gt;</msg>
<status status="PASS" starttime="20241002 18:05:56.621" endtime="20241002 18:05:56.622"/>
</kw>
<kw name="Set Variable" library="BuiltIn">
<var>${result_value}</var>
<arg>${xmlaccount_result[${i}][1]}</arg>
<doc>Returns the given values which can then be assigned to a variables.</doc>
<msg timestamp="20241002 18:05:56.623" level="INFO">${result_value} = &lt;Element 'Value' at 0x00000268B204CBD0&gt;</msg>
<status status="PASS" starttime="20241002 18:05:56.622" endtime="20241002 18:05:56.623"/>
</kw>
<kw name="Get Element Text" library="XML">
<var>${result_name_text}</var>
<arg>${result_name}</arg>
<doc>Returns all text of the element, possibly whitespace normalized.</doc>
<msg timestamp="20241002 18:05:56.623" level="INFO">${result_name_text} = accountNo</msg>
<status status="PASS" starttime="20241002 18:05:56.623" endtime="20241002 18:05:56.623"/>
</kw>
<kw name="Get Element Text" library="XML">
<var>${result_value_text}</var>
<arg>${result_value}</arg>
<doc>Returns all text of the element, possibly whitespace normalized.</doc>
<msg timestamp="20241002 18:05:56.623" level="INFO">${result_value_text} = 32400050511484</msg>
<status status="PASS" starttime="20241002 18:05:56.623" endtime="20241002 18:05:56.624"/>
</kw>
<kw name="Log" library="BuiltIn">
<arg>${result_name_text}</arg>
<doc>Logs the given message with the given level.</doc>
<msg timestamp="20241002 18:05:56.624" level="INFO">accountNo</msg>
<status status="PASS" starttime="20241002 18:05:56.624" endtime="20241002 18:05:56.624"/>
</kw>
<kw name="Log" library="BuiltIn">
<arg>${result_value_text}</arg>
<doc>Logs the given message with the given level.</doc>
<msg timestamp="20241002 18:05:56.624" level="INFO">32400050511484</msg>
<status status="PASS" starttime="20241002 18:05:56.624" endtime="20241002 18:05:56.624"/>
</kw>
<status status="PASS" starttime="20241002 18:05:56.621" endtime="20241002 18:05:56.624"/>
</iter>
<status status="PASS" starttime="20241002 18:05:56.612" endtime="20241002 18:05:56.624"/>
</for>
<kw name="Log" library="BuiltIn">
<arg>${xmlaccount_result_test}</arg>
<doc>Logs the given message with the given level.</doc>
<msg timestamp="20241002 18:05:56.624" level="INFO">resultCodeYerrorCode000errorMessageaccountNo32400050511484accountRowId8a7cc019924bc35101924ce877d717f0</msg>
<status status="PASS" starttime="20241002 18:05:56.624" endtime="20241002 18:05:56.624"/>
</kw>
<status status="PASS" starttime="20241002 18:05:55.418" endtime="20241002 18:05:56.624"/>
</test>
<status status="PASS" starttime="20241002 18:05:54.235" endtime="20241002 18:05:56.625"/>
</suite>
<statistics>
<total>
<stat pass="1" fail="0" skip="0">All Tests</stat>
</total>
<tag>
</tag>
<suite>
<stat pass="1" fail="0" skip="0" id="s1" name="Test">Test</stat>
</suite>
</statistics>
<errors>
</errors>
</robot>
